<?xml version="1.0" encoding="UTF-8"?>
<coverage generated="1706099869">
  <project timestamp="1706099869">
    <file name="/app/src/Controller/AuthorizationController.php">
      <class name="App\Controller\AuthorizationController" namespace="global">
        <metrics complexity="3" methods="2" coveredmethods="0" conditionals="0" coveredconditionals="0" statements="8" coveredstatements="4" elements="10" coveredelements="4"/>
      </class>
      <line num="14" type="method" name="login" visibility="public" complexity="2" crap="2.31" count="4"/>
      <line num="22" type="stmt" count="4"/>
      <line num="23" type="stmt" count="0"/>
      <line num="24" type="stmt" count="0"/>
      <line num="25" type="stmt" count="0"/>
      <line num="27" type="stmt" count="4"/>
      <line num="28" type="stmt" count="4"/>
      <line num="29" type="stmt" count="4"/>
      <line num="35" type="method" name="logout" visibility="public" complexity="1" crap="2" count="0"/>
      <line num="43" type="stmt" count="0"/>
      <metrics loc="46" ncloc="43" classes="1" methods="2" coveredmethods="0" conditionals="0" coveredconditionals="0" statements="8" coveredstatements="4" elements="10" coveredelements="4"/>
    </file>
    <file name="/app/src/DataFixtures/AppFixtures.php">
      <class name="App\DataFixtures\AppFixtures" namespace="global">
        <metrics complexity="1" methods="1" coveredmethods="0" conditionals="0" coveredconditionals="0" statements="5" coveredstatements="0" elements="6" coveredelements="0"/>
      </class>
      <line num="13" type="method" name="load" visibility="public" complexity="1" crap="2" count="0"/>
      <line num="15" type="stmt" count="0"/>
      <line num="16" type="stmt" count="0"/>
      <line num="17" type="stmt" count="0"/>
      <line num="18" type="stmt" count="0"/>
      <line num="19" type="stmt" count="0"/>
      <metrics loc="22" ncloc="22" classes="1" methods="1" coveredmethods="0" conditionals="0" coveredconditionals="0" statements="5" coveredstatements="0" elements="6" coveredelements="0"/>
    </file>
    <file name="/app/src/DataFixtures/CheckRelationFixtures.php">
      <class name="App\DataFixtures\CheckRelationFixtures" namespace="global">
        <metrics complexity="2" methods="1" coveredmethods="0" conditionals="0" coveredconditionals="0" statements="26" coveredstatements="0" elements="27" coveredelements="0"/>
      </class>
      <line num="14" type="method" name="load" visibility="public" complexity="2" crap="6" count="0"/>
      <line num="16" type="stmt" count="0"/>
      <line num="18" type="stmt" count="0"/>
      <line num="19" type="stmt" count="0"/>
      <line num="20" type="stmt" count="0"/>
      <line num="21" type="stmt" count="0"/>
      <line num="22" type="stmt" count="0"/>
      <line num="24" type="stmt" count="0"/>
      <line num="25" type="stmt" count="0"/>
      <line num="26" type="stmt" count="0"/>
      <line num="27" type="stmt" count="0"/>
      <line num="28" type="stmt" count="0"/>
      <line num="29" type="stmt" count="0"/>
      <line num="30" type="stmt" count="0"/>
      <line num="31" type="stmt" count="0"/>
      <line num="33" type="stmt" count="0"/>
      <line num="34" type="stmt" count="0"/>
      <line num="35" type="stmt" count="0"/>
      <line num="36" type="stmt" count="0"/>
      <line num="37" type="stmt" count="0"/>
      <line num="38" type="stmt" count="0"/>
      <line num="40" type="stmt" count="0"/>
      <line num="41" type="stmt" count="0"/>
      <line num="42" type="stmt" count="0"/>
      <line num="43" type="stmt" count="0"/>
      <line num="44" type="stmt" count="0"/>
      <line num="46" type="stmt" count="0"/>
      <metrics loc="49" ncloc="49" classes="1" methods="1" coveredmethods="0" conditionals="0" coveredconditionals="0" statements="26" coveredstatements="0" elements="27" coveredelements="0"/>
    </file>
    <file name="/app/src/Entity/Game.php">
      <class name="App\Entity\Game" namespace="global">
        <metrics complexity="15" methods="12" coveredmethods="10" conditionals="0" coveredconditionals="0" statements="22" coveredstatements="14" elements="34" coveredelements="24"/>
      </class>
      <line num="80" type="method" name="__construct" visibility="public" complexity="1" crap="1" count="15"/>
      <line num="82" type="stmt" count="15"/>
      <line num="83" type="stmt" count="15"/>
      <line num="86" type="method" name="getId" visibility="public" complexity="1" crap="1" count="6"/>
      <line num="88" type="stmt" count="6"/>
      <line num="91" type="method" name="getTitle" visibility="public" complexity="1" crap="1" count="8"/>
      <line num="93" type="stmt" count="8"/>
      <line num="96" type="method" name="setTitle" visibility="public" complexity="1" crap="1" count="12"/>
      <line num="98" type="stmt" count="12"/>
      <line num="100" type="stmt" count="12"/>
      <line num="103" type="method" name="getDescription" visibility="public" complexity="1" crap="1" count="7"/>
      <line num="105" type="stmt" count="7"/>
      <line num="108" type="method" name="setDescription" visibility="public" complexity="1" crap="1" count="12"/>
      <line num="110" type="stmt" count="12"/>
      <line num="112" type="stmt" count="12"/>
      <line num="115" type="method" name="getPrice" visibility="public" complexity="1" crap="1" count="7"/>
      <line num="117" type="stmt" count="7"/>
      <line num="120" type="method" name="setPrice" visibility="public" complexity="1" crap="1" count="12"/>
      <line num="122" type="stmt" count="12"/>
      <line num="124" type="stmt" count="12"/>
      <line num="127" type="method" name="getPublishedAt" visibility="public" complexity="1" crap="1" count="8"/>
      <line num="129" type="stmt" count="8"/>
      <line num="135" type="method" name="getPurchasedGames" visibility="public" complexity="1" crap="1" count="8"/>
      <line num="137" type="stmt" count="8"/>
      <line num="140" type="method" name="addPurchasedGame" visibility="public" complexity="2" crap="6" count="0"/>
      <line num="142" type="stmt" count="0"/>
      <line num="143" type="stmt" count="0"/>
      <line num="144" type="stmt" count="0"/>
      <line num="147" type="stmt" count="0"/>
      <line num="150" type="method" name="removePurchasedGame" visibility="public" complexity="3" crap="12" count="0"/>
      <line num="153" type="stmt" count="0"/>
      <line num="154" type="stmt" count="0"/>
      <line num="156" type="stmt" count="0"/>
      <line num="159" type="stmt" count="0"/>
      <metrics loc="162" ncloc="159" classes="1" methods="12" coveredmethods="10" conditionals="0" coveredconditionals="0" statements="22" coveredstatements="14" elements="34" coveredelements="24"/>
    </file>
    <file name="/app/src/Entity/PurchasedGame.php">
      <class name="App\Entity\PurchasedGame" namespace="global">
        <metrics complexity="9" methods="9" coveredmethods="7" conditionals="0" coveredconditionals="0" statements="13" coveredstatements="10" elements="22" coveredelements="17"/>
      </class>
      <line num="57" type="method" name="__construct" visibility="public" complexity="1" crap="1" count="2"/>
      <line num="59" type="stmt" count="2"/>
      <line num="60" type="stmt" count="2"/>
      <line num="63" type="method" name="getId" visibility="public" complexity="1" crap="2" count="0"/>
      <line num="65" type="stmt" count="0"/>
      <line num="68" type="method" name="getHoursOfPlaying" visibility="public" complexity="1" crap="1" count="1"/>
      <line num="70" type="stmt" count="1"/>
      <line num="73" type="method" name="setHoursOfPlaying" visibility="public" complexity="1" crap="2" count="0"/>
      <line num="75" type="stmt" count="0"/>
      <line num="77" type="stmt" count="0"/>
      <line num="80" type="method" name="getBoughtAt" visibility="public" complexity="1" crap="1" count="1"/>
      <line num="82" type="stmt" count="1"/>
      <line num="85" type="method" name="getUser" visibility="public" complexity="1" crap="1" count="1"/>
      <line num="87" type="stmt" count="1"/>
      <line num="90" type="method" name="setUser" visibility="public" complexity="1" crap="1" count="1"/>
      <line num="92" type="stmt" count="1"/>
      <line num="94" type="stmt" count="1"/>
      <line num="97" type="method" name="getGame" visibility="public" complexity="1" crap="1" count="1"/>
      <line num="99" type="stmt" count="1"/>
      <line num="102" type="method" name="setGame" visibility="public" complexity="1" crap="1" count="1"/>
      <line num="104" type="stmt" count="1"/>
      <line num="106" type="stmt" count="1"/>
      <metrics loc="109" ncloc="109" classes="1" methods="9" coveredmethods="7" conditionals="0" coveredconditionals="0" statements="13" coveredstatements="10" elements="22" coveredelements="17"/>
    </file>
    <file name="/app/src/Entity/Token.php">
      <class name="App\Entity\Token" namespace="global">
        <metrics complexity="12" methods="11" coveredmethods="8" conditionals="0" coveredconditionals="0" statements="23" coveredstatements="19" elements="34" coveredelements="27"/>
      </class>
      <line num="36" type="method" name="__construct" visibility="public" complexity="1" crap="1" count="2"/>
      <line num="38" type="stmt" count="2"/>
      <line num="39" type="stmt" count="2"/>
      <line num="42" type="method" name="getId" visibility="public" complexity="1" crap="2" count="0"/>
      <line num="44" type="stmt" count="0"/>
      <line num="47" type="method" name="getOwnedBy" visibility="public" complexity="1" crap="1" count="1"/>
      <line num="49" type="stmt" count="1"/>
      <line num="52" type="method" name="setOwnedBy" visibility="public" complexity="1" crap="1" count="1"/>
      <line num="54" type="stmt" count="1"/>
      <line num="56" type="stmt" count="1"/>
      <line num="57" type="stmt" count="1"/>
      <line num="58" type="stmt" count="1"/>
      <line num="59" type="stmt" count="1"/>
      <line num="61" type="stmt" count="1"/>
      <line num="62" type="stmt" count="1"/>
      <line num="64" type="stmt" count="1"/>
      <line num="66" type="stmt" count="1"/>
      <line num="69" type="method" name="getExpiresAt" visibility="public" complexity="1" crap="1" count="1"/>
      <line num="71" type="stmt" count="1"/>
      <line num="74" type="method" name="setExpiresAt" visibility="public" complexity="1" crap="2" count="0"/>
      <line num="76" type="stmt" count="0"/>
      <line num="78" type="stmt" count="0"/>
      <line num="81" type="method" name="getToken" visibility="public" complexity="1" crap="1" count="1"/>
      <line num="83" type="stmt" count="1"/>
      <line num="86" type="method" name="setToken" visibility="public" complexity="1" crap="1" count="1"/>
      <line num="88" type="stmt" count="1"/>
      <line num="90" type="stmt" count="1"/>
      <line num="93" type="method" name="getScopes" visibility="public" complexity="1" crap="1" count="1"/>
      <line num="95" type="stmt" count="1"/>
      <line num="98" type="method" name="setScopes" visibility="public" complexity="1" crap="1" count="1"/>
      <line num="100" type="stmt" count="1"/>
      <line num="102" type="stmt" count="1"/>
      <line num="105" type="method" name="isValid" visibility="public" complexity="2" crap="6" count="0"/>
      <line num="107" type="stmt" count="0"/>
      <metrics loc="110" ncloc="109" classes="1" methods="11" coveredmethods="8" conditionals="0" coveredconditionals="0" statements="23" coveredstatements="19" elements="34" coveredelements="27"/>
    </file>
    <file name="/app/src/Entity/User.php">
      <class name="App\Entity\User" namespace="global">
        <metrics complexity="33" methods="27" coveredmethods="23" conditionals="0" coveredconditionals="0" statements="52" coveredstatements="36" elements="79" coveredelements="59"/>
      </class>
      <line num="117" type="method" name="__construct" visibility="public" complexity="1" crap="1" count="8"/>
      <line num="119" type="stmt" count="8"/>
      <line num="120" type="stmt" count="8"/>
      <line num="121" type="stmt" count="8"/>
      <line num="122" type="stmt" count="8"/>
      <line num="125" type="method" name="getId" visibility="public" complexity="1" crap="1" count="5"/>
      <line num="127" type="stmt" count="5"/>
      <line num="130" type="method" name="getLogin" visibility="public" complexity="1" crap="1" count="2"/>
      <line num="132" type="stmt" count="2"/>
      <line num="135" type="method" name="setLogin" visibility="public" complexity="1" crap="1" count="5"/>
      <line num="137" type="stmt" count="5"/>
      <line num="139" type="stmt" count="5"/>
      <line num="147" type="method" name="getUserIdentifier" visibility="public" complexity="1" crap="1" count="4"/>
      <line num="149" type="stmt" count="4"/>
      <line num="155" type="method" name="getRoles" visibility="public" complexity="1" crap="1" count="6"/>
      <line num="157" type="stmt" count="6"/>
      <line num="159" type="stmt" count="6"/>
      <line num="161" type="stmt" count="6"/>
      <line num="164" type="method" name="setRoles" visibility="public" complexity="1" crap="1" count="5"/>
      <line num="166" type="stmt" count="5"/>
      <line num="168" type="stmt" count="5"/>
      <line num="174" type="method" name="getPassword" visibility="public" complexity="1" crap="1" count="5"/>
      <line num="176" type="stmt" count="5"/>
      <line num="179" type="method" name="setPassword" visibility="public" complexity="1" crap="1" count="5"/>
      <line num="181" type="stmt" count="5"/>
      <line num="183" type="stmt" count="5"/>
      <line num="189" type="method" name="eraseCredentials" visibility="public" complexity="1" crap="1" count="4"/>
      <line num="193" type="stmt" count="4"/>
      <line num="195" type="method" name="getNickname" visibility="public" complexity="1" crap="1" count="1"/>
      <line num="197" type="stmt" count="1"/>
      <line num="200" type="method" name="setNickname" visibility="public" complexity="1" crap="1" count="5"/>
      <line num="202" type="stmt" count="5"/>
      <line num="204" type="stmt" count="5"/>
      <line num="207" type="method" name="getBalance" visibility="public" complexity="1" crap="1" count="1"/>
      <line num="209" type="stmt" count="1"/>
      <line num="212" type="method" name="setBalance" visibility="public" complexity="1" crap="1" count="4"/>
      <line num="214" type="stmt" count="4"/>
      <line num="216" type="stmt" count="4"/>
      <line num="219" type="method" name="getFirstName" visibility="public" complexity="1" crap="1" count="1"/>
      <line num="221" type="stmt" count="1"/>
      <line num="224" type="method" name="setFirstName" visibility="public" complexity="1" crap="1" count="1"/>
      <line num="226" type="stmt" count="1"/>
      <line num="228" type="stmt" count="1"/>
      <line num="231" type="method" name="getLastName" visibility="public" complexity="1" crap="1" count="1"/>
      <line num="233" type="stmt" count="1"/>
      <line num="236" type="method" name="setLastName" visibility="public" complexity="1" crap="1" count="1"/>
      <line num="238" type="stmt" count="1"/>
      <line num="240" type="stmt" count="1"/>
      <line num="243" type="method" name="getCreatedAt" visibility="public" complexity="1" crap="1" count="1"/>
      <line num="245" type="stmt" count="1"/>
      <line num="248" type="method" name="getEmail" visibility="public" complexity="1" crap="1" count="2"/>
      <line num="250" type="stmt" count="2"/>
      <line num="253" type="method" name="setEmail" visibility="public" complexity="1" crap="1" count="5"/>
      <line num="255" type="stmt" count="5"/>
      <line num="257" type="stmt" count="5"/>
      <line num="263" type="method" name="getPurchasedGames" visibility="public" complexity="1" crap="1" count="1"/>
      <line num="265" type="stmt" count="1"/>
      <line num="268" type="method" name="addPurchasedGame" visibility="public" complexity="2" crap="6" count="0"/>
      <line num="270" type="stmt" count="0"/>
      <line num="271" type="stmt" count="0"/>
      <line num="272" type="stmt" count="0"/>
      <line num="275" type="stmt" count="0"/>
      <line num="278" type="method" name="removePurchasedGame" visibility="public" complexity="3" crap="12" count="0"/>
      <line num="281" type="stmt" count="0"/>
      <line num="282" type="stmt" count="0"/>
      <line num="284" type="stmt" count="0"/>
      <line num="287" type="stmt" count="0"/>
      <line num="293" type="method" name="getTokens" visibility="public" complexity="1" crap="1" count="1"/>
      <line num="295" type="stmt" count="1"/>
      <line num="298" type="method" name="addToken" visibility="public" complexity="2" crap="6" count="0"/>
      <line num="300" type="stmt" count="0"/>
      <line num="301" type="stmt" count="0"/>
      <line num="302" type="stmt" count="0"/>
      <line num="305" type="stmt" count="0"/>
      <line num="308" type="method" name="removeToken" visibility="public" complexity="3" crap="12" count="0"/>
      <line num="311" type="stmt" count="0"/>
      <line num="312" type="stmt" count="0"/>
      <line num="314" type="stmt" count="0"/>
      <line num="317" type="stmt" count="0"/>
      <metrics loc="320" ncloc="294" classes="1" methods="27" coveredmethods="23" conditionals="0" coveredconditionals="0" statements="52" coveredstatements="36" elements="79" coveredelements="59"/>
    </file>
    <file name="/app/src/Factory/GameFactory.php">
      <class name="App\Factory\GameFactory" namespace="global">
        <metrics complexity="5" methods="4" coveredmethods="3" conditionals="0" coveredconditionals="0" statements="11" coveredstatements="9" elements="15" coveredelements="12"/>
      </class>
      <line num="33" type="method" name="generator" visibility="public" complexity="2" crap="6" count="0"/>
      <line num="35" type="stmt" count="0"/>
      <line num="37" type="stmt" count="0"/>
      <line num="47" type="method" name="getDefaults" visibility="protected" complexity="1" crap="1" count="8"/>
      <line num="49" type="stmt" count="8"/>
      <line num="50" type="stmt" count="8"/>
      <line num="51" type="stmt" count="8"/>
      <line num="52" type="stmt" count="8"/>
      <line num="53" type="stmt" count="8"/>
      <line num="59" type="method" name="initialize" visibility="protected" complexity="1" crap="1" count="8"/>
      <line num="61" type="stmt" count="8"/>
      <line num="62" type="stmt" count="8"/>
      <line num="63" type="stmt" count="8"/>
      <line num="66" type="method" name="getClass" visibility="protected" complexity="1" crap="1" count="12"/>
      <line num="68" type="stmt" count="12"/>
      <metrics loc="71" ncloc="43" classes="1" methods="4" coveredmethods="3" conditionals="0" coveredconditionals="0" statements="11" coveredstatements="9" elements="15" coveredelements="12"/>
    </file>
    <file name="/app/src/Factory/PurchasedGameFactory.php">
      <class name="App\Factory\PurchasedGameFactory" namespace="global">
        <metrics complexity="3" methods="3" coveredmethods="1" conditionals="0" coveredconditionals="0" statements="9" coveredstatements="1" elements="12" coveredelements="2"/>
      </class>
      <line num="37" type="method" name="getDefaults" visibility="protected" complexity="1" crap="2" count="0"/>
      <line num="39" type="stmt" count="0"/>
      <line num="40" type="stmt" count="0"/>
      <line num="41" type="stmt" count="0"/>
      <line num="42" type="stmt" count="0"/>
      <line num="43" type="stmt" count="0"/>
      <line num="49" type="method" name="initialize" visibility="protected" complexity="1" crap="2" count="0"/>
      <line num="51" type="stmt" count="0"/>
      <line num="52" type="stmt" count="0"/>
      <line num="53" type="stmt" count="0"/>
      <line num="56" type="method" name="getClass" visibility="protected" complexity="1" crap="1" count="4"/>
      <line num="58" type="stmt" count="4"/>
      <metrics loc="61" ncloc="34" classes="1" methods="3" coveredmethods="1" conditionals="0" coveredconditionals="0" statements="9" coveredstatements="1" elements="12" coveredelements="2"/>
    </file>
    <file name="/app/src/Factory/TokenFactory.php">
      <class name="App\Factory\TokenFactory" namespace="global">
        <metrics complexity="3" methods="3" coveredmethods="1" conditionals="0" coveredconditionals="0" statements="8" coveredstatements="1" elements="11" coveredelements="2"/>
      </class>
      <line num="37" type="method" name="getDefaults" visibility="protected" complexity="1" crap="2" count="0"/>
      <line num="39" type="stmt" count="0"/>
      <line num="40" type="stmt" count="0"/>
      <line num="41" type="stmt" count="0"/>
      <line num="42" type="stmt" count="0"/>
      <line num="48" type="method" name="initialize" visibility="protected" complexity="1" crap="2" count="0"/>
      <line num="50" type="stmt" count="0"/>
      <line num="51" type="stmt" count="0"/>
      <line num="52" type="stmt" count="0"/>
      <line num="55" type="method" name="getClass" visibility="protected" complexity="1" crap="1" count="4"/>
      <line num="57" type="stmt" count="4"/>
      <metrics loc="60" ncloc="33" classes="1" methods="3" coveredmethods="1" conditionals="0" coveredconditionals="0" statements="8" coveredstatements="1" elements="11" coveredelements="2"/>
    </file>
    <file name="/app/src/Factory/UserFactory.php">
      <class name="App\Factory\UserFactory" namespace="global">
        <metrics complexity="4" methods="4" coveredmethods="4" conditionals="0" coveredconditionals="0" statements="18" coveredstatements="18" elements="22" coveredelements="22"/>
      </class>
      <line num="34" type="method" name="__construct" visibility="public" complexity="1" crap="1" count="4"/>
      <line num="37" type="stmt" count="4"/>
      <line num="46" type="method" name="getDefaults" visibility="protected" complexity="1" crap="1" count="4"/>
      <line num="48" type="stmt" count="4"/>
      <line num="49" type="stmt" count="4"/>
      <line num="50" type="stmt" count="4"/>
      <line num="51" type="stmt" count="4"/>
      <line num="52" type="stmt" count="4"/>
      <line num="53" type="stmt" count="4"/>
      <line num="54" type="stmt" count="4"/>
      <line num="55" type="stmt" count="4"/>
      <line num="61" type="method" name="initialize" visibility="protected" complexity="1" crap="1" count="4"/>
      <line num="63" type="stmt" count="4"/>
      <line num="64" type="stmt" count="4"/>
      <line num="65" type="stmt" count="4"/>
      <line num="66" type="stmt" count="4"/>
      <line num="67" type="stmt" count="4"/>
      <line num="68" type="stmt" count="4"/>
      <line num="69" type="stmt" count="4"/>
      <line num="70" type="stmt" count="4"/>
      <line num="73" type="method" name="getClass" visibility="protected" complexity="1" crap="1" count="4"/>
      <line num="75" type="stmt" count="4"/>
      <metrics loc="78" ncloc="50" classes="1" methods="4" coveredmethods="4" conditionals="0" coveredconditionals="0" statements="18" coveredstatements="18" elements="22" coveredelements="22"/>
    </file>
    <file name="/app/src/Kernel.php">
      <class name="App\Kernel" namespace="global">
        <metrics complexity="0" methods="0" coveredmethods="0" conditionals="0" coveredconditionals="0" statements="0" coveredstatements="0" elements="0" coveredelements="0"/>
      </class>
      <metrics loc="12" ncloc="12" classes="0" methods="0" coveredmethods="0" conditionals="0" coveredconditionals="0" statements="0" coveredstatements="0" elements="0" coveredelements="0"/>
    </file>
    <file name="/app/src/Repository/GamesRepository.php">
      <class name="App\Repository\GamesRepository" namespace="global">
        <metrics complexity="1" methods="1" coveredmethods="1" conditionals="0" coveredconditionals="0" statements="1" coveredstatements="1" elements="2" coveredelements="2"/>
      </class>
      <line num="19" type="method" name="__construct" visibility="public" complexity="1" crap="1" count="11"/>
      <line num="21" type="stmt" count="11"/>
      <metrics loc="49" ncloc="18" classes="1" methods="1" coveredmethods="1" conditionals="0" coveredconditionals="0" statements="1" coveredstatements="1" elements="2" coveredelements="2"/>
    </file>
    <file name="/app/src/Repository/PurchasedGameRepository.php">
      <class name="App\Repository\PurchasedGameRepository" namespace="global">
        <metrics complexity="1" methods="1" coveredmethods="0" conditionals="0" coveredconditionals="0" statements="1" coveredstatements="0" elements="2" coveredelements="0"/>
      </class>
      <line num="19" type="method" name="__construct" visibility="public" complexity="1" crap="2" count="0"/>
      <line num="21" type="stmt" count="0"/>
      <metrics loc="49" ncloc="18" classes="1" methods="1" coveredmethods="0" conditionals="0" coveredconditionals="0" statements="1" coveredstatements="0" elements="2" coveredelements="0"/>
    </file>
    <file name="/app/src/Repository/TokenRepository.php">
      <class name="App\Repository\TokenRepository" namespace="global">
        <metrics complexity="1" methods="1" coveredmethods="1" conditionals="0" coveredconditionals="0" statements="1" coveredstatements="1" elements="2" coveredelements="2"/>
      </class>
      <line num="19" type="method" name="__construct" visibility="public" complexity="1" crap="1" count="13"/>
      <line num="21" type="stmt" count="13"/>
      <metrics loc="49" ncloc="18" classes="1" methods="1" coveredmethods="1" conditionals="0" coveredconditionals="0" statements="1" coveredstatements="1" elements="2" coveredelements="2"/>
    </file>
    <file name="/app/src/Repository/UserRepository.php">
      <class name="App\Repository\UserRepository" namespace="global">
        <metrics complexity="3" methods="2" coveredmethods="1" conditionals="0" coveredconditionals="0" statements="6" coveredstatements="1" elements="8" coveredelements="2"/>
      </class>
      <line num="24" type="method" name="__construct" visibility="public" complexity="1" crap="1" count="4"/>
      <line num="26" type="stmt" count="4"/>
      <line num="32" type="method" name="upgradePassword" visibility="public" complexity="2" crap="6" count="0"/>
      <line num="34" type="stmt" count="0"/>
      <line num="35" type="stmt" count="0"/>
      <line num="38" type="stmt" count="0"/>
      <line num="39" type="stmt" count="0"/>
      <line num="40" type="stmt" count="0"/>
      <metrics loc="68" ncloc="32" classes="1" methods="2" coveredmethods="1" conditionals="0" coveredconditionals="0" statements="6" coveredstatements="1" elements="8" coveredelements="2"/>
    </file>
    <file name="/app/src/Security/ApiTokenHandler.php">
      <class name="App\Security\ApiTokenHandler" namespace="global">
        <metrics complexity="4" methods="2" coveredmethods="1" conditionals="0" coveredconditionals="0" statements="7" coveredstatements="1" elements="9" coveredelements="2"/>
      </class>
      <line num="13" type="method" name="__construct" visibility="public" complexity="1" crap="1" count="13"/>
      <line num="16" type="stmt" count="13"/>
      <line num="17" type="method" name="getUserBadgeFrom" visibility="public" complexity="3" crap="12" count="0"/>
      <line num="19" type="stmt" count="0"/>
      <line num="20" type="stmt" count="0"/>
      <line num="22" type="stmt" count="0"/>
      <line num="25" type="stmt" count="0"/>
      <line num="27" type="stmt" count="0"/>
      <line num="30" type="stmt" count="0"/>
      <metrics loc="33" ncloc="33" classes="1" methods="2" coveredmethods="1" conditionals="0" coveredconditionals="0" statements="7" coveredstatements="1" elements="9" coveredelements="2"/>
    </file>
    <metrics files="17" loc="1348" ncloc="1076" classes="16" methods="84" coveredmethods="61" conditionals="0" coveredconditionals="0" statements="211" coveredstatements="116" elements="295" coveredelements="177"/>
  </project>
</coverage>
