<?xml version="1.0" encoding="UTF-8"?>
<coverage generated="1709282742">
  <project timestamp="1709282742">
    <file name="/app/src/Controller/AccountFundingController.php">
      <class name="App\Controller\AccountFundingController" namespace="global">
        <metrics complexity="5" methods="2" coveredmethods="0" conditionals="0" coveredconditionals="0" statements="25" coveredstatements="0" elements="27" coveredelements="0"/>
      </class>
      <line num="18" type="method" name="__construct" visibility="public" complexity="1" crap="2" count="0"/>
      <line num="23" type="stmt" count="0"/>
      <line num="25" type="method" name="fund" visibility="public" complexity="4" crap="20" count="0"/>
      <line num="32" type="stmt" count="0"/>
      <line num="34" type="stmt" count="0"/>
      <line num="35" type="stmt" count="0"/>
      <line num="36" type="stmt" count="0"/>
      <line num="37" type="stmt" count="0"/>
      <line num="38" type="stmt" count="0"/>
      <line num="39" type="stmt" count="0"/>
      <line num="40" type="stmt" count="0"/>
      <line num="43" type="stmt" count="0"/>
      <line num="44" type="stmt" count="0"/>
      <line num="47" type="stmt" count="0"/>
      <line num="49" type="stmt" count="0"/>
      <line num="50" type="stmt" count="0"/>
      <line num="51" type="stmt" count="0"/>
      <line num="52" type="stmt" count="0"/>
      <line num="53" type="stmt" count="0"/>
      <line num="54" type="stmt" count="0"/>
      <line num="55" type="stmt" count="0"/>
      <line num="58" type="stmt" count="0"/>
      <line num="59" type="stmt" count="0"/>
      <line num="60" type="stmt" count="0"/>
      <line num="61" type="stmt" count="0"/>
      <line num="62" type="stmt" count="0"/>
      <line num="63" type="stmt" count="0"/>
      <metrics loc="65" ncloc="65" classes="1" methods="2" coveredmethods="0" conditionals="0" coveredconditionals="0" statements="25" coveredstatements="0" elements="27" coveredelements="0"/>
    </file>
    <file name="/app/src/Controller/AuthorizationController.php">
      <class name="App\Controller\AuthorizationController" namespace="global">
        <metrics complexity="16" methods="4" coveredmethods="1" conditionals="0" coveredconditionals="0" statements="72" coveredstatements="44" elements="76" coveredelements="45"/>
      </class>
      <line num="22" type="method" name="__construct" visibility="public" complexity="1" crap="1" count="5"/>
      <line num="26" type="stmt" count="5"/>
      <line num="31" type="method" name="login" visibility="public" complexity="5" crap="5.81" count="2"/>
      <line num="83" type="stmt" count="2"/>
      <line num="85" type="stmt" count="2"/>
      <line num="86" type="stmt" count="1"/>
      <line num="87" type="stmt" count="1"/>
      <line num="88" type="stmt" count="1"/>
      <line num="89" type="stmt" count="1"/>
      <line num="90" type="stmt" count="1"/>
      <line num="91" type="stmt" count="1"/>
      <line num="95" type="stmt" count="1"/>
      <line num="96" type="stmt" count="0"/>
      <line num="97" type="stmt" count="0"/>
      <line num="98" type="stmt" count="0"/>
      <line num="99" type="stmt" count="0"/>
      <line num="100" type="stmt" count="0"/>
      <line num="101" type="stmt" count="0"/>
      <line num="102" type="stmt" count="0"/>
      <line num="105" type="stmt" count="1"/>
      <line num="106" type="stmt" count="1"/>
      <line num="107" type="stmt" count="1"/>
      <line num="108" type="stmt" count="1"/>
      <line num="109" type="stmt" count="1"/>
      <line num="110" type="stmt" count="1"/>
      <line num="113" type="method" name="logout" visibility="public" complexity="2" crap="2.41" count="1"/>
      <line num="149" type="stmt" count="1"/>
      <line num="152" type="stmt" count="1"/>
      <line num="153" type="stmt" count="0"/>
      <line num="154" type="stmt" count="0"/>
      <line num="155" type="stmt" count="0"/>
      <line num="156" type="stmt" count="0"/>
      <line num="157" type="stmt" count="0"/>
      <line num="158" type="stmt" count="0"/>
      <line num="159" type="stmt" count="0"/>
      <line num="162" type="stmt" count="1"/>
      <line num="163" type="stmt" count="1"/>
      <line num="164" type="stmt" count="1"/>
      <line num="165" type="stmt" count="1"/>
      <line num="166" type="stmt" count="1"/>
      <line num="167" type="stmt" count="1"/>
      <line num="170" type="method" name="register" visibility="public" complexity="8" crap="12.47" count="2"/>
      <line num="238" type="stmt" count="2"/>
      <line num="240" type="stmt" count="2"/>
      <line num="241" type="stmt" count="1"/>
      <line num="242" type="stmt" count="1"/>
      <line num="243" type="stmt" count="1"/>
      <line num="244" type="stmt" count="1"/>
      <line num="245" type="stmt" count="1"/>
      <line num="246" type="stmt" count="1"/>
      <line num="250" type="stmt" count="1"/>
      <line num="251" type="stmt" count="1"/>
      <line num="252" type="stmt" count="1"/>
      <line num="253" type="stmt" count="1"/>
      <line num="254" type="stmt" count="1"/>
      <line num="255" type="stmt" count="1"/>
      <line num="256" type="stmt" count="0"/>
      <line num="257" type="stmt" count="0"/>
      <line num="258" type="stmt" count="0"/>
      <line num="259" type="stmt" count="0"/>
      <line num="260" type="stmt" count="0"/>
      <line num="261" type="stmt" count="0"/>
      <line num="262" type="stmt" count="0"/>
      <line num="263" type="stmt" count="0"/>
      <line num="264" type="stmt" count="0"/>
      <line num="265" type="stmt" count="0"/>
      <line num="266" type="stmt" count="0"/>
      <line num="267" type="stmt" count="0"/>
      <line num="268" type="stmt" count="0"/>
      <line num="269" type="stmt" count="0"/>
      <line num="272" type="stmt" count="1"/>
      <line num="273" type="stmt" count="1"/>
      <line num="274" type="stmt" count="1"/>
      <line num="275" type="stmt" count="1"/>
      <line num="276" type="stmt" count="1"/>
      <line num="277" type="stmt" count="1"/>
      <metrics loc="280" ncloc="277" classes="1" methods="4" coveredmethods="1" conditionals="0" coveredconditionals="0" statements="72" coveredstatements="44" elements="76" coveredelements="45"/>
    </file>
    <file name="/app/src/Controller/PlayingController.php">
      <class name="App\Controller\PlayingController" namespace="global">
        <metrics complexity="6" methods="2" coveredmethods="0" conditionals="0" coveredconditionals="0" statements="25" coveredstatements="0" elements="27" coveredelements="0"/>
      </class>
      <line num="18" type="method" name="__construct" visibility="public" complexity="1" crap="2" count="0"/>
      <line num="23" type="stmt" count="0"/>
      <line num="25" type="method" name="SavePlayingTime" visibility="public" complexity="5" crap="30" count="0"/>
      <line num="32" type="stmt" count="0"/>
      <line num="34" type="stmt" count="0"/>
      <line num="35" type="stmt" count="0"/>
      <line num="36" type="stmt" count="0"/>
      <line num="37" type="stmt" count="0"/>
      <line num="38" type="stmt" count="0"/>
      <line num="39" type="stmt" count="0"/>
      <line num="40" type="stmt" count="0"/>
      <line num="43" type="stmt" count="0"/>
      <line num="44" type="stmt" count="0"/>
      <line num="47" type="stmt" count="0"/>
      <line num="48" type="stmt" count="0"/>
      <line num="49" type="stmt" count="0"/>
      <line num="50" type="stmt" count="0"/>
      <line num="51" type="stmt" count="0"/>
      <line num="52" type="stmt" count="0"/>
      <line num="53" type="stmt" count="0"/>
      <line num="54" type="stmt" count="0"/>
      <line num="57" type="stmt" count="0"/>
      <line num="58" type="stmt" count="0"/>
      <line num="59" type="stmt" count="0"/>
      <line num="60" type="stmt" count="0"/>
      <line num="61" type="stmt" count="0"/>
      <line num="62" type="stmt" count="0"/>
      <metrics loc="64" ncloc="64" classes="1" methods="2" coveredmethods="0" conditionals="0" coveredconditionals="0" statements="25" coveredstatements="0" elements="27" coveredelements="0"/>
    </file>
    <file name="/app/src/Controller/PurchaseController.php">
      <class name="App\Controller\PurchaseController" namespace="global">
        <metrics complexity="10" methods="4" coveredmethods="2" conditionals="0" coveredconditionals="0" statements="56" coveredstatements="25" elements="60" coveredelements="27"/>
      </class>
      <line num="18" type="method" name="__construct" visibility="public" complexity="1" crap="1" count="2"/>
      <line num="23" type="stmt" count="2"/>
      <line num="25" type="method" name="purchase" visibility="public" complexity="4" crap="4.40" count="1"/>
      <line num="32" type="stmt" count="1"/>
      <line num="34" type="stmt" count="1"/>
      <line num="35" type="stmt" count="1"/>
      <line num="36" type="stmt" count="1"/>
      <line num="37" type="stmt" count="1"/>
      <line num="38" type="stmt" count="1"/>
      <line num="39" type="stmt" count="1"/>
      <line num="40" type="stmt" count="1"/>
      <line num="43" type="stmt" count="1"/>
      <line num="44" type="stmt" count="1"/>
      <line num="47" type="stmt" count="1"/>
      <line num="48" type="stmt" count="0"/>
      <line num="49" type="stmt" count="0"/>
      <line num="50" type="stmt" count="0"/>
      <line num="51" type="stmt" count="0"/>
      <line num="52" type="stmt" count="0"/>
      <line num="53" type="stmt" count="0"/>
      <line num="54" type="stmt" count="0"/>
      <line num="57" type="stmt" count="1"/>
      <line num="58" type="stmt" count="1"/>
      <line num="59" type="stmt" count="1"/>
      <line num="60" type="stmt" count="1"/>
      <line num="61" type="stmt" count="1"/>
      <line num="62" type="stmt" count="1"/>
      <line num="65" type="method" name="getPurchasedGames" visibility="public" complexity="1" crap="1" count="1"/>
      <line num="72" type="stmt" count="1"/>
      <line num="73" type="stmt" count="1"/>
      <line num="75" type="stmt" count="1"/>
      <line num="77" type="stmt" count="1"/>
      <line num="78" type="stmt" count="1"/>
      <line num="79" type="stmt" count="1"/>
      <line num="80" type="stmt" count="1"/>
      <line num="83" type="method" name="deletePurchasedGames" visibility="public" complexity="4" crap="20" count="0"/>
      <line num="90" type="stmt" count="0"/>
      <line num="92" type="stmt" count="0"/>
      <line num="93" type="stmt" count="0"/>
      <line num="94" type="stmt" count="0"/>
      <line num="95" type="stmt" count="0"/>
      <line num="96" type="stmt" count="0"/>
      <line num="97" type="stmt" count="0"/>
      <line num="98" type="stmt" count="0"/>
      <line num="101" type="stmt" count="0"/>
      <line num="102" type="stmt" count="0"/>
      <line num="105" type="stmt" count="0"/>
      <line num="106" type="stmt" count="0"/>
      <line num="107" type="stmt" count="0"/>
      <line num="108" type="stmt" count="0"/>
      <line num="109" type="stmt" count="0"/>
      <line num="110" type="stmt" count="0"/>
      <line num="111" type="stmt" count="0"/>
      <line num="112" type="stmt" count="0"/>
      <line num="115" type="stmt" count="0"/>
      <line num="116" type="stmt" count="0"/>
      <line num="117" type="stmt" count="0"/>
      <line num="118" type="stmt" count="0"/>
      <line num="119" type="stmt" count="0"/>
      <line num="120" type="stmt" count="0"/>
      <metrics loc="124" ncloc="124" classes="1" methods="4" coveredmethods="2" conditionals="0" coveredconditionals="0" statements="56" coveredstatements="25" elements="60" coveredelements="27"/>
    </file>
    <file name="/app/src/Controller/UserInfoController.php">
      <class name="App\Controller\UserInfoController" namespace="global">
        <metrics complexity="2" methods="2" coveredmethods="2" conditionals="0" coveredconditionals="0" statements="8" coveredstatements="8" elements="10" coveredelements="10"/>
      </class>
      <line num="18" type="method" name="__construct" visibility="public" complexity="1" crap="1" count="1"/>
      <line num="23" type="stmt" count="1"/>
      <line num="24" type="method" name="getUserInfo" visibility="public" complexity="1" crap="1" count="1"/>
      <line num="31" type="stmt" count="1"/>
      <line num="33" type="stmt" count="1"/>
      <line num="34" type="stmt" count="1"/>
      <line num="36" type="stmt" count="1"/>
      <line num="37" type="stmt" count="1"/>
      <line num="38" type="stmt" count="1"/>
      <line num="39" type="stmt" count="1"/>
      <metrics loc="42" ncloc="42" classes="1" methods="2" coveredmethods="2" conditionals="0" coveredconditionals="0" statements="8" coveredstatements="8" elements="10" coveredelements="10"/>
    </file>
    <file name="/app/src/DataFixtures/AppFixtures.php">
      <class name="App\DataFixtures\AppFixtures" namespace="global">
        <metrics complexity="1" methods="1" coveredmethods="0" conditionals="0" coveredconditionals="0" statements="4" coveredstatements="0" elements="5" coveredelements="0"/>
      </class>
      <line num="13" type="method" name="load" visibility="public" complexity="1" crap="2" count="0"/>
      <line num="15" type="stmt" count="0"/>
      <line num="16" type="stmt" count="0"/>
      <line num="17" type="stmt" count="0"/>
      <line num="18" type="stmt" count="0"/>
      <metrics loc="21" ncloc="21" classes="1" methods="1" coveredmethods="0" conditionals="0" coveredconditionals="0" statements="4" coveredstatements="0" elements="5" coveredelements="0"/>
    </file>
    <file name="/app/src/DataFixtures/CheckRelationFixtures.php">
      <class name="App\DataFixtures\CheckRelationFixtures" namespace="global">
        <metrics complexity="2" methods="1" coveredmethods="0" conditionals="0" coveredconditionals="0" statements="21" coveredstatements="0" elements="22" coveredelements="0"/>
      </class>
      <line num="13" type="method" name="load" visibility="public" complexity="2" crap="6" count="0"/>
      <line num="15" type="stmt" count="0"/>
      <line num="17" type="stmt" count="0"/>
      <line num="18" type="stmt" count="0"/>
      <line num="19" type="stmt" count="0"/>
      <line num="20" type="stmt" count="0"/>
      <line num="21" type="stmt" count="0"/>
      <line num="23" type="stmt" count="0"/>
      <line num="24" type="stmt" count="0"/>
      <line num="25" type="stmt" count="0"/>
      <line num="26" type="stmt" count="0"/>
      <line num="27" type="stmt" count="0"/>
      <line num="28" type="stmt" count="0"/>
      <line num="29" type="stmt" count="0"/>
      <line num="30" type="stmt" count="0"/>
      <line num="32" type="stmt" count="0"/>
      <line num="33" type="stmt" count="0"/>
      <line num="34" type="stmt" count="0"/>
      <line num="35" type="stmt" count="0"/>
      <line num="36" type="stmt" count="0"/>
      <line num="37" type="stmt" count="0"/>
      <line num="39" type="stmt" count="0"/>
      <metrics loc="42" ncloc="42" classes="1" methods="1" coveredmethods="0" conditionals="0" coveredconditionals="0" statements="21" coveredstatements="0" elements="22" coveredelements="0"/>
    </file>
    <file name="/app/src/Entity/Game.php">
      <class name="App\Entity\Game" namespace="global">
        <metrics complexity="15" methods="12" coveredmethods="12" conditionals="0" coveredconditionals="0" statements="22" coveredstatements="22" elements="34" coveredelements="34"/>
      </class>
      <line num="82" type="method" name="__construct" visibility="public" complexity="1" crap="1" count="6"/>
      <line num="84" type="stmt" count="6"/>
      <line num="85" type="stmt" count="6"/>
      <line num="88" type="method" name="getId" visibility="public" complexity="1" crap="1" count="4"/>
      <line num="90" type="stmt" count="4"/>
      <line num="93" type="method" name="getTitle" visibility="public" complexity="1" crap="1" count="4"/>
      <line num="95" type="stmt" count="4"/>
      <line num="98" type="method" name="setTitle" visibility="public" complexity="1" crap="1" count="4"/>
      <line num="100" type="stmt" count="4"/>
      <line num="102" type="stmt" count="4"/>
      <line num="105" type="method" name="getDescription" visibility="public" complexity="1" crap="1" count="1"/>
      <line num="107" type="stmt" count="1"/>
      <line num="110" type="method" name="setDescription" visibility="public" complexity="1" crap="1" count="3"/>
      <line num="112" type="stmt" count="3"/>
      <line num="114" type="stmt" count="3"/>
      <line num="117" type="method" name="getPrice" visibility="public" complexity="1" crap="1" count="3"/>
      <line num="119" type="stmt" count="3"/>
      <line num="122" type="method" name="setPrice" visibility="public" complexity="1" crap="1" count="3"/>
      <line num="124" type="stmt" count="3"/>
      <line num="126" type="stmt" count="3"/>
      <line num="129" type="method" name="getPublishedAt" visibility="public" complexity="1" crap="1" count="2"/>
      <line num="131" type="stmt" count="2"/>
      <line num="137" type="method" name="getPurchasedGames" visibility="public" complexity="1" crap="1" count="2"/>
      <line num="139" type="stmt" count="2"/>
      <line num="142" type="method" name="addPurchasedGame" visibility="public" complexity="2" crap="2" count="1"/>
      <line num="144" type="stmt" count="1"/>
      <line num="145" type="stmt" count="1"/>
      <line num="146" type="stmt" count="1"/>
      <line num="149" type="stmt" count="1"/>
      <line num="152" type="method" name="removePurchasedGame" visibility="public" complexity="3" crap="3" count="1"/>
      <line num="155" type="stmt" count="1"/>
      <line num="156" type="stmt" count="1"/>
      <line num="158" type="stmt" count="1"/>
      <line num="161" type="stmt" count="1"/>
      <metrics loc="164" ncloc="161" classes="1" methods="12" coveredmethods="12" conditionals="0" coveredconditionals="0" statements="22" coveredstatements="22" elements="34" coveredelements="34"/>
    </file>
    <file name="/app/src/Entity/PurchasedGame.php">
      <class name="App\Entity\PurchasedGame" namespace="global">
        <metrics complexity="9" methods="9" coveredmethods="9" conditionals="0" coveredconditionals="0" statements="13" coveredstatements="13" elements="22" coveredelements="22"/>
      </class>
      <line num="58" type="method" name="__construct" visibility="public" complexity="1" crap="1" count="8"/>
      <line num="60" type="stmt" count="8"/>
      <line num="61" type="stmt" count="8"/>
      <line num="64" type="method" name="getId" visibility="public" complexity="1" crap="1" count="1"/>
      <line num="66" type="stmt" count="1"/>
      <line num="69" type="method" name="getHoursOfPlaying" visibility="public" complexity="1" crap="1" count="5"/>
      <line num="71" type="stmt" count="5"/>
      <line num="74" type="method" name="setHoursOfPlaying" visibility="public" complexity="1" crap="1" count="2"/>
      <line num="76" type="stmt" count="2"/>
      <line num="78" type="stmt" count="2"/>
      <line num="81" type="method" name="getBoughtAt" visibility="public" complexity="1" crap="1" count="1"/>
      <line num="83" type="stmt" count="1"/>
      <line num="86" type="method" name="getUser" visibility="public" complexity="1" crap="1" count="2"/>
      <line num="88" type="stmt" count="2"/>
      <line num="91" type="method" name="setUser" visibility="public" complexity="1" crap="1" count="6"/>
      <line num="93" type="stmt" count="6"/>
      <line num="95" type="stmt" count="6"/>
      <line num="98" type="method" name="getGame" visibility="public" complexity="1" crap="1" count="5"/>
      <line num="100" type="stmt" count="5"/>
      <line num="103" type="method" name="setGame" visibility="public" complexity="1" crap="1" count="6"/>
      <line num="105" type="stmt" count="6"/>
      <line num="107" type="stmt" count="6"/>
      <metrics loc="110" ncloc="110" classes="1" methods="9" coveredmethods="9" conditionals="0" coveredconditionals="0" statements="13" coveredstatements="13" elements="22" coveredelements="22"/>
    </file>
    <file name="/app/src/Entity/User.php">
      <class name="App\Entity\User" namespace="global">
        <metrics complexity="35" methods="26" coveredmethods="24" conditionals="0" coveredconditionals="0" statements="62" coveredstatements="51" elements="88" coveredelements="75"/>
      </class>
      <line num="110" type="method" name="__construct" visibility="public" complexity="1" crap="1" count="14"/>
      <line num="112" type="stmt" count="14"/>
      <line num="113" type="stmt" count="14"/>
      <line num="114" type="stmt" count="14"/>
      <line num="117" type="method" name="getId" visibility="public" complexity="1" crap="1" count="1"/>
      <line num="119" type="stmt" count="1"/>
      <line num="122" type="method" name="getLogin" visibility="public" complexity="1" crap="1" count="10"/>
      <line num="124" type="stmt" count="10"/>
      <line num="130" type="method" name="setLogin" visibility="public" complexity="4" crap="6.00" count="11"/>
      <line num="132" type="stmt" count="11"/>
      <line num="133" type="stmt" count="0"/>
      <line num="134" type="stmt" count="11"/>
      <line num="135" type="stmt" count="0"/>
      <line num="136" type="stmt" count="11"/>
      <line num="137" type="stmt" count="0"/>
      <line num="138" type="stmt" count="0"/>
      <line num="139" type="stmt" count="0"/>
      <line num="141" type="stmt" count="11"/>
      <line num="142" type="stmt" count="11"/>
      <line num="151" type="method" name="getUserIdentifier" visibility="public" complexity="1" crap="1" count="2"/>
      <line num="153" type="stmt" count="2"/>
      <line num="159" type="method" name="getRoles" visibility="public" complexity="1" crap="1" count="7"/>
      <line num="161" type="stmt" count="7"/>
      <line num="163" type="stmt" count="7"/>
      <line num="165" type="stmt" count="7"/>
      <line num="168" type="method" name="setRoles" visibility="public" complexity="1" crap="1" count="9"/>
      <line num="170" type="stmt" count="9"/>
      <line num="172" type="stmt" count="9"/>
      <line num="178" type="method" name="getPassword" visibility="public" complexity="1" crap="1" count="8"/>
      <line num="180" type="stmt" count="8"/>
      <line num="186" type="method" name="setPassword" visibility="public" complexity="1" crap="1" count="11"/>
      <line num="188" type="stmt" count="11"/>
      <line num="189" type="stmt" count="11"/>
      <line num="195" type="method" name="eraseCredentials" visibility="public" complexity="1" crap="1" count="4"/>
      <line num="198" type="stmt" count="4"/>
      <line num="200" type="method" name="getNickname" visibility="public" complexity="1" crap="1" count="3"/>
      <line num="202" type="stmt" count="3"/>
      <line num="208" type="method" name="setNickname" visibility="public" complexity="4" crap="6.60" count="10"/>
      <line num="210" type="stmt" count="10"/>
      <line num="211" type="stmt" count="0"/>
      <line num="212" type="stmt" count="10"/>
      <line num="213" type="stmt" count="0"/>
      <line num="214" type="stmt" count="10"/>
      <line num="215" type="stmt" count="0"/>
      <line num="216" type="stmt" count="0"/>
      <line num="217" type="stmt" count="0"/>
      <line num="218" type="stmt" count="0"/>
      <line num="220" type="stmt" count="10"/>
      <line num="221" type="stmt" count="10"/>
      <line num="225" type="method" name="getBalance" visibility="public" complexity="1" crap="1" count="6"/>
      <line num="227" type="stmt" count="6"/>
      <line num="230" type="method" name="setBalance" visibility="public" complexity="1" crap="1" count="8"/>
      <line num="232" type="stmt" count="8"/>
      <line num="234" type="stmt" count="8"/>
      <line num="237" type="method" name="getFirstName" visibility="public" complexity="1" crap="1" count="3"/>
      <line num="239" type="stmt" count="3"/>
      <line num="242" type="method" name="setFirstName" visibility="public" complexity="1" crap="1" count="7"/>
      <line num="244" type="stmt" count="7"/>
      <line num="246" type="stmt" count="7"/>
      <line num="249" type="method" name="getLastName" visibility="public" complexity="1" crap="1" count="3"/>
      <line num="251" type="stmt" count="3"/>
      <line num="254" type="method" name="setLastName" visibility="public" complexity="1" crap="1" count="7"/>
      <line num="256" type="stmt" count="7"/>
      <line num="258" type="stmt" count="7"/>
      <line num="261" type="method" name="getCreatedAt" visibility="public" complexity="1" crap="1" count="1"/>
      <line num="263" type="stmt" count="1"/>
      <line num="266" type="method" name="getEmail" visibility="public" complexity="1" crap="1" count="8"/>
      <line num="268" type="stmt" count="8"/>
      <line num="271" type="method" name="setEmail" visibility="public" complexity="1" crap="1" count="10"/>
      <line num="273" type="stmt" count="10"/>
      <line num="275" type="stmt" count="10"/>
      <line num="281" type="method" name="getPurchasedGames" visibility="public" complexity="1" crap="1" count="10"/>
      <line num="283" type="stmt" count="10"/>
      <line num="286" type="method" name="addPurchasedGame" visibility="public" complexity="2" crap="2" count="4"/>
      <line num="288" type="stmt" count="4"/>
      <line num="289" type="stmt" count="4"/>
      <line num="290" type="stmt" count="4"/>
      <line num="293" type="stmt" count="4"/>
      <line num="296" type="method" name="removePurchasedGame" visibility="public" complexity="3" crap="3" count="1"/>
      <line num="299" type="stmt" count="1"/>
      <line num="300" type="stmt" count="1"/>
      <line num="302" type="stmt" count="1"/>
      <line num="305" type="stmt" count="1"/>
      <line num="308" type="method" name="getToken" visibility="public" complexity="1" crap="1" count="4"/>
      <line num="310" type="stmt" count="4"/>
      <line num="313" type="method" name="setToken" visibility="public" complexity="1" crap="1" count="14"/>
      <line num="315" type="stmt" count="14"/>
      <line num="317" type="stmt" count="14"/>
      <metrics loc="320" ncloc="293" classes="1" methods="26" coveredmethods="24" conditionals="0" coveredconditionals="0" statements="62" coveredstatements="51" elements="88" coveredelements="75"/>
    </file>
    <file name="/app/src/Exceptions/ValidationException.php">
      <class name="App\Exceptions\ValidationException" namespace="global">
        <metrics complexity="1" methods="1" coveredmethods="0" conditionals="0" coveredconditionals="0" statements="2" coveredstatements="0" elements="3" coveredelements="0"/>
      </class>
      <line num="7" type="method" name="errorMessage" visibility="public" complexity="1" crap="2" count="0"/>
      <line num="9" type="stmt" count="0"/>
      <line num="10" type="stmt" count="0"/>
      <metrics loc="12" ncloc="12" classes="1" methods="1" coveredmethods="0" conditionals="0" coveredconditionals="0" statements="2" coveredstatements="0" elements="3" coveredelements="0"/>
    </file>
    <file name="/app/src/Factory/GameFactory.php">
      <class name="App\Factory\GameFactory" namespace="global">
        <metrics complexity="3" methods="3" coveredmethods="3" conditionals="0" coveredconditionals="0" statements="9" coveredstatements="9" elements="12" coveredelements="12"/>
      </class>
      <line num="36" type="method" name="getDefaults" visibility="protected" complexity="1" crap="1" count="2"/>
      <line num="38" type="stmt" count="2"/>
      <line num="39" type="stmt" count="2"/>
      <line num="40" type="stmt" count="2"/>
      <line num="41" type="stmt" count="2"/>
      <line num="42" type="stmt" count="2"/>
      <line num="45" type="method" name="initialize" visibility="protected" complexity="1" crap="1" count="2"/>
      <line num="47" type="stmt" count="2"/>
      <line num="48" type="stmt" count="2"/>
      <line num="49" type="stmt" count="2"/>
      <line num="52" type="method" name="getClass" visibility="protected" complexity="1" crap="1" count="1"/>
      <line num="54" type="stmt" count="1"/>
      <metrics loc="57" ncloc="35" classes="1" methods="3" coveredmethods="3" conditionals="0" coveredconditionals="0" statements="9" coveredstatements="9" elements="12" coveredelements="12"/>
    </file>
    <file name="/app/src/Factory/PurchasedGameFactory.php">
      <class name="App\Factory\PurchasedGameFactory" namespace="global">
        <metrics complexity="3" methods="3" coveredmethods="3" conditionals="0" coveredconditionals="0" statements="9" coveredstatements="9" elements="12" coveredelements="12"/>
      </class>
      <line num="32" type="method" name="getDefaults" visibility="protected" complexity="1" crap="1" count="1"/>
      <line num="34" type="stmt" count="1"/>
      <line num="35" type="stmt" count="1"/>
      <line num="36" type="stmt" count="1"/>
      <line num="37" type="stmt" count="1"/>
      <line num="38" type="stmt" count="1"/>
      <line num="41" type="method" name="initialize" visibility="protected" complexity="1" crap="1" count="1"/>
      <line num="43" type="stmt" count="1"/>
      <line num="44" type="stmt" count="1"/>
      <line num="45" type="stmt" count="1"/>
      <line num="48" type="method" name="getClass" visibility="protected" complexity="1" crap="1" count="1"/>
      <line num="50" type="stmt" count="1"/>
      <metrics loc="53" ncloc="34" classes="1" methods="3" coveredmethods="3" conditionals="0" coveredconditionals="0" statements="9" coveredstatements="9" elements="12" coveredelements="12"/>
    </file>
    <file name="/app/src/Factory/UserFactory.php">
      <class name="App\Factory\UserFactory" namespace="global">
        <metrics complexity="4" methods="4" coveredmethods="4" conditionals="0" coveredconditionals="0" statements="19" coveredstatements="19" elements="23" coveredelements="23"/>
      </class>
      <line num="35" type="method" name="__construct" visibility="public" complexity="1" crap="1" count="1"/>
      <line num="38" type="stmt" count="1"/>
      <line num="41" type="method" name="getDefaults" visibility="protected" complexity="1" crap="1" count="6"/>
      <line num="43" type="stmt" count="6"/>
      <line num="44" type="stmt" count="6"/>
      <line num="45" type="stmt" count="6"/>
      <line num="46" type="stmt" count="6"/>
      <line num="47" type="stmt" count="6"/>
      <line num="48" type="stmt" count="6"/>
      <line num="49" type="stmt" count="6"/>
      <line num="50" type="stmt" count="6"/>
      <line num="51" type="stmt" count="6"/>
      <line num="52" type="stmt" count="6"/>
      <line num="53" type="stmt" count="6"/>
      <line num="54" type="stmt" count="6"/>
      <line num="57" type="method" name="initialize" visibility="protected" complexity="1" crap="1" count="6"/>
      <line num="59" type="stmt" count="6"/>
      <line num="60" type="stmt" count="6"/>
      <line num="61" type="stmt" count="6"/>
      <line num="62" type="stmt" count="6"/>
      <line num="63" type="stmt" count="6"/>
      <line num="66" type="method" name="getClass" visibility="protected" complexity="1" crap="1" count="1"/>
      <line num="68" type="stmt" count="1"/>
      <metrics loc="71" ncloc="52" classes="1" methods="4" coveredmethods="4" conditionals="0" coveredconditionals="0" statements="19" coveredstatements="19" elements="23" coveredelements="23"/>
    </file>
    <file name="/app/src/Repository/GamesRepository.php">
      <class name="App\Repository\GamesRepository" namespace="global">
        <metrics complexity="1" methods="1" coveredmethods="1" conditionals="0" coveredconditionals="0" statements="1" coveredstatements="1" elements="2" coveredelements="2"/>
      </class>
      <line num="19" type="method" name="__construct" visibility="public" complexity="1" crap="1" count="2"/>
      <line num="21" type="stmt" count="2"/>
      <metrics loc="24" ncloc="16" classes="1" methods="1" coveredmethods="1" conditionals="0" coveredconditionals="0" statements="1" coveredstatements="1" elements="2" coveredelements="2"/>
    </file>
    <file name="/app/src/Repository/PurchasedGameRepository.php">
      <class name="App\Repository\PurchasedGameRepository" namespace="global">
        <metrics complexity="1" methods="1" coveredmethods="1" conditionals="0" coveredconditionals="0" statements="1" coveredstatements="1" elements="2" coveredelements="2"/>
      </class>
      <line num="19" type="method" name="__construct" visibility="public" complexity="1" crap="1" count="2"/>
      <line num="21" type="stmt" count="2"/>
      <metrics loc="24" ncloc="16" classes="1" methods="1" coveredmethods="1" conditionals="0" coveredconditionals="0" statements="1" coveredstatements="1" elements="2" coveredelements="2"/>
    </file>
    <file name="/app/src/Repository/UserRepository.php">
      <class name="App\Repository\UserRepository" namespace="global">
        <metrics complexity="3" methods="2" coveredmethods="2" conditionals="0" coveredconditionals="0" statements="6" coveredstatements="6" elements="8" coveredelements="8"/>
      </class>
      <line num="24" type="method" name="__construct" visibility="public" complexity="1" crap="1" count="7"/>
      <line num="26" type="stmt" count="7"/>
      <line num="32" type="method" name="upgradePassword" visibility="public" complexity="2" crap="2" count="2"/>
      <line num="34" type="stmt" count="2"/>
      <line num="35" type="stmt" count="1"/>
      <line num="38" type="stmt" count="1"/>
      <line num="39" type="stmt" count="1"/>
      <line num="40" type="stmt" count="1"/>
      <metrics loc="43" ncloc="30" classes="1" methods="2" coveredmethods="2" conditionals="0" coveredconditionals="0" statements="6" coveredstatements="6" elements="8" coveredelements="8"/>
    </file>
    <file name="/app/src/Security/ApiTokenFailureHandler.php">
      <class name="App\Security\ApiTokenFailureHandler" namespace="global">
        <metrics complexity="1" methods="1" coveredmethods="1" conditionals="0" coveredconditionals="0" statements="7" coveredstatements="7" elements="8" coveredelements="8"/>
      </class>
      <line num="13" type="method" name="onAuthenticationFailure" visibility="public" complexity="1" crap="1" count="1"/>
      <line num="15" type="stmt" count="1"/>
      <line num="16" type="stmt" count="1"/>
      <line num="17" type="stmt" count="1"/>
      <line num="18" type="stmt" count="1"/>
      <line num="19" type="stmt" count="1"/>
      <line num="20" type="stmt" count="1"/>
      <line num="21" type="stmt" count="1"/>
      <metrics loc="24" ncloc="24" classes="1" methods="1" coveredmethods="1" conditionals="0" coveredconditionals="0" statements="7" coveredstatements="7" elements="8" coveredelements="8"/>
    </file>
    <file name="/app/src/Security/ApiTokenHandler.php">
      <class name="App\Security\ApiTokenHandler" namespace="global">
        <metrics complexity="4" methods="2" coveredmethods="1" conditionals="0" coveredconditionals="0" statements="9" coveredstatements="8" elements="11" coveredelements="9"/>
      </class>
      <line num="15" type="method" name="__construct" visibility="public" complexity="1" crap="1" count="11"/>
      <line num="20" type="stmt" count="11"/>
      <line num="25" type="method" name="getUserBadgeFrom" visibility="public" complexity="3" crap="3.02" count="7"/>
      <line num="27" type="stmt" count="7"/>
      <line num="29" type="stmt" count="7"/>
      <line num="31" type="stmt" count="1"/>
      <line num="34" type="stmt" count="6"/>
      <line num="35" type="stmt" count="6"/>
      <line num="37" type="stmt" count="6"/>
      <line num="39" type="stmt" count="0"/>
      <line num="42" type="stmt" count="6"/>
      <metrics loc="45" ncloc="42" classes="1" methods="2" coveredmethods="1" conditionals="0" coveredconditionals="0" statements="9" coveredstatements="8" elements="11" coveredelements="9"/>
    </file>
    <file name="/app/src/Service/AccountFundingService.php">
      <class name="App\Service\AccountFundingService" namespace="global">
        <metrics complexity="2" methods="2" coveredmethods="0" conditionals="0" coveredconditionals="0" statements="5" coveredstatements="0" elements="7" coveredelements="0"/>
      </class>
      <line num="9" type="method" name="__construct" visibility="public" complexity="1" crap="2" count="0"/>
      <line num="14" type="stmt" count="0"/>
      <line num="19" type="method" name="fund" visibility="public" complexity="1" crap="2" count="0"/>
      <line num="21" type="stmt" count="0"/>
      <line num="22" type="stmt" count="0"/>
      <line num="23" type="stmt" count="0"/>
      <line num="25" type="stmt" count="0"/>
      <metrics loc="27" ncloc="24" classes="1" methods="2" coveredmethods="0" conditionals="0" coveredconditionals="0" statements="5" coveredstatements="0" elements="7" coveredelements="0"/>
    </file>
    <file name="/app/src/Service/AuthorizationService.php">
      <class name="App\Service\AuthorizationService" namespace="global">
        <metrics complexity="12" methods="5" coveredmethods="3" conditionals="0" coveredconditionals="0" statements="50" coveredstatements="38" elements="55" coveredelements="41"/>
      </class>
      <line num="16" type="method" name="__construct" visibility="public" complexity="1" crap="1" count="10"/>
      <line num="23" type="stmt" count="10"/>
      <line num="28" type="method" name="login" visibility="public" complexity="2" crap="2" count="3"/>
      <line num="30" type="stmt" count="3"/>
      <line num="32" type="stmt" count="3"/>
      <line num="33" type="stmt" count="1"/>
      <line num="36" type="stmt" count="2"/>
      <line num="37" type="stmt" count="2"/>
      <line num="38" type="stmt" count="2"/>
      <line num="40" type="stmt" count="2"/>
      <line num="46" type="method" name="logout" visibility="public" complexity="2" crap="2.01" count="3"/>
      <line num="48" type="stmt" count="3"/>
      <line num="49" type="stmt" count="3"/>
      <line num="51" type="stmt" count="3"/>
      <line num="53" type="stmt" count="3"/>
      <line num="54" type="stmt" count="0"/>
      <line num="57" type="stmt" count="3"/>
      <line num="58" type="stmt" count="3"/>
      <line num="60" type="stmt" count="3"/>
      <line num="66" type="method" name="register" visibility="public" complexity="1" crap="1" count="2"/>
      <line num="68" type="stmt" count="2"/>
      <line num="70" type="stmt" count="2"/>
      <line num="72" type="stmt" count="2"/>
      <line num="73" type="stmt" count="2"/>
      <line num="74" type="stmt" count="2"/>
      <line num="75" type="stmt" count="2"/>
      <line num="76" type="stmt" count="2"/>
      <line num="77" type="stmt" count="2"/>
      <line num="78" type="stmt" count="2"/>
      <line num="79" type="stmt" count="2"/>
      <line num="80" type="stmt" count="2"/>
      <line num="82" type="stmt" count="2"/>
      <line num="84" type="stmt" count="2"/>
      <line num="85" type="stmt" count="2"/>
      <line num="87" type="stmt" count="2"/>
      <line num="88" type="stmt" count="2"/>
      <line num="90" type="stmt" count="2"/>
      <line num="96" type="method" name="validatePassword" visibility="public" complexity="6" crap="15.75" count="2"/>
      <line num="98" type="stmt" count="2"/>
      <line num="99" type="stmt" count="0"/>
      <line num="100" type="stmt" count="2"/>
      <line num="101" type="stmt" count="0"/>
      <line num="102" type="stmt" count="2"/>
      <line num="103" type="stmt" count="0"/>
      <line num="104" type="stmt" count="0"/>
      <line num="105" type="stmt" count="0"/>
      <line num="106" type="stmt" count="0"/>
      <line num="107" type="stmt" count="2"/>
      <line num="108" type="stmt" count="0"/>
      <line num="109" type="stmt" count="2"/>
      <line num="110" type="stmt" count="0"/>
      <line num="111" type="stmt" count="0"/>
      <line num="112" type="stmt" count="0"/>
      <line num="113" type="stmt" count="0"/>
      <line num="115" type="stmt" count="2"/>
      <metrics loc="119" ncloc="107" classes="1" methods="5" coveredmethods="3" conditionals="0" coveredconditionals="0" statements="50" coveredstatements="38" elements="55" coveredelements="41"/>
    </file>
    <file name="/app/src/Service/GetEntitiesService.php">
      <class name="App\Service\GetEntitiesService" namespace="global">
        <metrics complexity="7" methods="4" coveredmethods="1" conditionals="0" coveredconditionals="0" statements="13" coveredstatements="7" elements="17" coveredelements="8"/>
      </class>
      <line num="13" type="method" name="__construct" visibility="public" complexity="1" crap="1" count="7"/>
      <line num="17" type="stmt" count="7"/>
      <line num="22" type="method" name="getUserByLogin" visibility="public" complexity="2" crap="2.06" count="3"/>
      <line num="24" type="stmt" count="3"/>
      <line num="26" type="stmt" count="3"/>
      <line num="27" type="stmt" count="0"/>
      <line num="30" type="stmt" count="3"/>
      <line num="36" type="method" name="getGameById" visibility="public" complexity="2" crap="2.06" count="1"/>
      <line num="38" type="stmt" count="1"/>
      <line num="40" type="stmt" count="1"/>
      <line num="41" type="stmt" count="0"/>
      <line num="44" type="stmt" count="1"/>
      <line num="50" type="method" name="getPurchasedGameByGameAndUser" visibility="public" complexity="2" crap="6" count="0"/>
      <line num="52" type="stmt" count="0"/>
      <line num="54" type="stmt" count="0"/>
      <line num="55" type="stmt" count="0"/>
      <line num="58" type="stmt" count="0"/>
      <metrics loc="60" ncloc="51" classes="1" methods="4" coveredmethods="1" conditionals="0" coveredconditionals="0" statements="13" coveredstatements="7" elements="17" coveredelements="8"/>
    </file>
    <file name="/app/src/Service/PlayingService.php">
      <class name="App\Service\PlayingService" namespace="global">
        <metrics complexity="2" methods="2" coveredmethods="0" conditionals="0" coveredconditionals="0" statements="6" coveredstatements="0" elements="8" coveredelements="0"/>
      </class>
      <line num="9" type="method" name="__construct" visibility="public" complexity="1" crap="2" count="0"/>
      <line num="14" type="stmt" count="0"/>
      <line num="19" type="method" name="SavePlayingTime" visibility="public" complexity="1" crap="2" count="0"/>
      <line num="21" type="stmt" count="0"/>
      <line num="22" type="stmt" count="0"/>
      <line num="24" type="stmt" count="0"/>
      <line num="26" type="stmt" count="0"/>
      <line num="27" type="stmt" count="0"/>
      <metrics loc="29" ncloc="26" classes="1" methods="2" coveredmethods="0" conditionals="0" coveredconditionals="0" statements="6" coveredstatements="0" elements="8" coveredelements="0"/>
    </file>
    <file name="/app/src/Service/PurchaseService.php">
      <class name="App\Service\PurchaseService" namespace="global">
        <metrics complexity="6" methods="4" coveredmethods="2" conditionals="0" coveredconditionals="0" statements="30" coveredstatements="23" elements="34" coveredelements="25"/>
      </class>
      <line num="13" type="method" name="__construct" visibility="public" complexity="1" crap="1" count="5"/>
      <line num="18" type="stmt" count="5"/>
      <line num="23" type="method" name="purchase" visibility="public" complexity="3" crap="3.00" count="3"/>
      <line num="25" type="stmt" count="3"/>
      <line num="26" type="stmt" count="3"/>
      <line num="28" type="stmt" count="3"/>
      <line num="30" type="stmt" count="3"/>
      <line num="31" type="stmt" count="1"/>
      <line num="34" type="stmt" count="2"/>
      <line num="36" type="stmt" count="2"/>
      <line num="37" type="stmt" count="0"/>
      <line num="39" type="stmt" count="2"/>
      <line num="41" type="stmt" count="2"/>
      <line num="42" type="stmt" count="2"/>
      <line num="43" type="stmt" count="2"/>
      <line num="45" type="stmt" count="2"/>
      <line num="47" type="stmt" count="2"/>
      <line num="48" type="stmt" count="2"/>
      <line num="50" type="stmt" count="2"/>
      <line num="54" type="method" name="getPurchasedGames" visibility="public" complexity="1" crap="1" count="2"/>
      <line num="56" type="stmt" count="2"/>
      <line num="58" type="stmt" count="2"/>
      <line num="59" type="stmt" count="2"/>
      <line num="60" type="stmt" count="2"/>
      <line num="61" type="stmt" count="2"/>
      <line num="62" type="stmt" count="2"/>
      <line num="64" type="stmt" count="2"/>
      <line num="70" type="method" name="deletePurchasedGame" visibility="public" complexity="1" crap="2" count="0"/>
      <line num="72" type="stmt" count="0"/>
      <line num="73" type="stmt" count="0"/>
      <line num="75" type="stmt" count="0"/>
      <line num="77" type="stmt" count="0"/>
      <line num="78" type="stmt" count="0"/>
      <line num="80" type="stmt" count="0"/>
      <metrics loc="84" ncloc="78" classes="1" methods="4" coveredmethods="2" conditionals="0" coveredconditionals="0" statements="30" coveredstatements="23" elements="34" coveredelements="25"/>
    </file>
    <file name="/app/src/Service/TokenService.php">
      <class name="App\Service\TokenService" namespace="global">
        <metrics complexity="4" methods="4" coveredmethods="4" conditionals="0" coveredconditionals="0" statements="11" coveredstatements="11" elements="15" coveredelements="15"/>
      </class>
      <line num="14" type="method" name="createToken" visibility="public" complexity="1" crap="1" count="6"/>
      <line num="16" type="stmt" count="6"/>
      <line num="18" type="stmt" count="6"/>
      <line num="19" type="stmt" count="6"/>
      <line num="20" type="stmt" count="6"/>
      <line num="22" type="stmt" count="6"/>
      <line num="23" type="stmt" count="6"/>
      <line num="24" type="stmt" count="6"/>
      <line num="26" type="stmt" count="6"/>
      <line num="29" type="method" name="encode" visibility="private" complexity="1" crap="1" count="6"/>
      <line num="31" type="stmt" count="6"/>
      <line num="34" type="method" name="decode" visibility="public" complexity="1" crap="1" count="5"/>
      <line num="36" type="stmt" count="5"/>
      <line num="39" type="method" name="decodeLongToken" visibility="public" complexity="1" crap="1" count="4"/>
      <line num="41" type="stmt" count="4"/>
      <metrics loc="44" ncloc="43" classes="1" methods="4" coveredmethods="4" conditionals="0" coveredconditionals="0" statements="11" coveredstatements="11" elements="15" coveredelements="15"/>
    </file>
    <file name="/app/src/Service/UserInfoService.php">
      <class name="App\Service\UserInfoService" namespace="global">
        <metrics complexity="2" methods="2" coveredmethods="2" conditionals="0" coveredconditionals="0" statements="11" coveredstatements="11" elements="13" coveredelements="13"/>
      </class>
      <line num="10" type="method" name="__construct" visibility="public" complexity="1" crap="1" count="2"/>
      <line num="14" type="stmt" count="2"/>
      <line num="16" type="method" name="getUserInfo" visibility="public" complexity="1" crap="1" count="2"/>
      <line num="18" type="stmt" count="2"/>
      <line num="19" type="stmt" count="2"/>
      <line num="20" type="stmt" count="2"/>
      <line num="21" type="stmt" count="2"/>
      <line num="22" type="stmt" count="2"/>
      <line num="23" type="stmt" count="2"/>
      <line num="24" type="stmt" count="2"/>
      <line num="25" type="stmt" count="2"/>
      <line num="26" type="stmt" count="2"/>
      <line num="27" type="stmt" count="2"/>
      <metrics loc="30" ncloc="30" classes="1" methods="2" coveredmethods="2" conditionals="0" coveredconditionals="0" statements="11" coveredstatements="11" elements="13" coveredelements="13"/>
    </file>
    <metrics files="26" loc="1978" ncloc="1819" classes="26" methods="104" coveredmethods="78" conditionals="0" coveredconditionals="0" statements="497" coveredstatements="313" elements="601" coveredelements="391"/>
  </project>
</coverage>
