<?xml version="1.0" encoding="UTF-8"?>
<testsuites>
  <testsuite name="" tests="85" assertions="386" errors="0" warnings="0" failures="0" skipped="0" time="73.453785">
    <testsuite name="Project Test Suite" tests="85" assertions="386" errors="0" warnings="0" failures="0" skipped="0" time="73.453785">
      <testsuite name="App\Tests\Functional\Controller\AccountFundingControllerTest" file="/app/tests/Functional/Controller/AccountFundingControllerTest.php" tests="3" assertions="13" errors="0" warnings="0" failures="0" skipped="0" time="5.488069">
        <testsuite name="App\Tests\Functional\Controller\AccountFundingControllerTest::testFund" tests="3" assertions="13" errors="0" warnings="0" failures="0" skipped="0" time="5.488069">
          <testcase name="testFund with data set &quot;success&quot;" class="App\Tests\Functional\Controller\AccountFundingControllerTest" classname="App.Tests.Functional.Controller.AccountFundingControllerTest" file="/app/tests/Functional/Controller/AccountFundingControllerTest.php" line="47" assertions="5" time="1.955923"/>
          <testcase name="testFund with data set &quot;missing data&quot;" class="App\Tests\Functional\Controller\AccountFundingControllerTest" classname="App.Tests.Functional.Controller.AccountFundingControllerTest" file="/app/tests/Functional/Controller/AccountFundingControllerTest.php" line="47" assertions="4" time="1.775262"/>
          <testcase name="testFund with data set &quot;unauthorized &quot;" class="App\Tests\Functional\Controller\AccountFundingControllerTest" classname="App.Tests.Functional.Controller.AccountFundingControllerTest" file="/app/tests/Functional/Controller/AccountFundingControllerTest.php" line="47" assertions="4" time="1.756883"/>
        </testsuite>
      </testsuite>
      <testsuite name="App\Tests\Functional\Controller\AuthorizationControllerTest" file="/app/tests/Functional/Controller/AuthorizationControllerTest.php" tests="7" assertions="23" errors="0" warnings="0" failures="0" skipped="0" time="12.247314">
        <testsuite name="App\Tests\Functional\Controller\AuthorizationControllerTest::testLogin" tests="3" assertions="10" errors="0" warnings="0" failures="0" skipped="0" time="5.206748">
          <testcase name="testLogin with data set &quot;success&quot;" class="App\Tests\Functional\Controller\AuthorizationControllerTest" classname="App.Tests.Functional.Controller.AuthorizationControllerTest" file="/app/tests/Functional/Controller/AuthorizationControllerTest.php" line="54" assertions="3" time="1.744699"/>
          <testcase name="testLogin with data set &quot;wrong password&quot;" class="App\Tests\Functional\Controller\AuthorizationControllerTest" classname="App.Tests.Functional.Controller.AuthorizationControllerTest" file="/app/tests/Functional/Controller/AuthorizationControllerTest.php" line="54" assertions="4" time="1.811495"/>
          <testcase name="testLogin with data set &quot;missing data&quot;" class="App\Tests\Functional\Controller\AuthorizationControllerTest" classname="App.Tests.Functional.Controller.AuthorizationControllerTest" file="/app/tests/Functional/Controller/AuthorizationControllerTest.php" line="54" assertions="3" time="1.650555"/>
        </testsuite>
        <testcase name="testLogout" class="App\Tests\Functional\Controller\AuthorizationControllerTest" classname="App.Tests.Functional.Controller.AuthorizationControllerTest" file="/app/tests/Functional/Controller/AuthorizationControllerTest.php" line="89" assertions="3" time="1.855879"/>
        <testsuite name="App\Tests\Functional\Controller\AuthorizationControllerTest::testRegister1" tests="3" assertions="10" errors="0" warnings="0" failures="0" skipped="0" time="5.184687">
          <testcase name="testRegister1 with data set &quot;success&quot;" class="App\Tests\Functional\Controller\AuthorizationControllerTest" classname="App.Tests.Functional.Controller.AuthorizationControllerTest" file="/app/tests/Functional/Controller/AuthorizationControllerTest.php" line="124" assertions="4" time="1.737068"/>
          <testcase name="testRegister1 with data set &quot;missing data&quot;" class="App\Tests\Functional\Controller\AuthorizationControllerTest" classname="App.Tests.Functional.Controller.AuthorizationControllerTest" file="/app/tests/Functional/Controller/AuthorizationControllerTest.php" line="124" assertions="3" time="1.662421"/>
          <testcase name="testRegister1 with data set &quot;login already in use&quot;" class="App\Tests\Functional\Controller\AuthorizationControllerTest" classname="App.Tests.Functional.Controller.AuthorizationControllerTest" file="/app/tests/Functional/Controller/AuthorizationControllerTest.php" line="124" assertions="3" time="1.785197"/>
        </testsuite>
      </testsuite>
      <testsuite name="App\Tests\Functional\Controller\PlayingControllerTest" file="/app/tests/Functional/Controller/PlayingControllerTest.php" tests="3" assertions="13" errors="0" warnings="0" failures="0" skipped="0" time="5.636124">
        <testsuite name="App\Tests\Functional\Controller\PlayingControllerTest::testSavePlayingTime" tests="3" assertions="13" errors="0" warnings="0" failures="0" skipped="0" time="5.636124">
          <testcase name="testSavePlayingTime with data set &quot;success&quot;" class="App\Tests\Functional\Controller\PlayingControllerTest" classname="App.Tests.Functional.Controller.PlayingControllerTest" file="/app/tests/Functional/Controller/PlayingControllerTest.php" line="50" assertions="5" time="1.940848"/>
          <testcase name="testSavePlayingTime with data set &quot;missing data&quot;" class="App\Tests\Functional\Controller\PlayingControllerTest" classname="App.Tests.Functional.Controller.PlayingControllerTest" file="/app/tests/Functional/Controller/PlayingControllerTest.php" line="50" assertions="4" time="1.847585"/>
          <testcase name="testSavePlayingTime with data set &quot;unauthorized &quot;" class="App\Tests\Functional\Controller\PlayingControllerTest" classname="App.Tests.Functional.Controller.PlayingControllerTest" file="/app/tests/Functional/Controller/PlayingControllerTest.php" line="50" assertions="4" time="1.847691"/>
        </testsuite>
      </testsuite>
      <testsuite name="App\Tests\Functional\Controller\PurchaseControllerTest" file="/app/tests/Functional/Controller/PurchaseControllerTest.php" tests="7" assertions="34" errors="0" warnings="0" failures="0" skipped="0" time="13.151819">
        <testsuite name="App\Tests\Functional\Controller\PurchaseControllerTest::testPurchase" tests="3" assertions="14" errors="0" warnings="0" failures="0" skipped="0" time="5.698263">
          <testcase name="testPurchase with data set &quot;success&quot;" class="App\Tests\Functional\Controller\PurchaseControllerTest" classname="App.Tests.Functional.Controller.PurchaseControllerTest" file="/app/tests/Functional/Controller/PurchaseControllerTest.php" line="58" assertions="8" time="1.931244"/>
          <testcase name="testPurchase with data set &quot;missing data&quot;" class="App\Tests\Functional\Controller\PurchaseControllerTest" classname="App.Tests.Functional.Controller.PurchaseControllerTest" file="/app/tests/Functional/Controller/PurchaseControllerTest.php" line="58" assertions="3" time="1.903827"/>
          <testcase name="testPurchase with data set &quot;not enough money&quot;" class="App\Tests\Functional\Controller\PurchaseControllerTest" classname="App.Tests.Functional.Controller.PurchaseControllerTest" file="/app/tests/Functional/Controller/PurchaseControllerTest.php" line="58" assertions="3" time="1.863192"/>
        </testsuite>
        <testcase name="testGetPurchasedGamesSuccess" class="App\Tests\Functional\Controller\PurchaseControllerTest" classname="App.Tests.Functional.Controller.PurchaseControllerTest" file="/app/tests/Functional/Controller/PurchaseControllerTest.php" line="123" assertions="10" time="1.899958"/>
        <testsuite name="App\Tests\Functional\Controller\PurchaseControllerTest::testDeletePurchasedGame" tests="3" assertions="10" errors="0" warnings="0" failures="0" skipped="0" time="5.553599">
          <testcase name="testDeletePurchasedGame with data set &quot;success&quot;" class="App\Tests\Functional\Controller\PurchaseControllerTest" classname="App.Tests.Functional.Controller.PurchaseControllerTest" file="/app/tests/Functional/Controller/PurchaseControllerTest.php" line="180" assertions="4" time="1.914844"/>
          <testcase name="testDeletePurchasedGame with data set &quot;missing data&quot;" class="App\Tests\Functional\Controller\PurchaseControllerTest" classname="App.Tests.Functional.Controller.PurchaseControllerTest" file="/app/tests/Functional/Controller/PurchaseControllerTest.php" line="180" assertions="3" time="1.796813"/>
          <testcase name="testDeletePurchasedGame with data set &quot;unauthorized&quot;" class="App\Tests\Functional\Controller\PurchaseControllerTest" classname="App.Tests.Functional.Controller.PurchaseControllerTest" file="/app/tests/Functional/Controller/PurchaseControllerTest.php" line="180" assertions="3" time="1.841942"/>
        </testsuite>
      </testsuite>
      <testsuite name="App\Tests\Functional\Controller\ReviewsControllerTest" file="/app/tests/Functional/Controller/ReviewsControllerTest.php" tests="12" assertions="61" errors="0" warnings="0" failures="0" skipped="0" time="23.000447">
        <testsuite name="App\Tests\Functional\Controller\ReviewsControllerTest::testCreateGameReview" tests="3" assertions="16" errors="0" warnings="0" failures="0" skipped="0" time="6.004242">
          <testcase name="testCreateGameReview with data set &quot;success&quot;" class="App\Tests\Functional\Controller\ReviewsControllerTest" classname="App.Tests.Functional.Controller.ReviewsControllerTest" file="/app/tests/Functional/Controller/ReviewsControllerTest.php" line="84" assertions="10" time="2.112765"/>
          <testcase name="testCreateGameReview with data set &quot;missing data&quot;" class="App\Tests\Functional\Controller\ReviewsControllerTest" classname="App.Tests.Functional.Controller.ReviewsControllerTest" file="/app/tests/Functional/Controller/ReviewsControllerTest.php" line="84" assertions="3" time="1.996304"/>
          <testcase name="testCreateGameReview with data set &quot;user already has review&quot;" class="App\Tests\Functional\Controller\ReviewsControllerTest" classname="App.Tests.Functional.Controller.ReviewsControllerTest" file="/app/tests/Functional/Controller/ReviewsControllerTest.php" line="84" assertions="3" time="1.895173"/>
        </testsuite>
        <testsuite name="App\Tests\Functional\Controller\ReviewsControllerTest::testGetGameReviews" tests="2" assertions="14" errors="0" warnings="0" failures="0" skipped="0" time="3.964950">
          <testcase name="testGetGameReviews with data set &quot;with review creating&quot;" class="App\Tests\Functional\Controller\ReviewsControllerTest" classname="App.Tests.Functional.Controller.ReviewsControllerTest" file="/app/tests/Functional/Controller/ReviewsControllerTest.php" line="156" assertions="12" time="1.898247"/>
          <testcase name="testGetGameReviews with data set &quot;without review creating&quot;" class="App\Tests\Functional\Controller\ReviewsControllerTest" classname="App.Tests.Functional.Controller.ReviewsControllerTest" file="/app/tests/Functional/Controller/ReviewsControllerTest.php" line="156" assertions="2" time="2.066702"/>
        </testsuite>
        <testsuite name="App\Tests\Functional\Controller\ReviewsControllerTest::testChangeGameReviewContent" tests="3" assertions="16" errors="0" warnings="0" failures="0" skipped="0" time="5.465213">
          <testcase name="testChangeGameReviewContent with data set &quot;success&quot;" class="App\Tests\Functional\Controller\ReviewsControllerTest" classname="App.Tests.Functional.Controller.ReviewsControllerTest" file="/app/tests/Functional/Controller/ReviewsControllerTest.php" line="216" assertions="10" time="1.899762"/>
          <testcase name="testChangeGameReviewContent with data set &quot;missing data&quot;" class="App\Tests\Functional\Controller\ReviewsControllerTest" classname="App.Tests.Functional.Controller.ReviewsControllerTest" file="/app/tests/Functional/Controller/ReviewsControllerTest.php" line="216" assertions="3" time="1.819634"/>
          <testcase name="testChangeGameReviewContent with data set &quot;user doesn't have a review&quot;" class="App\Tests\Functional\Controller\ReviewsControllerTest" classname="App.Tests.Functional.Controller.ReviewsControllerTest" file="/app/tests/Functional/Controller/ReviewsControllerTest.php" line="216" assertions="3" time="1.745817"/>
        </testsuite>
        <testsuite name="App\Tests\Functional\Controller\ReviewsControllerTest::testDeleteReview" tests="2" assertions="7" errors="0" warnings="0" failures="0" skipped="0" time="3.677678">
          <testcase name="testDeleteReview with data set &quot;success&quot;" class="App\Tests\Functional\Controller\ReviewsControllerTest" classname="App.Tests.Functional.Controller.ReviewsControllerTest" file="/app/tests/Functional/Controller/ReviewsControllerTest.php" line="288" assertions="4" time="1.912235"/>
          <testcase name="testDeleteReview with data set &quot;user doesn't have a review&quot;" class="App\Tests\Functional\Controller\ReviewsControllerTest" classname="App.Tests.Functional.Controller.ReviewsControllerTest" file="/app/tests/Functional/Controller/ReviewsControllerTest.php" line="288" assertions="3" time="1.765443"/>
        </testsuite>
        <testsuite name="App\Tests\Functional\Controller\ReviewsControllerTest::testGetUserReviewContentByGameId" tests="2" assertions="8" errors="0" warnings="0" failures="0" skipped="0" time="3.888365">
          <testcase name="testGetUserReviewContentByGameId with data set &quot;success&quot;" class="App\Tests\Functional\Controller\ReviewsControllerTest" classname="App.Tests.Functional.Controller.ReviewsControllerTest" file="/app/tests/Functional/Controller/ReviewsControllerTest.php" line="347" assertions="4" time="2.026041"/>
          <testcase name="testGetUserReviewContentByGameId with data set &quot;user doesn't have a review&quot;" class="App\Tests\Functional\Controller\ReviewsControllerTest" classname="App.Tests.Functional.Controller.ReviewsControllerTest" file="/app/tests/Functional/Controller/ReviewsControllerTest.php" line="347" assertions="4" time="1.862323"/>
        </testsuite>
      </testsuite>
      <testsuite name="App\Tests\Functional\Controller\UserInfoControllerTest" file="/app/tests/Functional/Controller/UserInfoControllerTest.php" tests="3" assertions="32" errors="0" warnings="0" failures="0" skipped="0" time="5.558872">
        <testcase name="testGetUserInfoSuccess" class="App\Tests\Functional\Controller\UserInfoControllerTest" classname="App.Tests.Functional.Controller.UserInfoControllerTest" file="/app/tests/Functional/Controller/UserInfoControllerTest.php" line="45" assertions="15" time="1.738369"/>
        <testsuite name="App\Tests\Functional\Controller\UserInfoControllerTest::testGetUsersMostPlayedGames1" tests="2" assertions="17" errors="0" warnings="0" failures="0" skipped="0" time="3.820503">
          <testcase name="testGetUsersMostPlayedGames1 with data set &quot;success&quot;" class="App\Tests\Functional\Controller\UserInfoControllerTest" classname="App.Tests.Functional.Controller.UserInfoControllerTest" file="/app/tests/Functional/Controller/UserInfoControllerTest.php" line="92" assertions="13" time="1.901793"/>
          <testcase name="testGetUsersMostPlayedGames1 with data set &quot;unauthorized&quot;" class="App\Tests\Functional\Controller\UserInfoControllerTest" classname="App.Tests.Functional.Controller.UserInfoControllerTest" file="/app/tests/Functional/Controller/UserInfoControllerTest.php" line="92" assertions="4" time="1.918710"/>
        </testsuite>
      </testsuite>
      <testsuite name="App\Tests\Functional\Repository\UserRepositoryTest" file="/app/tests/Functional/Repository/UserRepositoryTest.php" tests="2" assertions="2" errors="0" warnings="0" failures="0" skipped="0" time="6.981259">
        <testcase name="testUpgradePasswordSuccess" class="App\Tests\Functional\Repository\UserRepositoryTest" classname="App.Tests.Functional.Repository.UserRepositoryTest" file="/app/tests/Functional/Repository/UserRepositoryTest.php" line="31" assertions="1" time="1.646810"/>
        <testcase name="testUpgradePasswordNotSupported" class="App\Tests\Functional\Repository\UserRepositoryTest" classname="App.Tests.Functional.Repository.UserRepositoryTest" file="/app/tests/Functional/Repository/UserRepositoryTest.php" line="51" assertions="1" time="5.334449"/>
      </testsuite>
      <testsuite name="App\Tests\Unit\Entity\GameTest" file="/app/tests/Unit/Entity/GameTest.php" tests="2" assertions="10" errors="0" warnings="0" failures="0" skipped="0" time="0.014804">
        <testcase name="testCreateEmptyGameEntity" class="App\Tests\Unit\Entity\GameTest" classname="App.Tests.Unit.Entity.GameTest" file="/app/tests/Unit/Entity/GameTest.php" line="11" assertions="4" time="0.007100"/>
        <testcase name="testCreateNotEmptyGameEntity" class="App\Tests\Unit\Entity\GameTest" classname="App.Tests.Unit.Entity.GameTest" file="/app/tests/Unit/Entity/GameTest.php" line="21" assertions="6" time="0.007705"/>
      </testsuite>
      <testsuite name="App\Tests\Unit\Entity\PurchasedGameTest" file="/app/tests/Unit/Entity/PurchasedGameTest.php" tests="2" assertions="7" errors="0" warnings="0" failures="0" skipped="0" time="0.014342">
        <testcase name="testCreateEmptyPurchasedGame" class="App\Tests\Unit\Entity\PurchasedGameTest" classname="App.Tests.Unit.Entity.PurchasedGameTest" file="/app/tests/Unit/Entity/PurchasedGameTest.php" line="12" assertions="4" time="0.006089"/>
        <testcase name="testCreateNotEmptyPurchasedGame" class="App\Tests\Unit\Entity\PurchasedGameTest" classname="App.Tests.Unit.Entity.PurchasedGameTest" file="/app/tests/Unit/Entity/PurchasedGameTest.php" line="22" assertions="3" time="0.008252"/>
      </testsuite>
      <testsuite name="App\Tests\Unit\Entity\UserTest" file="/app/tests/Unit/Entity/UserTest.php" tests="8" assertions="30" errors="0" warnings="0" failures="0" skipped="0" time="0.078818">
        <testcase name="testCreateEmptyUserEntity" class="App\Tests\Unit\Entity\UserTest" classname="App.Tests.Unit.Entity.UserTest" file="/app/tests/Unit/Entity/UserTest.php" line="30" assertions="6" time="0.008047"/>
        <testcase name="testCreateNotEmptyUserEntity" class="App\Tests\Unit\Entity\UserTest" classname="App.Tests.Unit.Entity.UserTest" file="/app/tests/Unit/Entity/UserTest.php" line="41" assertions="12" time="0.024854"/>
        <testsuite name="App\Tests\Unit\Entity\UserTest::testValidateLogin" tests="3" assertions="6" errors="0" warnings="0" failures="0" skipped="0" time="0.022900">
          <testcase name="testValidateLogin with data set &quot;smallLogin&quot;" class="App\Tests\Unit\Entity\UserTest" classname="App.Tests.Unit.Entity.UserTest" file="/app/tests/Unit/Entity/UserTest.php" line="77" assertions="2" time="0.007620"/>
          <testcase name="testValidateLogin with data set &quot;bigLogin&quot;" class="App\Tests\Unit\Entity\UserTest" classname="App.Tests.Unit.Entity.UserTest" file="/app/tests/Unit/Entity/UserTest.php" line="77" assertions="2" time="0.007623"/>
          <testcase name="testValidateLogin with data set &quot;loginWithInvalidCharacters&quot;" class="App\Tests\Unit\Entity\UserTest" classname="App.Tests.Unit.Entity.UserTest" file="/app/tests/Unit/Entity/UserTest.php" line="77" assertions="2" time="0.007657"/>
        </testsuite>
        <testsuite name="App\Tests\Unit\Entity\UserTest::testValidateNickname" tests="3" assertions="6" errors="0" warnings="0" failures="0" skipped="0" time="0.023016">
          <testcase name="testValidateNickname with data set &quot;smallNickname&quot;" class="App\Tests\Unit\Entity\UserTest" classname="App.Tests.Unit.Entity.UserTest" file="/app/tests/Unit/Entity/UserTest.php" line="99" assertions="2" time="0.007628"/>
          <testcase name="testValidateNickname with data set &quot;bigNickname&quot;" class="App\Tests\Unit\Entity\UserTest" classname="App.Tests.Unit.Entity.UserTest" file="/app/tests/Unit/Entity/UserTest.php" line="99" assertions="2" time="0.007626"/>
          <testcase name="testValidateNickname with data set &quot;NicknameWithInvalidCharacters&quot;" class="App\Tests\Unit\Entity\UserTest" classname="App.Tests.Unit.Entity.UserTest" file="/app/tests/Unit/Entity/UserTest.php" line="99" assertions="2" time="0.007762"/>
        </testsuite>
      </testsuite>
      <testsuite name="App\Tests\Unit\Security\ApiTokenFailureHandlerTest" file="/app/tests/Unit/Security/ApiTokenFailureHandlerTest.php" tests="1" assertions="1" errors="0" warnings="0" failures="0" skipped="0" time="0.017806">
        <testcase name="testOnAuthenticationFailure" class="App\Tests\Unit\Security\ApiTokenFailureHandlerTest" classname="App.Tests.Unit.Security.ApiTokenFailureHandlerTest" file="/app/tests/Unit/Security/ApiTokenFailureHandlerTest.php" line="14" assertions="1" time="0.017806"/>
      </testsuite>
      <testsuite name="App\Tests\Unit\Security\ApiTokenHandlerTest" file="/app/tests/Unit/Security/ApiTokenHandlerTest.php" tests="3" assertions="11" errors="0" warnings="0" failures="0" skipped="0" time="0.117872">
        <testsuite name="App\Tests\Unit\Security\ApiTokenHandlerTest::testGetUserBadgeFrom" tests="3" assertions="11" errors="0" warnings="0" failures="0" skipped="0" time="0.117872">
          <testcase name="testGetUserBadgeFrom with data set &quot;success&quot;" class="App\Tests\Unit\Security\ApiTokenHandlerTest" classname="App.Tests.Unit.Security.ApiTokenHandlerTest" file="/app/tests/Unit/Security/ApiTokenHandlerTest.php" line="41" assertions="4" time="0.037921"/>
          <testcase name="testGetUserBadgeFrom with data set &quot;bad credentials&quot;" class="App\Tests\Unit\Security\ApiTokenHandlerTest" classname="App.Tests.Unit.Security.ApiTokenHandlerTest" file="/app/tests/Unit/Security/ApiTokenHandlerTest.php" line="41" assertions="3" time="0.041643"/>
          <testcase name="testGetUserBadgeFrom with data set &quot;expired token&quot;" class="App\Tests\Unit\Security\ApiTokenHandlerTest" classname="App.Tests.Unit.Security.ApiTokenHandlerTest" file="/app/tests/Unit/Security/ApiTokenHandlerTest.php" line="41" assertions="4" time="0.038308"/>
        </testsuite>
      </testsuite>
      <testsuite name="App\Tests\Unit\Service\AccountFundingServiceTest" file="/app/tests/Unit/Service/AccountFundingServiceTest.php" tests="1" assertions="2" errors="0" warnings="0" failures="0" skipped="0" time="0.027050">
        <testcase name="testFund" class="App\Tests\Unit\Service\AccountFundingServiceTest" classname="App.Tests.Unit.Service.AccountFundingServiceTest" file="/app/tests/Unit/Service/AccountFundingServiceTest.php" line="26" assertions="2" time="0.027050"/>
      </testsuite>
      <testsuite name="App\Tests\Unit\Service\AuthorizationServiceTest" file="/app/tests/Unit/Service/AuthorizationServiceTest.php" tests="11" assertions="29" errors="0" warnings="0" failures="0" skipped="0" time="0.349706">
        <testsuite name="App\Tests\Unit\Service\AuthorizationServiceTest::testLogin" tests="2" assertions="7" errors="0" warnings="0" failures="0" skipped="0" time="0.066095">
          <testcase name="testLogin with data set &quot;success&quot;" class="App\Tests\Unit\Service\AuthorizationServiceTest" classname="App.Tests.Unit.Service.AuthorizationServiceTest" file="/app/tests/Unit/Service/AuthorizationServiceTest.php" line="85" assertions="4" time="0.032413"/>
          <testcase name="testLogin with data set &quot;wrong password&quot;" class="App\Tests\Unit\Service\AuthorizationServiceTest" classname="App.Tests.Unit.Service.AuthorizationServiceTest" file="/app/tests/Unit/Service/AuthorizationServiceTest.php" line="85" assertions="3" time="0.033682"/>
        </testsuite>
        <testcase name="testRegisterSuccess" class="App\Tests\Unit\Service\AuthorizationServiceTest" classname="App.Tests.Unit.Service.AuthorizationServiceTest" file="/app/tests/Unit/Service/AuthorizationServiceTest.php" line="119" assertions="3" time="0.033841"/>
        <testsuite name="App\Tests\Unit\Service\AuthorizationServiceTest::testLogout" tests="2" assertions="8" errors="0" warnings="0" failures="0" skipped="0" time="0.064384">
          <testcase name="testLogout with data set &quot;success&quot;" class="App\Tests\Unit\Service\AuthorizationServiceTest" classname="App.Tests.Unit.Service.AuthorizationServiceTest" file="/app/tests/Unit/Service/AuthorizationServiceTest.php" line="135" assertions="4" time="0.031943"/>
          <testcase name="testLogout with data set &quot;user already unauthorized&quot;" class="App\Tests\Unit\Service\AuthorizationServiceTest" classname="App.Tests.Unit.Service.AuthorizationServiceTest" file="/app/tests/Unit/Service/AuthorizationServiceTest.php" line="135" assertions="4" time="0.032441"/>
        </testsuite>
        <testsuite name="App\Tests\Unit\Service\AuthorizationServiceTest::testValidatePassword" tests="6" assertions="11" errors="0" warnings="0" failures="0" skipped="0" time="0.185385">
          <testcase name="testValidatePassword with data set &quot;validPassword&quot;" class="App\Tests\Unit\Service\AuthorizationServiceTest" classname="App.Tests.Unit.Service.AuthorizationServiceTest" file="/app/tests/Unit/Service/AuthorizationServiceTest.php" line="166" assertions="1" time="0.030979"/>
          <testcase name="testValidatePassword with data set &quot;tooSmallPassword&quot;" class="App\Tests\Unit\Service\AuthorizationServiceTest" classname="App.Tests.Unit.Service.AuthorizationServiceTest" file="/app/tests/Unit/Service/AuthorizationServiceTest.php" line="166" assertions="2" time="0.030288"/>
          <testcase name="testValidatePassword with data set &quot;tooBigPassword&quot;" class="App\Tests\Unit\Service\AuthorizationServiceTest" classname="App.Tests.Unit.Service.AuthorizationServiceTest" file="/app/tests/Unit/Service/AuthorizationServiceTest.php" line="166" assertions="2" time="0.030875"/>
          <testcase name="testValidatePassword with data set &quot;passwordWithInvalidSymbols&quot;" class="App\Tests\Unit\Service\AuthorizationServiceTest" classname="App.Tests.Unit.Service.AuthorizationServiceTest" file="/app/tests/Unit/Service/AuthorizationServiceTest.php" line="166" assertions="2" time="0.030354"/>
          <testcase name="testValidatePassword with data set &quot;passwordWithoutDigits&quot;" class="App\Tests\Unit\Service\AuthorizationServiceTest" classname="App.Tests.Unit.Service.AuthorizationServiceTest" file="/app/tests/Unit/Service/AuthorizationServiceTest.php" line="166" assertions="2" time="0.032075"/>
          <testcase name="testValidatePassword with data set &quot;passwordWithoutSymbols&quot;" class="App\Tests\Unit\Service\AuthorizationServiceTest" classname="App.Tests.Unit.Service.AuthorizationServiceTest" file="/app/tests/Unit/Service/AuthorizationServiceTest.php" line="166" assertions="2" time="0.030814"/>
        </testsuite>
      </testsuite>
      <testsuite name="App\Tests\Unit\Service\GetEntitiesServiceTest" file="/app/tests/Unit/Service/GetEntitiesServiceTest.php" tests="6" assertions="23" errors="0" warnings="0" failures="0" skipped="0" time="0.220904">
        <testsuite name="App\Tests\Unit\Service\GetEntitiesServiceTest::testGetUserByLogin" tests="2" assertions="9" errors="0" warnings="0" failures="0" skipped="0" time="0.077378">
          <testcase name="testGetUserByLogin with data set &quot;success&quot;" class="App\Tests\Unit\Service\GetEntitiesServiceTest" classname="App.Tests.Unit.Service.GetEntitiesServiceTest" file="/app/tests/Unit/Service/GetEntitiesServiceTest.php" line="63" assertions="5" time="0.034665"/>
          <testcase name="testGetUserByLogin with data set &quot;user not found&quot;" class="App\Tests\Unit\Service\GetEntitiesServiceTest" classname="App.Tests.Unit.Service.GetEntitiesServiceTest" file="/app/tests/Unit/Service/GetEntitiesServiceTest.php" line="63" assertions="4" time="0.042713"/>
        </testsuite>
        <testsuite name="App\Tests\Unit\Service\GetEntitiesServiceTest::testGetGameById" tests="2" assertions="7" errors="0" warnings="0" failures="0" skipped="0" time="0.071899">
          <testcase name="testGetGameById with data set &quot;success&quot;" class="App\Tests\Unit\Service\GetEntitiesServiceTest" classname="App.Tests.Unit.Service.GetEntitiesServiceTest" file="/app/tests/Unit/Service/GetEntitiesServiceTest.php" line="92" assertions="3" time="0.034456"/>
          <testcase name="testGetGameById with data set &quot;game not found&quot;" class="App\Tests\Unit\Service\GetEntitiesServiceTest" classname="App.Tests.Unit.Service.GetEntitiesServiceTest" file="/app/tests/Unit/Service/GetEntitiesServiceTest.php" line="92" assertions="4" time="0.037443"/>
        </testsuite>
        <testsuite name="App\Tests\Unit\Service\GetEntitiesServiceTest::testGetPurchasedGameByGameAndUser" tests="2" assertions="7" errors="0" warnings="0" failures="0" skipped="0" time="0.071626">
          <testcase name="testGetPurchasedGameByGameAndUser with data set &quot;success&quot;" class="App\Tests\Unit\Service\GetEntitiesServiceTest" classname="App.Tests.Unit.Service.GetEntitiesServiceTest" file="/app/tests/Unit/Service/GetEntitiesServiceTest.php" line="119" assertions="3" time="0.034952"/>
          <testcase name="testGetPurchasedGameByGameAndUser with data set &quot;game not found&quot;" class="App\Tests\Unit\Service\GetEntitiesServiceTest" classname="App.Tests.Unit.Service.GetEntitiesServiceTest" file="/app/tests/Unit/Service/GetEntitiesServiceTest.php" line="119" assertions="4" time="0.036674"/>
        </testsuite>
      </testsuite>
      <testsuite name="App\Tests\Unit\Service\PlayingServiceTest" file="/app/tests/Unit/Service/PlayingServiceTest.php" tests="1" assertions="2" errors="0" warnings="0" failures="0" skipped="0" time="0.028885">
        <testcase name="testSavePlayingTime" class="App\Tests\Unit\Service\PlayingServiceTest" classname="App.Tests.Unit.Service.PlayingServiceTest" file="/app/tests/Unit/Service/PlayingServiceTest.php" line="28" assertions="2" time="0.028885"/>
      </testsuite>
      <testsuite name="App\Tests\Unit\Service\PurchaseServiceTest" file="/app/tests/Unit/Service/PurchaseServiceTest.php" tests="4" assertions="23" errors="0" warnings="0" failures="0" skipped="0" time="0.144455">
        <testsuite name="App\Tests\Unit\Service\PurchaseServiceTest::testPurchase" tests="3" assertions="12" errors="0" warnings="0" failures="0" skipped="0" time="0.114750">
          <testcase name="testPurchase with data set &quot;success&quot;" class="App\Tests\Unit\Service\PurchaseServiceTest" classname="App.Tests.Unit.Service.PurchaseServiceTest" file="/app/tests/Unit/Service/PurchaseServiceTest.php" line="61" assertions="4" time="0.037639"/>
          <testcase name="testPurchase with data set &quot;not enough money&quot;" class="App\Tests\Unit\Service\PurchaseServiceTest" classname="App.Tests.Unit.Service.PurchaseServiceTest" file="/app/tests/Unit/Service/PurchaseServiceTest.php" line="61" assertions="4" time="0.038581"/>
          <testcase name="testPurchase with data set &quot;game already purchased&quot;" class="App\Tests\Unit\Service\PurchaseServiceTest" classname="App.Tests.Unit.Service.PurchaseServiceTest" file="/app/tests/Unit/Service/PurchaseServiceTest.php" line="61" assertions="4" time="0.038530"/>
        </testsuite>
        <testcase name="testGetPurchasedGamesSuccess" class="App\Tests\Unit\Service\PurchaseServiceTest" classname="App.Tests.Unit.Service.PurchaseServiceTest" file="/app/tests/Unit/Service/PurchaseServiceTest.php" line="101" assertions="11" time="0.029705"/>
      </testsuite>
      <testsuite name="App\Tests\Unit\Service\ReviewsServiceTest" file="/app/tests/Unit/Service/ReviewsServiceTest.php" tests="7" assertions="38" errors="0" warnings="0" failures="0" skipped="0" time="0.285354">
        <testsuite name="App\Tests\Unit\Service\ReviewsServiceTest::testCreateGameReview" tests="2" assertions="9" errors="0" warnings="0" failures="0" skipped="0" time="0.083926">
          <testcase name="testCreateGameReview with data set &quot;success&quot;" class="App\Tests\Unit\Service\ReviewsServiceTest" classname="App.Tests.Unit.Service.ReviewsServiceTest" file="/app/tests/Unit/Service/ReviewsServiceTest.php" line="51" assertions="4" time="0.041505"/>
          <testcase name="testCreateGameReview with data set &quot;user already has review on this game&quot;" class="App\Tests\Unit\Service\ReviewsServiceTest" classname="App.Tests.Unit.Service.ReviewsServiceTest" file="/app/tests/Unit/Service/ReviewsServiceTest.php" line="51" assertions="5" time="0.042420"/>
        </testsuite>
        <testcase name="testGetGameReviews" class="App\Tests\Unit\Service\ReviewsServiceTest" classname="App.Tests.Unit.Service.ReviewsServiceTest" file="/app/tests/Unit/Service/ReviewsServiceTest.php" line="108" assertions="13" time="0.040326"/>
        <testcase name="testChangeGameReviewContent" class="App\Tests\Unit\Service\ReviewsServiceTest" classname="App.Tests.Unit.Service.ReviewsServiceTest" file="/app/tests/Unit/Service/ReviewsServiceTest.php" line="166" assertions="5" time="0.041217"/>
        <testcase name="testDeleteUsersReviewContent" class="App\Tests\Unit\Service\ReviewsServiceTest" classname="App.Tests.Unit.Service.ReviewsServiceTest" file="/app/tests/Unit/Service/ReviewsServiceTest.php" line="213" assertions="3" time="0.039813"/>
        <testsuite name="App\Tests\Unit\Service\ReviewsServiceTest::testGetUserReviewContentByUserLoginAndGameId1" tests="2" assertions="8" errors="0" warnings="0" failures="0" skipped="0" time="0.080072">
          <testcase name="testGetUserReviewContentByUserLoginAndGameId1 with data set &quot;success&quot;" class="App\Tests\Unit\Service\ReviewsServiceTest" classname="App.Tests.Unit.Service.ReviewsServiceTest" file="/app/tests/Unit/Service/ReviewsServiceTest.php" line="257" assertions="4" time="0.041941"/>
          <testcase name="testGetUserReviewContentByUserLoginAndGameId1 with data set &quot;user doesn't have a review&quot;" class="App\Tests\Unit\Service\ReviewsServiceTest" classname="App.Tests.Unit.Service.ReviewsServiceTest" file="/app/tests/Unit/Service/ReviewsServiceTest.php" line="257" assertions="4" time="0.038132"/>
        </testsuite>
      </testsuite>
      <testsuite name="App\Tests\Unit\Service\UserInfoServiceTest" file="/app/tests/Unit/Service/UserInfoServiceTest.php" tests="2" assertions="32" errors="0" warnings="0" failures="0" skipped="0" time="0.089885">
        <testcase name="testGetUserInfo" class="App\Tests\Unit\Service\UserInfoServiceTest" classname="App.Tests.Unit.Service.UserInfoServiceTest" file="/app/tests/Unit/Service/UserInfoServiceTest.php" line="31" assertions="17" time="0.045716"/>
        <testcase name="testGetUsersMostPlayedGames" class="App\Tests\Unit\Service\UserInfoServiceTest" classname="App.Tests.Unit.Service.UserInfoServiceTest" file="/app/tests/Unit/Service/UserInfoServiceTest.php" line="67" assertions="15" time="0.044169"/>
      </testsuite>
    </testsuite>
  </testsuite>
</testsuites>
