<?xml version="1.0" encoding="UTF-8"?>
<testsuites>
  <testsuite name="" tests="19" assertions="68" errors="0" warnings="0" failures="0" skipped="2" time="12.370564">
    <testsuite name="Project Test Suite" tests="19" assertions="68" errors="0" warnings="0" failures="0" skipped="2" time="12.370564">
      <testsuite name="App\Tests\Functional\GamesResourceTest" file="/app/tests/Functional/GamesResourceTest.php" tests="13" assertions="37" errors="0" warnings="0" failures="0" skipped="2" time="12.359453">
        <testcase name="testGetGamesCollection" class="App\Tests\Functional\GamesResourceTest" classname="App.Tests.Functional.GamesResourceTest" file="/app/tests/Functional/GamesResourceTest.php" line="45" assertions="3" time="1.459921"/>
        <testcase name="testPostNewGameSuccess" class="App\Tests\Functional\GamesResourceTest" classname="App.Tests.Functional.GamesResourceTest" file="/app/tests/Functional/GamesResourceTest.php" line="68" assertions="3" time="0.868703"/>
        <testcase name="testPostNewGameUnauthorized" class="App\Tests\Functional\GamesResourceTest" classname="App.Tests.Functional.GamesResourceTest" file="/app/tests/Functional/GamesResourceTest.php" line="97" assertions="0" time="0.527787">
          <skipped/>
        </testcase>
        <testcase name="testPostNewGameInvalidInput" class="App\Tests\Functional\GamesResourceTest" classname="App.Tests.Functional.GamesResourceTest" file="/app/tests/Functional/GamesResourceTest.php" line="124" assertions="4" time="0.784419"/>
        <testcase name="testPostNewUnprocessableEntity" class="App\Tests\Functional\GamesResourceTest" classname="App.Tests.Functional.GamesResourceTest" file="/app/tests/Functional/GamesResourceTest.php" line="150" assertions="5" time="0.966645"/>
        <testcase name="testGetGameSuccess" class="App\Tests\Functional\GamesResourceTest" classname="App.Tests.Functional.GamesResourceTest" file="/app/tests/Functional/GamesResourceTest.php" line="188" assertions="0" time="0.552310">
          <skipped/>
        </testcase>
        <testcase name="testGetGameResourceNotFound" class="App\Tests\Functional\GamesResourceTest" classname="App.Tests.Functional.GamesResourceTest" file="/app/tests/Functional/GamesResourceTest.php" line="212" assertions="3" time="0.768990"/>
        <testcase name="testDeleteGameSuccess" class="App\Tests\Functional\GamesResourceTest" classname="App.Tests.Functional.GamesResourceTest" file="/app/tests/Functional/GamesResourceTest.php" line="228" assertions="2" time="0.711236"/>
        <testcase name="testDeleteGameResourceNotFound" class="App\Tests\Functional\GamesResourceTest" classname="App.Tests.Functional.GamesResourceTest" file="/app/tests/Functional/GamesResourceTest.php" line="243" assertions="2" time="0.906070"/>
        <testcase name="testPatchGameSuccess" class="App\Tests\Functional\GamesResourceTest" classname="App.Tests.Functional.GamesResourceTest" file="/app/tests/Functional/GamesResourceTest.php" line="258" assertions="3" time="0.802983"/>
        <testcase name="testPatchGameInvalidInput" class="App\Tests\Functional\GamesResourceTest" classname="App.Tests.Functional.GamesResourceTest" file="/app/tests/Functional/GamesResourceTest.php" line="280" assertions="4" time="1.280907"/>
        <testcase name="testPatchGameResourceNotFound" class="App\Tests\Functional\GamesResourceTest" classname="App.Tests.Functional.GamesResourceTest" file="/app/tests/Functional/GamesResourceTest.php" line="306" assertions="3" time="1.300412"/>
        <testcase name="testPatchNewUnprocessableEntity" class="App\Tests\Functional\GamesResourceTest" classname="App.Tests.Functional.GamesResourceTest" file="/app/tests/Functional/GamesResourceTest.php" line="328" assertions="5" time="1.429072"/>
      </testsuite>
      <testsuite name="App\Tests\Unit\Entity\GameUnitTest" file="/app/tests/Unit/Entity/GameUnitTest.php" tests="2" assertions="9" errors="0" warnings="0" failures="0" skipped="0" time="0.003261">
        <testcase name="testCreateEmptyGameEntity" class="App\Tests\Unit\Entity\GameUnitTest" classname="App.Tests.Unit.Entity.GameUnitTest" file="/app/tests/Unit/Entity/GameUnitTest.php" line="11" assertions="3" time="0.002024"/>
        <testcase name="testCreateNotEmptyGameEntity" class="App\Tests\Unit\Entity\GameUnitTest" classname="App.Tests.Unit.Entity.GameUnitTest" file="/app/tests/Unit/Entity/GameUnitTest.php" line="20" assertions="6" time="0.001236"/>
      </testsuite>
      <testsuite name="App\Tests\Unit\Entity\PurchasedGameUnitTest" file="/app/tests/Unit/Entity/PurchasedGameUnitTest.php" tests="2" assertions="7" errors="0" warnings="0" failures="0" skipped="0" time="0.002242">
        <testcase name="testCreateEmptyPurchasedGame" class="App\Tests\Unit\Entity\PurchasedGameUnitTest" classname="App.Tests.Unit.Entity.PurchasedGameUnitTest" file="/app/tests/Unit/Entity/PurchasedGameUnitTest.php" line="12" assertions="4" time="0.001066"/>
        <testcase name="testCreateNotEmptyPurchasedGame" class="App\Tests\Unit\Entity\PurchasedGameUnitTest" classname="App.Tests.Unit.Entity.PurchasedGameUnitTest" file="/app/tests/Unit/Entity/PurchasedGameUnitTest.php" line="22" assertions="3" time="0.001177"/>
      </testsuite>
      <testsuite name="App\Tests\Unit\Entity\UserUnitTest" file="/app/tests/Unit/Entity/UserUnitTest.php" tests="2" assertions="15" errors="0" warnings="0" failures="0" skipped="0" time="0.005608">
        <testcase name="testCreateEmptyUserEntity" class="App\Tests\Unit\Entity\UserUnitTest" classname="App.Tests.Unit.Entity.UserUnitTest" file="/app/tests/Unit/Entity/UserUnitTest.php" line="11" assertions="5" time="0.001371"/>
        <testcase name="testCreateNotEmptyUserEntity" class="App\Tests\Unit\Entity\UserUnitTest" classname="App.Tests.Unit.Entity.UserUnitTest" file="/app/tests/Unit/Entity/UserUnitTest.php" line="21" assertions="10" time="0.004237"/>
      </testsuite>
    </testsuite>
  </testsuite>
</testsuites>
