<?xml version="1.0" encoding="UTF-8"?>
<testsuites>
  <testsuite name="" tests="66" assertions="287" errors="0" warnings="0" failures="0" skipped="0" time="17.227958">
    <testsuite name="Project Test Suite" tests="66" assertions="287" errors="0" warnings="0" failures="0" skipped="0" time="17.227958">
      <testsuite name="App\Tests\Functional\Controller\AccountFundingControllerTest" file="/app/tests/Functional/Controller/AccountFundingControllerTest.php" tests="3" assertions="13" errors="0" warnings="0" failures="0" skipped="0" time="2.397800">
        <testsuite name="App\Tests\Functional\Controller\AccountFundingControllerTest::testFund" tests="3" assertions="13" errors="0" warnings="0" failures="0" skipped="0" time="2.397800">
          <testcase name="testFund with data set &quot;success&quot;" class="App\Tests\Functional\Controller\AccountFundingControllerTest" classname="App.Tests.Functional.Controller.AccountFundingControllerTest" file="/app/tests/Functional/Controller/AccountFundingControllerTest.php" line="47" assertions="5" time="1.177534"/>
          <testcase name="testFund with data set &quot;missing data&quot;" class="App\Tests\Functional\Controller\AccountFundingControllerTest" classname="App.Tests.Functional.Controller.AccountFundingControllerTest" file="/app/tests/Functional/Controller/AccountFundingControllerTest.php" line="47" assertions="4" time="0.632816"/>
          <testcase name="testFund with data set &quot;unauthorized &quot;" class="App\Tests\Functional\Controller\AccountFundingControllerTest" classname="App.Tests.Functional.Controller.AccountFundingControllerTest" file="/app/tests/Functional/Controller/AccountFundingControllerTest.php" line="47" assertions="4" time="0.587450"/>
        </testsuite>
      </testsuite>
      <testsuite name="App\Tests\Functional\Controller\AuthorizationControllerTest" file="/app/tests/Functional/Controller/AuthorizationControllerTest.php" tests="7" assertions="23" errors="0" warnings="0" failures="0" skipped="0" time="4.436710">
        <testsuite name="App\Tests\Functional\Controller\AuthorizationControllerTest::testLogin" tests="3" assertions="10" errors="0" warnings="0" failures="0" skipped="0" time="1.722689">
          <testcase name="testLogin with data set &quot;success&quot;" class="App\Tests\Functional\Controller\AuthorizationControllerTest" classname="App.Tests.Functional.Controller.AuthorizationControllerTest" file="/app/tests/Functional/Controller/AuthorizationControllerTest.php" line="54" assertions="3" time="0.602049"/>
          <testcase name="testLogin with data set &quot;wrong password&quot;" class="App\Tests\Functional\Controller\AuthorizationControllerTest" classname="App.Tests.Functional.Controller.AuthorizationControllerTest" file="/app/tests/Functional/Controller/AuthorizationControllerTest.php" line="54" assertions="4" time="0.563905"/>
          <testcase name="testLogin with data set &quot;missing data&quot;" class="App\Tests\Functional\Controller\AuthorizationControllerTest" classname="App.Tests.Functional.Controller.AuthorizationControllerTest" file="/app/tests/Functional/Controller/AuthorizationControllerTest.php" line="54" assertions="3" time="0.556735"/>
        </testsuite>
        <testcase name="testLogout" class="App\Tests\Functional\Controller\AuthorizationControllerTest" classname="App.Tests.Functional.Controller.AuthorizationControllerTest" file="/app/tests/Functional/Controller/AuthorizationControllerTest.php" line="89" assertions="3" time="0.684061"/>
        <testsuite name="App\Tests\Functional\Controller\AuthorizationControllerTest::testRegister1" tests="3" assertions="10" errors="0" warnings="0" failures="0" skipped="0" time="2.029960">
          <testcase name="testRegister1 with data set &quot;success&quot;" class="App\Tests\Functional\Controller\AuthorizationControllerTest" classname="App.Tests.Functional.Controller.AuthorizationControllerTest" file="/app/tests/Functional/Controller/AuthorizationControllerTest.php" line="124" assertions="4" time="0.684060"/>
          <testcase name="testRegister1 with data set &quot;missing data&quot;" class="App\Tests\Functional\Controller\AuthorizationControllerTest" classname="App.Tests.Functional.Controller.AuthorizationControllerTest" file="/app/tests/Functional/Controller/AuthorizationControllerTest.php" line="124" assertions="3" time="0.719071"/>
          <testcase name="testRegister1 with data set &quot;login already in use&quot;" class="App\Tests\Functional\Controller\AuthorizationControllerTest" classname="App.Tests.Functional.Controller.AuthorizationControllerTest" file="/app/tests/Functional/Controller/AuthorizationControllerTest.php" line="124" assertions="3" time="0.626829"/>
        </testsuite>
      </testsuite>
      <testsuite name="App\Tests\Functional\Controller\PlayingControllerTest" file="/app/tests/Functional/Controller/PlayingControllerTest.php" tests="3" assertions="13" errors="0" warnings="0" failures="0" skipped="0" time="2.170229">
        <testsuite name="App\Tests\Functional\Controller\PlayingControllerTest::testSavePlayingTime1" tests="3" assertions="13" errors="0" warnings="0" failures="0" skipped="0" time="2.170229">
          <testcase name="testSavePlayingTime1 with data set &quot;success&quot;" class="App\Tests\Functional\Controller\PlayingControllerTest" classname="App.Tests.Functional.Controller.PlayingControllerTest" file="/app/tests/Functional/Controller/PlayingControllerTest.php" line="50" assertions="5" time="0.729470"/>
          <testcase name="testSavePlayingTime1 with data set &quot;missing data&quot;" class="App\Tests\Functional\Controller\PlayingControllerTest" classname="App.Tests.Functional.Controller.PlayingControllerTest" file="/app/tests/Functional/Controller/PlayingControllerTest.php" line="50" assertions="4" time="0.698377"/>
          <testcase name="testSavePlayingTime1 with data set &quot;unauthorized &quot;" class="App\Tests\Functional\Controller\PlayingControllerTest" classname="App.Tests.Functional.Controller.PlayingControllerTest" file="/app/tests/Functional/Controller/PlayingControllerTest.php" line="50" assertions="4" time="0.742382"/>
        </testsuite>
      </testsuite>
      <testsuite name="App\Tests\Functional\Controller\PurchaseControllerTest" file="/app/tests/Functional/Controller/PurchaseControllerTest.php" tests="7" assertions="34" errors="0" warnings="0" failures="0" skipped="0" time="4.957529">
        <testsuite name="App\Tests\Functional\Controller\PurchaseControllerTest::testPurchase" tests="3" assertions="14" errors="0" warnings="0" failures="0" skipped="0" time="2.172202">
          <testcase name="testPurchase with data set &quot;success&quot;" class="App\Tests\Functional\Controller\PurchaseControllerTest" classname="App.Tests.Functional.Controller.PurchaseControllerTest" file="/app/tests/Functional/Controller/PurchaseControllerTest.php" line="58" assertions="8" time="0.718272"/>
          <testcase name="testPurchase with data set &quot;missing data&quot;" class="App\Tests\Functional\Controller\PurchaseControllerTest" classname="App.Tests.Functional.Controller.PurchaseControllerTest" file="/app/tests/Functional/Controller/PurchaseControllerTest.php" line="58" assertions="3" time="0.673527"/>
          <testcase name="testPurchase with data set &quot;not enough money&quot;" class="App\Tests\Functional\Controller\PurchaseControllerTest" classname="App.Tests.Functional.Controller.PurchaseControllerTest" file="/app/tests/Functional/Controller/PurchaseControllerTest.php" line="58" assertions="3" time="0.780403"/>
        </testsuite>
        <testcase name="testGetPurchasedGamesSuccess" class="App\Tests\Functional\Controller\PurchaseControllerTest" classname="App.Tests.Functional.Controller.PurchaseControllerTest" file="/app/tests/Functional/Controller/PurchaseControllerTest.php" line="123" assertions="10" time="0.688985"/>
        <testsuite name="App\Tests\Functional\Controller\PurchaseControllerTest::testDeletePurchasedGame1" tests="3" assertions="10" errors="0" warnings="0" failures="0" skipped="0" time="2.096341">
          <testcase name="testDeletePurchasedGame1 with data set &quot;success&quot;" class="App\Tests\Functional\Controller\PurchaseControllerTest" classname="App.Tests.Functional.Controller.PurchaseControllerTest" file="/app/tests/Functional/Controller/PurchaseControllerTest.php" line="180" assertions="4" time="0.792097"/>
          <testcase name="testDeletePurchasedGame1 with data set &quot;missing data&quot;" class="App\Tests\Functional\Controller\PurchaseControllerTest" classname="App.Tests.Functional.Controller.PurchaseControllerTest" file="/app/tests/Functional/Controller/PurchaseControllerTest.php" line="180" assertions="3" time="0.681453"/>
          <testcase name="testDeletePurchasedGame1 with data set &quot;unauthorized&quot;" class="App\Tests\Functional\Controller\PurchaseControllerTest" classname="App.Tests.Functional.Controller.PurchaseControllerTest" file="/app/tests/Functional/Controller/PurchaseControllerTest.php" line="180" assertions="3" time="0.622791"/>
        </testsuite>
      </testsuite>
      <testsuite name="App\Tests\Functional\Controller\UserInfoControllerTest" file="/app/tests/Functional/Controller/UserInfoControllerTest.php" tests="3" assertions="32" errors="0" warnings="0" failures="0" skipped="0" time="2.020562">
        <testcase name="testGetUserInfoSuccess" class="App\Tests\Functional\Controller\UserInfoControllerTest" classname="App.Tests.Functional.Controller.UserInfoControllerTest" file="/app/tests/Functional/Controller/UserInfoControllerTest.php" line="45" assertions="15" time="0.597543"/>
        <testsuite name="App\Tests\Functional\Controller\UserInfoControllerTest::testGetUsersMostPlayedGames1" tests="2" assertions="17" errors="0" warnings="0" failures="0" skipped="0" time="1.423018">
          <testcase name="testGetUsersMostPlayedGames1 with data set &quot;success&quot;" class="App\Tests\Functional\Controller\UserInfoControllerTest" classname="App.Tests.Functional.Controller.UserInfoControllerTest" file="/app/tests/Functional/Controller/UserInfoControllerTest.php" line="92" assertions="13" time="0.723464"/>
          <testcase name="testGetUsersMostPlayedGames1 with data set &quot;unauthorized&quot;" class="App\Tests\Functional\Controller\UserInfoControllerTest" classname="App.Tests.Functional.Controller.UserInfoControllerTest" file="/app/tests/Functional/Controller/UserInfoControllerTest.php" line="92" assertions="4" time="0.699554"/>
        </testsuite>
      </testsuite>
      <testsuite name="App\Tests\Functional\Repository\UserRepositoryTest" file="/app/tests/Functional/Repository/UserRepositoryTest.php" tests="2" assertions="2" errors="0" warnings="0" failures="0" skipped="0" time="0.991273">
        <testcase name="testUpgradePasswordSuccess" class="App\Tests\Functional\Repository\UserRepositoryTest" classname="App.Tests.Functional.Repository.UserRepositoryTest" file="/app/tests/Functional/Repository/UserRepositoryTest.php" line="31" assertions="1" time="0.501861"/>
        <testcase name="testUpgradePasswordNotSupported" class="App\Tests\Functional\Repository\UserRepositoryTest" classname="App.Tests.Functional.Repository.UserRepositoryTest" file="/app/tests/Functional/Repository/UserRepositoryTest.php" line="51" assertions="1" time="0.489413"/>
      </testsuite>
      <testsuite name="App\Tests\Unit\Entity\GameTest" file="/app/tests/Unit/Entity/GameTest.php" tests="2" assertions="10" errors="0" warnings="0" failures="0" skipped="0" time="0.002466">
        <testcase name="testCreateEmptyGameEntity" class="App\Tests\Unit\Entity\GameTest" classname="App.Tests.Unit.Entity.GameTest" file="/app/tests/Unit/Entity/GameTest.php" line="11" assertions="4" time="0.001066"/>
        <testcase name="testCreateNotEmptyGameEntity" class="App\Tests\Unit\Entity\GameTest" classname="App.Tests.Unit.Entity.GameTest" file="/app/tests/Unit/Entity/GameTest.php" line="21" assertions="6" time="0.001399"/>
      </testsuite>
      <testsuite name="App\Tests\Unit\Entity\PurchasedGameTest" file="/app/tests/Unit/Entity/PurchasedGameTest.php" tests="2" assertions="7" errors="0" warnings="0" failures="0" skipped="0" time="0.002371">
        <testcase name="testCreateEmptyPurchasedGame" class="App\Tests\Unit\Entity\PurchasedGameTest" classname="App.Tests.Unit.Entity.PurchasedGameTest" file="/app/tests/Unit/Entity/PurchasedGameTest.php" line="12" assertions="4" time="0.001114"/>
        <testcase name="testCreateNotEmptyPurchasedGame" class="App\Tests\Unit\Entity\PurchasedGameTest" classname="App.Tests.Unit.Entity.PurchasedGameTest" file="/app/tests/Unit/Entity/PurchasedGameTest.php" line="22" assertions="3" time="0.001258"/>
      </testsuite>
      <testsuite name="App\Tests\Unit\Entity\UserTest" file="/app/tests/Unit/Entity/UserTest.php" tests="8" assertions="30" errors="0" warnings="0" failures="0" skipped="0" time="0.014409">
        <testcase name="testCreateEmptyUserEntity" class="App\Tests\Unit\Entity\UserTest" classname="App.Tests.Unit.Entity.UserTest" file="/app/tests/Unit/Entity/UserTest.php" line="30" assertions="6" time="0.001482"/>
        <testcase name="testCreateNotEmptyUserEntity" class="App\Tests\Unit\Entity\UserTest" classname="App.Tests.Unit.Entity.UserTest" file="/app/tests/Unit/Entity/UserTest.php" line="41" assertions="12" time="0.005053"/>
        <testsuite name="App\Tests\Unit\Entity\UserTest::testValidateLogin" tests="3" assertions="6" errors="0" warnings="0" failures="0" skipped="0" time="0.004909">
          <testcase name="testValidateLogin with data set &quot;smallLogin&quot;" class="App\Tests\Unit\Entity\UserTest" classname="App.Tests.Unit.Entity.UserTest" file="/app/tests/Unit/Entity/UserTest.php" line="77" assertions="2" time="0.003050"/>
          <testcase name="testValidateLogin with data set &quot;bigLogin&quot;" class="App\Tests\Unit\Entity\UserTest" classname="App.Tests.Unit.Entity.UserTest" file="/app/tests/Unit/Entity/UserTest.php" line="77" assertions="2" time="0.000921"/>
          <testcase name="testValidateLogin with data set &quot;loginWithInvalidCharacters&quot;" class="App\Tests\Unit\Entity\UserTest" classname="App.Tests.Unit.Entity.UserTest" file="/app/tests/Unit/Entity/UserTest.php" line="77" assertions="2" time="0.000938"/>
        </testsuite>
        <testsuite name="App\Tests\Unit\Entity\UserTest::testValidateNickname" tests="3" assertions="6" errors="0" warnings="0" failures="0" skipped="0" time="0.002965">
          <testcase name="testValidateNickname with data set &quot;smallNickname&quot;" class="App\Tests\Unit\Entity\UserTest" classname="App.Tests.Unit.Entity.UserTest" file="/app/tests/Unit/Entity/UserTest.php" line="99" assertions="2" time="0.001010"/>
          <testcase name="testValidateNickname with data set &quot;bigNickname&quot;" class="App\Tests\Unit\Entity\UserTest" classname="App.Tests.Unit.Entity.UserTest" file="/app/tests/Unit/Entity/UserTest.php" line="99" assertions="2" time="0.000974"/>
          <testcase name="testValidateNickname with data set &quot;NicknameWithInvalidCharacters&quot;" class="App\Tests\Unit\Entity\UserTest" classname="App.Tests.Unit.Entity.UserTest" file="/app/tests/Unit/Entity/UserTest.php" line="99" assertions="2" time="0.000981"/>
        </testsuite>
      </testsuite>
      <testsuite name="App\Tests\Unit\Security\ApiTokenFailureHandlerTest" file="/app/tests/Unit/Security/ApiTokenFailureHandlerTest.php" tests="1" assertions="1" errors="0" warnings="0" failures="0" skipped="0" time="0.008238">
        <testcase name="testOnAuthenticationFailure" class="App\Tests\Unit\Security\ApiTokenFailureHandlerTest" classname="App.Tests.Unit.Security.ApiTokenFailureHandlerTest" file="/app/tests/Unit/Security/ApiTokenFailureHandlerTest.php" line="14" assertions="1" time="0.008238"/>
      </testsuite>
      <testsuite name="App\Tests\Unit\Security\ApiTokenHandlerTest" file="/app/tests/Unit/Security/ApiTokenHandlerTest.php" tests="3" assertions="11" errors="0" warnings="0" failures="0" skipped="0" time="0.097592">
        <testsuite name="App\Tests\Unit\Security\ApiTokenHandlerTest::testGetUserBadgeFrom" tests="3" assertions="11" errors="0" warnings="0" failures="0" skipped="0" time="0.097592">
          <testcase name="testGetUserBadgeFrom with data set &quot;success&quot;" class="App\Tests\Unit\Security\ApiTokenHandlerTest" classname="App.Tests.Unit.Security.ApiTokenHandlerTest" file="/app/tests/Unit/Security/ApiTokenHandlerTest.php" line="41" assertions="4" time="0.084542"/>
          <testcase name="testGetUserBadgeFrom with data set &quot;bad credentials&quot;" class="App\Tests\Unit\Security\ApiTokenHandlerTest" classname="App.Tests.Unit.Security.ApiTokenHandlerTest" file="/app/tests/Unit/Security/ApiTokenHandlerTest.php" line="41" assertions="3" time="0.006885"/>
          <testcase name="testGetUserBadgeFrom with data set &quot;expired token&quot;" class="App\Tests\Unit\Security\ApiTokenHandlerTest" classname="App.Tests.Unit.Security.ApiTokenHandlerTest" file="/app/tests/Unit/Security/ApiTokenHandlerTest.php" line="41" assertions="4" time="0.006165"/>
        </testsuite>
      </testsuite>
      <testsuite name="App\Tests\Unit\Service\AccountFundingServiceTest" file="/app/tests/Unit/Service/AccountFundingServiceTest.php" tests="1" assertions="2" errors="0" warnings="0" failures="0" skipped="0" time="0.004081">
        <testcase name="testFund" class="App\Tests\Unit\Service\AccountFundingServiceTest" classname="App.Tests.Unit.Service.AccountFundingServiceTest" file="/app/tests/Unit/Service/AccountFundingServiceTest.php" line="26" assertions="2" time="0.004081"/>
      </testsuite>
      <testsuite name="App\Tests\Unit\Service\AuthorizationServiceTest" file="/app/tests/Unit/Service/AuthorizationServiceTest.php" tests="11" assertions="29" errors="0" warnings="0" failures="0" skipped="0" time="0.042663">
        <testsuite name="App\Tests\Unit\Service\AuthorizationServiceTest::testLogin" tests="2" assertions="7" errors="0" warnings="0" failures="0" skipped="0" time="0.015708">
          <testcase name="testLogin with data set &quot;success&quot;" class="App\Tests\Unit\Service\AuthorizationServiceTest" classname="App.Tests.Unit.Service.AuthorizationServiceTest" file="/app/tests/Unit/Service/AuthorizationServiceTest.php" line="85" assertions="4" time="0.009018"/>
          <testcase name="testLogin with data set &quot;wrong password&quot;" class="App\Tests\Unit\Service\AuthorizationServiceTest" classname="App.Tests.Unit.Service.AuthorizationServiceTest" file="/app/tests/Unit/Service/AuthorizationServiceTest.php" line="85" assertions="3" time="0.006689"/>
        </testsuite>
        <testcase name="testRegisterSuccess" class="App\Tests\Unit\Service\AuthorizationServiceTest" classname="App.Tests.Unit.Service.AuthorizationServiceTest" file="/app/tests/Unit/Service/AuthorizationServiceTest.php" line="119" assertions="3" time="0.003595"/>
        <testsuite name="App\Tests\Unit\Service\AuthorizationServiceTest::testLogout" tests="2" assertions="8" errors="0" warnings="0" failures="0" skipped="0" time="0.007695">
          <testcase name="testLogout with data set &quot;success&quot;" class="App\Tests\Unit\Service\AuthorizationServiceTest" classname="App.Tests.Unit.Service.AuthorizationServiceTest" file="/app/tests/Unit/Service/AuthorizationServiceTest.php" line="135" assertions="4" time="0.004196"/>
          <testcase name="testLogout with data set &quot;user already unauthorized&quot;" class="App\Tests\Unit\Service\AuthorizationServiceTest" classname="App.Tests.Unit.Service.AuthorizationServiceTest" file="/app/tests/Unit/Service/AuthorizationServiceTest.php" line="135" assertions="4" time="0.003498"/>
        </testsuite>
        <testsuite name="App\Tests\Unit\Service\AuthorizationServiceTest::testValidatePassword" tests="6" assertions="11" errors="0" warnings="0" failures="0" skipped="0" time="0.015665">
          <testcase name="testValidatePassword with data set &quot;validPassword&quot;" class="App\Tests\Unit\Service\AuthorizationServiceTest" classname="App.Tests.Unit.Service.AuthorizationServiceTest" file="/app/tests/Unit/Service/AuthorizationServiceTest.php" line="166" assertions="1" time="0.003238"/>
          <testcase name="testValidatePassword with data set &quot;tooSmallPassword&quot;" class="App\Tests\Unit\Service\AuthorizationServiceTest" classname="App.Tests.Unit.Service.AuthorizationServiceTest" file="/app/tests/Unit/Service/AuthorizationServiceTest.php" line="166" assertions="2" time="0.002256"/>
          <testcase name="testValidatePassword with data set &quot;tooBigPassword&quot;" class="App\Tests\Unit\Service\AuthorizationServiceTest" classname="App.Tests.Unit.Service.AuthorizationServiceTest" file="/app/tests/Unit/Service/AuthorizationServiceTest.php" line="166" assertions="2" time="0.003331"/>
          <testcase name="testValidatePassword with data set &quot;passwordWithInvalidSymbols&quot;" class="App\Tests\Unit\Service\AuthorizationServiceTest" classname="App.Tests.Unit.Service.AuthorizationServiceTest" file="/app/tests/Unit/Service/AuthorizationServiceTest.php" line="166" assertions="2" time="0.002350"/>
          <testcase name="testValidatePassword with data set &quot;passwordWithoutDigits&quot;" class="App\Tests\Unit\Service\AuthorizationServiceTest" classname="App.Tests.Unit.Service.AuthorizationServiceTest" file="/app/tests/Unit/Service/AuthorizationServiceTest.php" line="166" assertions="2" time="0.002257"/>
          <testcase name="testValidatePassword with data set &quot;passwordWithoutSymbols&quot;" class="App\Tests\Unit\Service\AuthorizationServiceTest" classname="App.Tests.Unit.Service.AuthorizationServiceTest" file="/app/tests/Unit/Service/AuthorizationServiceTest.php" line="166" assertions="2" time="0.002233"/>
        </testsuite>
      </testsuite>
      <testsuite name="App\Tests\Unit\Service\GetEntitiesServiceTest" file="/app/tests/Unit/Service/GetEntitiesServiceTest.php" tests="6" assertions="23" errors="0" warnings="0" failures="0" skipped="0" time="0.043591">
        <testsuite name="App\Tests\Unit\Service\GetEntitiesServiceTest::testGetUserByLogin" tests="2" assertions="9" errors="0" warnings="0" failures="0" skipped="0" time="0.010511">
          <testcase name="testGetUserByLogin with data set &quot;success&quot;" class="App\Tests\Unit\Service\GetEntitiesServiceTest" classname="App.Tests.Unit.Service.GetEntitiesServiceTest" file="/app/tests/Unit/Service/GetEntitiesServiceTest.php" line="63" assertions="5" time="0.005773"/>
          <testcase name="testGetUserByLogin with data set &quot;user not found&quot;" class="App\Tests\Unit\Service\GetEntitiesServiceTest" classname="App.Tests.Unit.Service.GetEntitiesServiceTest" file="/app/tests/Unit/Service/GetEntitiesServiceTest.php" line="63" assertions="4" time="0.004738"/>
        </testsuite>
        <testsuite name="App\Tests\Unit\Service\GetEntitiesServiceTest::testGetGameById" tests="2" assertions="7" errors="0" warnings="0" failures="0" skipped="0" time="0.017377">
          <testcase name="testGetGameById with data set &quot;success&quot;" class="App\Tests\Unit\Service\GetEntitiesServiceTest" classname="App.Tests.Unit.Service.GetEntitiesServiceTest" file="/app/tests/Unit/Service/GetEntitiesServiceTest.php" line="92" assertions="3" time="0.011892"/>
          <testcase name="testGetGameById with data set &quot;game not found&quot;" class="App\Tests\Unit\Service\GetEntitiesServiceTest" classname="App.Tests.Unit.Service.GetEntitiesServiceTest" file="/app/tests/Unit/Service/GetEntitiesServiceTest.php" line="92" assertions="4" time="0.005485"/>
        </testsuite>
        <testsuite name="App\Tests\Unit\Service\GetEntitiesServiceTest::testGetPurchasedGameByGameAndUser" tests="2" assertions="7" errors="0" warnings="0" failures="0" skipped="0" time="0.015703">
          <testcase name="testGetPurchasedGameByGameAndUser with data set &quot;success&quot;" class="App\Tests\Unit\Service\GetEntitiesServiceTest" classname="App.Tests.Unit.Service.GetEntitiesServiceTest" file="/app/tests/Unit/Service/GetEntitiesServiceTest.php" line="119" assertions="3" time="0.010808"/>
          <testcase name="testGetPurchasedGameByGameAndUser with data set &quot;game not found&quot;" class="App\Tests\Unit\Service\GetEntitiesServiceTest" classname="App.Tests.Unit.Service.GetEntitiesServiceTest" file="/app/tests/Unit/Service/GetEntitiesServiceTest.php" line="119" assertions="4" time="0.004895"/>
        </testsuite>
      </testsuite>
      <testsuite name="App\Tests\Unit\Service\PlayingServiceTest" file="/app/tests/Unit/Service/PlayingServiceTest.php" tests="1" assertions="2" errors="0" warnings="0" failures="0" skipped="0" time="0.003819">
        <testcase name="testSavePlayingTime" class="App\Tests\Unit\Service\PlayingServiceTest" classname="App.Tests.Unit.Service.PlayingServiceTest" file="/app/tests/Unit/Service/PlayingServiceTest.php" line="28" assertions="2" time="0.003819"/>
      </testsuite>
      <testsuite name="App\Tests\Unit\Service\PurchaseServiceTest" file="/app/tests/Unit/Service/PurchaseServiceTest.php" tests="4" assertions="23" errors="0" warnings="0" failures="0" skipped="0" time="0.022253">
        <testsuite name="App\Tests\Unit\Service\PurchaseServiceTest::testPurchase" tests="3" assertions="12" errors="0" warnings="0" failures="0" skipped="0" time="0.018829">
          <testcase name="testPurchase with data set &quot;success&quot;" class="App\Tests\Unit\Service\PurchaseServiceTest" classname="App.Tests.Unit.Service.PurchaseServiceTest" file="/app/tests/Unit/Service/PurchaseServiceTest.php" line="61" assertions="4" time="0.006901"/>
          <testcase name="testPurchase with data set &quot;not enough money&quot;" class="App\Tests\Unit\Service\PurchaseServiceTest" classname="App.Tests.Unit.Service.PurchaseServiceTest" file="/app/tests/Unit/Service/PurchaseServiceTest.php" line="61" assertions="4" time="0.005784"/>
          <testcase name="testPurchase with data set &quot;game already purchased&quot;" class="App\Tests\Unit\Service\PurchaseServiceTest" classname="App.Tests.Unit.Service.PurchaseServiceTest" file="/app/tests/Unit/Service/PurchaseServiceTest.php" line="61" assertions="4" time="0.006144"/>
        </testsuite>
        <testcase name="testGetPurchasedGamesSuccess" class="App\Tests\Unit\Service\PurchaseServiceTest" classname="App.Tests.Unit.Service.PurchaseServiceTest" file="/app/tests/Unit/Service/PurchaseServiceTest.php" line="101" assertions="11" time="0.003424"/>
      </testsuite>
      <testsuite name="App\Tests\Unit\Service\UserInfoServiceTest" file="/app/tests/Unit/Service/UserInfoServiceTest.php" tests="2" assertions="32" errors="0" warnings="0" failures="0" skipped="0" time="0.012374">
        <testcase name="testGetUserInfo" class="App\Tests\Unit\Service\UserInfoServiceTest" classname="App.Tests.Unit.Service.UserInfoServiceTest" file="/app/tests/Unit/Service/UserInfoServiceTest.php" line="31" assertions="17" time="0.005878"/>
        <testcase name="testGetUsersMostPlayedGames" class="App\Tests\Unit\Service\UserInfoServiceTest" classname="App.Tests.Unit.Service.UserInfoServiceTest" file="/app/tests/Unit/Service/UserInfoServiceTest.php" line="67" assertions="15" time="0.006496"/>
      </testsuite>
    </testsuite>
  </testsuite>
</testsuites>
