<?xml version="1.0" encoding="UTF-8"?>
<testsuites>
  <testsuite name="" tests="86" assertions="401" errors="0" warnings="0" failures="2" skipped="0" time="35.891936">
    <testsuite name="Project Test Suite" tests="86" assertions="401" errors="0" warnings="0" failures="2" skipped="0" time="35.891936">
      <testsuite name="App\Tests\Functional\Controller\AccountFundingControllerTest" file="/app/tests/Functional/Controller/AccountFundingControllerTest.php" tests="3" assertions="13" errors="0" warnings="0" failures="0" skipped="0" time="3.765442">
        <testsuite name="App\Tests\Functional\Controller\AccountFundingControllerTest::testFund" tests="3" assertions="13" errors="0" warnings="0" failures="0" skipped="0" time="3.765442">
          <testcase name="testFund with data set &quot;success&quot;" class="App\Tests\Functional\Controller\AccountFundingControllerTest" classname="App.Tests.Functional.Controller.AccountFundingControllerTest" file="/app/tests/Functional/Controller/AccountFundingControllerTest.php" line="47" assertions="5" time="1.297185"/>
          <testcase name="testFund with data set &quot;missing data&quot;" class="App\Tests\Functional\Controller\AccountFundingControllerTest" classname="App.Tests.Functional.Controller.AccountFundingControllerTest" file="/app/tests/Functional/Controller/AccountFundingControllerTest.php" line="47" assertions="4" time="1.307694"/>
          <testcase name="testFund with data set &quot;unauthorized &quot;" class="App\Tests\Functional\Controller\AccountFundingControllerTest" classname="App.Tests.Functional.Controller.AccountFundingControllerTest" file="/app/tests/Functional/Controller/AccountFundingControllerTest.php" line="47" assertions="4" time="1.160564"/>
        </testsuite>
      </testsuite>
      <testsuite name="App\Tests\Functional\Controller\AuthorizationControllerTest" file="/app/tests/Functional/Controller/AuthorizationControllerTest.php" tests="7" assertions="23" errors="0" warnings="0" failures="0" skipped="0" time="6.784919">
        <testsuite name="App\Tests\Functional\Controller\AuthorizationControllerTest::testLogin" tests="3" assertions="10" errors="0" warnings="0" failures="0" skipped="0" time="3.117782">
          <testcase name="testLogin with data set &quot;success&quot;" class="App\Tests\Functional\Controller\AuthorizationControllerTest" classname="App.Tests.Functional.Controller.AuthorizationControllerTest" file="/app/tests/Functional/Controller/AuthorizationControllerTest.php" line="54" assertions="3" time="1.156599"/>
          <testcase name="testLogin with data set &quot;wrong password&quot;" class="App\Tests\Functional\Controller\AuthorizationControllerTest" classname="App.Tests.Functional.Controller.AuthorizationControllerTest" file="/app/tests/Functional/Controller/AuthorizationControllerTest.php" line="54" assertions="4" time="0.989111"/>
          <testcase name="testLogin with data set &quot;missing data&quot;" class="App\Tests\Functional\Controller\AuthorizationControllerTest" classname="App.Tests.Functional.Controller.AuthorizationControllerTest" file="/app/tests/Functional/Controller/AuthorizationControllerTest.php" line="54" assertions="3" time="0.972072"/>
        </testsuite>
        <testcase name="testLogout" class="App\Tests\Functional\Controller\AuthorizationControllerTest" classname="App.Tests.Functional.Controller.AuthorizationControllerTest" file="/app/tests/Functional/Controller/AuthorizationControllerTest.php" line="89" assertions="3" time="1.130984"/>
        <testsuite name="App\Tests\Functional\Controller\AuthorizationControllerTest::testRegister1" tests="3" assertions="10" errors="0" warnings="0" failures="0" skipped="0" time="2.536152">
          <testcase name="testRegister1 with data set &quot;success&quot;" class="App\Tests\Functional\Controller\AuthorizationControllerTest" classname="App.Tests.Functional.Controller.AuthorizationControllerTest" file="/app/tests/Functional/Controller/AuthorizationControllerTest.php" line="124" assertions="4" time="0.866003"/>
          <testcase name="testRegister1 with data set &quot;missing data&quot;" class="App\Tests\Functional\Controller\AuthorizationControllerTest" classname="App.Tests.Functional.Controller.AuthorizationControllerTest" file="/app/tests/Functional/Controller/AuthorizationControllerTest.php" line="124" assertions="3" time="0.785555"/>
          <testcase name="testRegister1 with data set &quot;login already in use&quot;" class="App\Tests\Functional\Controller\AuthorizationControllerTest" classname="App.Tests.Functional.Controller.AuthorizationControllerTest" file="/app/tests/Functional/Controller/AuthorizationControllerTest.php" line="124" assertions="3" time="0.884595"/>
        </testsuite>
      </testsuite>
      <testsuite name="App\Tests\Functional\Controller\PlayingControllerTest" file="/app/tests/Functional/Controller/PlayingControllerTest.php" tests="3" assertions="13" errors="0" warnings="0" failures="0" skipped="0" time="2.831687">
        <testsuite name="App\Tests\Functional\Controller\PlayingControllerTest::testSavePlayingTime" tests="3" assertions="13" errors="0" warnings="0" failures="0" skipped="0" time="2.831687">
          <testcase name="testSavePlayingTime with data set &quot;success&quot;" class="App\Tests\Functional\Controller\PlayingControllerTest" classname="App.Tests.Functional.Controller.PlayingControllerTest" file="/app/tests/Functional/Controller/PlayingControllerTest.php" line="50" assertions="5" time="0.967087"/>
          <testcase name="testSavePlayingTime with data set &quot;missing data&quot;" class="App\Tests\Functional\Controller\PlayingControllerTest" classname="App.Tests.Functional.Controller.PlayingControllerTest" file="/app/tests/Functional/Controller/PlayingControllerTest.php" line="50" assertions="4" time="0.984870"/>
          <testcase name="testSavePlayingTime with data set &quot;unauthorized &quot;" class="App\Tests\Functional\Controller\PlayingControllerTest" classname="App.Tests.Functional.Controller.PlayingControllerTest" file="/app/tests/Functional/Controller/PlayingControllerTest.php" line="50" assertions="4" time="0.879730"/>
        </testsuite>
      </testsuite>
      <testsuite name="App\Tests\Functional\Controller\PurchaseControllerTest" file="/app/tests/Functional/Controller/PurchaseControllerTest.php" tests="7" assertions="34" errors="0" warnings="0" failures="0" skipped="0" time="6.235900">
        <testsuite name="App\Tests\Functional\Controller\PurchaseControllerTest::testPurchase" tests="3" assertions="14" errors="0" warnings="0" failures="0" skipped="0" time="2.635227">
          <testcase name="testPurchase with data set &quot;success&quot;" class="App\Tests\Functional\Controller\PurchaseControllerTest" classname="App.Tests.Functional.Controller.PurchaseControllerTest" file="/app/tests/Functional/Controller/PurchaseControllerTest.php" line="58" assertions="8" time="0.895363"/>
          <testcase name="testPurchase with data set &quot;missing data&quot;" class="App\Tests\Functional\Controller\PurchaseControllerTest" classname="App.Tests.Functional.Controller.PurchaseControllerTest" file="/app/tests/Functional/Controller/PurchaseControllerTest.php" line="58" assertions="3" time="0.846874"/>
          <testcase name="testPurchase with data set &quot;not enough money&quot;" class="App\Tests\Functional\Controller\PurchaseControllerTest" classname="App.Tests.Functional.Controller.PurchaseControllerTest" file="/app/tests/Functional/Controller/PurchaseControllerTest.php" line="58" assertions="3" time="0.892991"/>
        </testsuite>
        <testcase name="testGetPurchasedGamesSuccess" class="App\Tests\Functional\Controller\PurchaseControllerTest" classname="App.Tests.Functional.Controller.PurchaseControllerTest" file="/app/tests/Functional/Controller/PurchaseControllerTest.php" line="123" assertions="10" time="0.891962"/>
        <testsuite name="App\Tests\Functional\Controller\PurchaseControllerTest::testDeletePurchasedGame" tests="3" assertions="10" errors="0" warnings="0" failures="0" skipped="0" time="2.708711">
          <testcase name="testDeletePurchasedGame with data set &quot;success&quot;" class="App\Tests\Functional\Controller\PurchaseControllerTest" classname="App.Tests.Functional.Controller.PurchaseControllerTest" file="/app/tests/Functional/Controller/PurchaseControllerTest.php" line="180" assertions="4" time="0.932134"/>
          <testcase name="testDeletePurchasedGame with data set &quot;missing data&quot;" class="App\Tests\Functional\Controller\PurchaseControllerTest" classname="App.Tests.Functional.Controller.PurchaseControllerTest" file="/app/tests/Functional/Controller/PurchaseControllerTest.php" line="180" assertions="3" time="0.897292"/>
          <testcase name="testDeletePurchasedGame with data set &quot;unauthorized&quot;" class="App\Tests\Functional\Controller\PurchaseControllerTest" classname="App.Tests.Functional.Controller.PurchaseControllerTest" file="/app/tests/Functional/Controller/PurchaseControllerTest.php" line="180" assertions="3" time="0.879285"/>
        </testsuite>
      </testsuite>
      <testsuite name="App\Tests\Functional\Controller\ReviewsControllerTest" file="/app/tests/Functional/Controller/ReviewsControllerTest.php" tests="12" assertions="57" errors="0" warnings="0" failures="2" skipped="0" time="11.369009">
        <testsuite name="App\Tests\Functional\Controller\ReviewsControllerTest::testCreateGameReview" tests="3" assertions="16" errors="0" warnings="0" failures="0" skipped="0" time="2.718542">
          <testcase name="testCreateGameReview with data set &quot;success&quot;" class="App\Tests\Functional\Controller\ReviewsControllerTest" classname="App.Tests.Functional.Controller.ReviewsControllerTest" file="/app/tests/Functional/Controller/ReviewsControllerTest.php" line="82" assertions="10" time="0.914138"/>
          <testcase name="testCreateGameReview with data set &quot;missing data&quot;" class="App\Tests\Functional\Controller\ReviewsControllerTest" classname="App.Tests.Functional.Controller.ReviewsControllerTest" file="/app/tests/Functional/Controller/ReviewsControllerTest.php" line="82" assertions="3" time="0.872052"/>
          <testcase name="testCreateGameReview with data set &quot;user already has review&quot;" class="App\Tests\Functional\Controller\ReviewsControllerTest" classname="App.Tests.Functional.Controller.ReviewsControllerTest" file="/app/tests/Functional/Controller/ReviewsControllerTest.php" line="82" assertions="3" time="0.932353"/>
        </testsuite>
        <testsuite name="App\Tests\Functional\Controller\ReviewsControllerTest::testGetGameReviews" tests="2" assertions="14" errors="0" warnings="0" failures="0" skipped="0" time="1.803098">
          <testcase name="testGetGameReviews with data set &quot;with review creating&quot;" class="App\Tests\Functional\Controller\ReviewsControllerTest" classname="App.Tests.Functional.Controller.ReviewsControllerTest" file="/app/tests/Functional/Controller/ReviewsControllerTest.php" line="154" assertions="12" time="0.924786"/>
          <testcase name="testGetGameReviews with data set &quot;without review creating&quot;" class="App\Tests\Functional\Controller\ReviewsControllerTest" classname="App.Tests.Functional.Controller.ReviewsControllerTest" file="/app/tests/Functional/Controller/ReviewsControllerTest.php" line="154" assertions="2" time="0.878312"/>
        </testsuite>
        <testsuite name="App\Tests\Functional\Controller\ReviewsControllerTest::testChangeGameReviewContent" tests="3" assertions="14" errors="0" warnings="0" failures="1" skipped="0" time="2.928059">
          <testcase name="testChangeGameReviewContent with data set &quot;success&quot;" class="App\Tests\Functional\Controller\ReviewsControllerTest" classname="App.Tests.Functional.Controller.ReviewsControllerTest" file="/app/tests/Functional/Controller/ReviewsControllerTest.php" line="214" assertions="10" time="0.943219"/>
          <testcase name="testChangeGameReviewContent with data set &quot;missing data&quot;" class="App\Tests\Functional\Controller\ReviewsControllerTest" classname="App.Tests.Functional.Controller.ReviewsControllerTest" file="/app/tests/Functional/Controller/ReviewsControllerTest.php" line="214" assertions="3" time="1.019322"/>
          <testcase name="testChangeGameReviewContent with data set &quot;user doesn't have a review&quot;" class="App\Tests\Functional\Controller\ReviewsControllerTest" classname="App.Tests.Functional.Controller.ReviewsControllerTest" file="/app/tests/Functional/Controller/ReviewsControllerTest.php" line="214" assertions="1" time="0.965518">
            <failure type="PHPUnit\Framework\ExpectationFailedException">App\Tests\Functional\Controller\ReviewsControllerTest::testChangeGameReviewContent with data set "user doesn't have a review" ('test content', false)
Failed asserting that 403 matches expected 404.

/app/tests/Functional/Controller/ReviewsControllerTest.php:273
/app/vendor/phpunit/phpunit/phpunit:107</failure>
          </testcase>
        </testsuite>
        <testsuite name="App\Tests\Functional\Controller\ReviewsControllerTest::testDeleteReview" tests="2" assertions="5" errors="0" warnings="0" failures="1" skipped="0" time="1.973908">
          <testcase name="testDeleteReview with data set &quot;success&quot;" class="App\Tests\Functional\Controller\ReviewsControllerTest" classname="App.Tests.Functional.Controller.ReviewsControllerTest" file="/app/tests/Functional/Controller/ReviewsControllerTest.php" line="286" assertions="4" time="0.996106"/>
          <testcase name="testDeleteReview with data set &quot;user doesn't have a review&quot;" class="App\Tests\Functional\Controller\ReviewsControllerTest" classname="App.Tests.Functional.Controller.ReviewsControllerTest" file="/app/tests/Functional/Controller/ReviewsControllerTest.php" line="286" assertions="1" time="0.977802">
            <failure type="PHPUnit\Framework\ExpectationFailedException">App\Tests\Functional\Controller\ReviewsControllerTest::testDeleteReview with data set "user doesn't have a review" (false)
Failed asserting that 403 matches expected 404.

/app/tests/Functional/Controller/ReviewsControllerTest.php:336
/app/vendor/phpunit/phpunit/phpunit:107</failure>
          </testcase>
        </testsuite>
        <testsuite name="App\Tests\Functional\Controller\ReviewsControllerTest::testGetUserReviewContentByGameId" tests="2" assertions="8" errors="0" warnings="0" failures="0" skipped="0" time="1.945402">
          <testcase name="testGetUserReviewContentByGameId with data set &quot;success&quot;" class="App\Tests\Functional\Controller\ReviewsControllerTest" classname="App.Tests.Functional.Controller.ReviewsControllerTest" file="/app/tests/Functional/Controller/ReviewsControllerTest.php" line="345" assertions="4" time="1.009919"/>
          <testcase name="testGetUserReviewContentByGameId with data set &quot;user doesn't have a review&quot;" class="App\Tests\Functional\Controller\ReviewsControllerTest" classname="App.Tests.Functional.Controller.ReviewsControllerTest" file="/app/tests/Functional/Controller/ReviewsControllerTest.php" line="345" assertions="4" time="0.935483"/>
        </testsuite>
      </testsuite>
      <testsuite name="App\Tests\Functional\Controller\UserInfoControllerTest" file="/app/tests/Functional/Controller/UserInfoControllerTest.php" tests="3" assertions="32" errors="0" warnings="0" failures="0" skipped="0" time="3.005931">
        <testcase name="testGetUserInfoSuccess" class="App\Tests\Functional\Controller\UserInfoControllerTest" classname="App.Tests.Functional.Controller.UserInfoControllerTest" file="/app/tests/Functional/Controller/UserInfoControllerTest.php" line="45" assertions="15" time="0.925833"/>
        <testsuite name="App\Tests\Functional\Controller\UserInfoControllerTest::testGetUsersMostPlayedGames1" tests="2" assertions="17" errors="0" warnings="0" failures="0" skipped="0" time="2.080099">
          <testcase name="testGetUsersMostPlayedGames1 with data set &quot;success&quot;" class="App\Tests\Functional\Controller\UserInfoControllerTest" classname="App.Tests.Functional.Controller.UserInfoControllerTest" file="/app/tests/Functional/Controller/UserInfoControllerTest.php" line="92" assertions="13" time="1.038390"/>
          <testcase name="testGetUsersMostPlayedGames1 with data set &quot;unauthorized&quot;" class="App\Tests\Functional\Controller\UserInfoControllerTest" classname="App.Tests.Functional.Controller.UserInfoControllerTest" file="/app/tests/Functional/Controller/UserInfoControllerTest.php" line="92" assertions="4" time="1.041709"/>
        </testsuite>
      </testsuite>
      <testsuite name="App\Tests\Functional\Repository\UserRepositoryTest" file="/app/tests/Functional/Repository/UserRepositoryTest.php" tests="2" assertions="2" errors="0" warnings="0" failures="0" skipped="0" time="1.540901">
        <testcase name="testUpgradePasswordSuccess" class="App\Tests\Functional\Repository\UserRepositoryTest" classname="App.Tests.Functional.Repository.UserRepositoryTest" file="/app/tests/Functional/Repository/UserRepositoryTest.php" line="31" assertions="1" time="0.787874"/>
        <testcase name="testUpgradePasswordNotSupported" class="App\Tests\Functional\Repository\UserRepositoryTest" classname="App.Tests.Functional.Repository.UserRepositoryTest" file="/app/tests/Functional/Repository/UserRepositoryTest.php" line="51" assertions="1" time="0.753027"/>
      </testsuite>
      <testsuite name="App\Tests\Unit\Entity\GameTest" file="/app/tests/Unit/Entity/GameTest.php" tests="2" assertions="10" errors="0" warnings="0" failures="0" skipped="0" time="0.002440">
        <testcase name="testCreateEmptyGameEntity" class="App\Tests\Unit\Entity\GameTest" classname="App.Tests.Unit.Entity.GameTest" file="/app/tests/Unit/Entity/GameTest.php" line="11" assertions="4" time="0.001066"/>
        <testcase name="testCreateNotEmptyGameEntity" class="App\Tests\Unit\Entity\GameTest" classname="App.Tests.Unit.Entity.GameTest" file="/app/tests/Unit/Entity/GameTest.php" line="21" assertions="6" time="0.001375"/>
      </testsuite>
      <testsuite name="App\Tests\Unit\Entity\PurchasedGameTest" file="/app/tests/Unit/Entity/PurchasedGameTest.php" tests="2" assertions="7" errors="0" warnings="0" failures="0" skipped="0" time="0.002292">
        <testcase name="testCreateEmptyPurchasedGame" class="App\Tests\Unit\Entity\PurchasedGameTest" classname="App.Tests.Unit.Entity.PurchasedGameTest" file="/app/tests/Unit/Entity/PurchasedGameTest.php" line="12" assertions="4" time="0.001046"/>
        <testcase name="testCreateNotEmptyPurchasedGame" class="App\Tests\Unit\Entity\PurchasedGameTest" classname="App.Tests.Unit.Entity.PurchasedGameTest" file="/app/tests/Unit/Entity/PurchasedGameTest.php" line="22" assertions="3" time="0.001246"/>
      </testsuite>
      <testsuite name="App\Tests\Unit\Entity\UserTest" file="/app/tests/Unit/Entity/UserTest.php" tests="8" assertions="30" errors="0" warnings="0" failures="0" skipped="0" time="0.014512">
        <testcase name="testCreateEmptyUserEntity" class="App\Tests\Unit\Entity\UserTest" classname="App.Tests.Unit.Entity.UserTest" file="/app/tests/Unit/Entity/UserTest.php" line="30" assertions="6" time="0.001402"/>
        <testcase name="testCreateNotEmptyUserEntity" class="App\Tests\Unit\Entity\UserTest" classname="App.Tests.Unit.Entity.UserTest" file="/app/tests/Unit/Entity/UserTest.php" line="41" assertions="12" time="0.005223"/>
        <testsuite name="App\Tests\Unit\Entity\UserTest::testValidateLogin" tests="3" assertions="6" errors="0" warnings="0" failures="0" skipped="0" time="0.004892">
          <testcase name="testValidateLogin with data set &quot;smallLogin&quot;" class="App\Tests\Unit\Entity\UserTest" classname="App.Tests.Unit.Entity.UserTest" file="/app/tests/Unit/Entity/UserTest.php" line="77" assertions="2" time="0.002981"/>
          <testcase name="testValidateLogin with data set &quot;bigLogin&quot;" class="App\Tests\Unit\Entity\UserTest" classname="App.Tests.Unit.Entity.UserTest" file="/app/tests/Unit/Entity/UserTest.php" line="77" assertions="2" time="0.000918"/>
          <testcase name="testValidateLogin with data set &quot;loginWithInvalidCharacters&quot;" class="App\Tests\Unit\Entity\UserTest" classname="App.Tests.Unit.Entity.UserTest" file="/app/tests/Unit/Entity/UserTest.php" line="77" assertions="2" time="0.000993"/>
        </testsuite>
        <testsuite name="App\Tests\Unit\Entity\UserTest::testValidateNickname" tests="3" assertions="6" errors="0" warnings="0" failures="0" skipped="0" time="0.002995">
          <testcase name="testValidateNickname with data set &quot;smallNickname&quot;" class="App\Tests\Unit\Entity\UserTest" classname="App.Tests.Unit.Entity.UserTest" file="/app/tests/Unit/Entity/UserTest.php" line="99" assertions="2" time="0.001078"/>
          <testcase name="testValidateNickname with data set &quot;bigNickname&quot;" class="App\Tests\Unit\Entity\UserTest" classname="App.Tests.Unit.Entity.UserTest" file="/app/tests/Unit/Entity/UserTest.php" line="99" assertions="2" time="0.000966"/>
          <testcase name="testValidateNickname with data set &quot;NicknameWithInvalidCharacters&quot;" class="App\Tests\Unit\Entity\UserTest" classname="App.Tests.Unit.Entity.UserTest" file="/app/tests/Unit/Entity/UserTest.php" line="99" assertions="2" time="0.000951"/>
        </testsuite>
      </testsuite>
      <testsuite name="App\Tests\Unit\Security\ApiTokenFailureHandlerTest" file="/app/tests/Unit/Security/ApiTokenFailureHandlerTest.php" tests="1" assertions="1" errors="0" warnings="0" failures="0" skipped="0" time="0.009483">
        <testcase name="testOnAuthenticationFailure" class="App\Tests\Unit\Security\ApiTokenFailureHandlerTest" classname="App.Tests.Unit.Security.ApiTokenFailureHandlerTest" file="/app/tests/Unit/Security/ApiTokenFailureHandlerTest.php" line="14" assertions="1" time="0.009483"/>
      </testsuite>
      <testsuite name="App\Tests\Unit\Security\ApiTokenHandlerTest" file="/app/tests/Unit/Security/ApiTokenHandlerTest.php" tests="3" assertions="11" errors="0" warnings="0" failures="0" skipped="0" time="0.094021">
        <testsuite name="App\Tests\Unit\Security\ApiTokenHandlerTest::testGetUserBadgeFrom" tests="3" assertions="11" errors="0" warnings="0" failures="0" skipped="0" time="0.094021">
          <testcase name="testGetUserBadgeFrom with data set &quot;success&quot;" class="App\Tests\Unit\Security\ApiTokenHandlerTest" classname="App.Tests.Unit.Security.ApiTokenHandlerTest" file="/app/tests/Unit/Security/ApiTokenHandlerTest.php" line="41" assertions="4" time="0.083564"/>
          <testcase name="testGetUserBadgeFrom with data set &quot;bad credentials&quot;" class="App\Tests\Unit\Security\ApiTokenHandlerTest" classname="App.Tests.Unit.Security.ApiTokenHandlerTest" file="/app/tests/Unit/Security/ApiTokenHandlerTest.php" line="41" assertions="3" time="0.004496"/>
          <testcase name="testGetUserBadgeFrom with data set &quot;expired token&quot;" class="App\Tests\Unit\Security\ApiTokenHandlerTest" classname="App.Tests.Unit.Security.ApiTokenHandlerTest" file="/app/tests/Unit/Security/ApiTokenHandlerTest.php" line="41" assertions="4" time="0.005961"/>
        </testsuite>
      </testsuite>
      <testsuite name="App\Tests\Unit\Service\AccountFundingServiceTest" file="/app/tests/Unit/Service/AccountFundingServiceTest.php" tests="1" assertions="3" errors="0" warnings="0" failures="0" skipped="0" time="0.009431">
        <testcase name="testFund" class="App\Tests\Unit\Service\AccountFundingServiceTest" classname="App.Tests.Unit.Service.AccountFundingServiceTest" file="/app/tests/Unit/Service/AccountFundingServiceTest.php" line="27" assertions="3" time="0.009431"/>
      </testsuite>
      <testsuite name="App\Tests\Unit\Service\AuthorizationServiceTest" file="/app/tests/Unit/Service/AuthorizationServiceTest.php" tests="11" assertions="31" errors="0" warnings="0" failures="0" skipped="0" time="0.053568">
        <testsuite name="App\Tests\Unit\Service\AuthorizationServiceTest::testLogin" tests="2" assertions="9" errors="0" warnings="0" failures="0" skipped="0" time="0.020160">
          <testcase name="testLogin with data set &quot;success&quot;" class="App\Tests\Unit\Service\AuthorizationServiceTest" classname="App.Tests.Unit.Service.AuthorizationServiceTest" file="/app/tests/Unit/Service/AuthorizationServiceTest.php" line="71" assertions="5" time="0.010686"/>
          <testcase name="testLogin with data set &quot;wrong password&quot;" class="App\Tests\Unit\Service\AuthorizationServiceTest" classname="App.Tests.Unit.Service.AuthorizationServiceTest" file="/app/tests/Unit/Service/AuthorizationServiceTest.php" line="71" assertions="4" time="0.009474"/>
        </testsuite>
        <testsuite name="App\Tests\Unit\Service\AuthorizationServiceTest::testLogout" tests="2" assertions="8" errors="0" warnings="0" failures="0" skipped="0" time="0.016226">
          <testcase name="testLogout with data set &quot;success&quot;" class="App\Tests\Unit\Service\AuthorizationServiceTest" classname="App.Tests.Unit.Service.AuthorizationServiceTest" file="/app/tests/Unit/Service/AuthorizationServiceTest.php" line="109" assertions="4" time="0.007297"/>
          <testcase name="testLogout with data set &quot;user already unauthorized&quot;" class="App\Tests\Unit\Service\AuthorizationServiceTest" classname="App.Tests.Unit.Service.AuthorizationServiceTest" file="/app/tests/Unit/Service/AuthorizationServiceTest.php" line="109" assertions="4" time="0.008929"/>
        </testsuite>
        <testcase name="testRegisterSuccess" class="App\Tests\Unit\Service\AuthorizationServiceTest" classname="App.Tests.Unit.Service.AuthorizationServiceTest" file="/app/tests/Unit/Service/AuthorizationServiceTest.php" line="133" assertions="3" time="0.005022"/>
        <testsuite name="App\Tests\Unit\Service\AuthorizationServiceTest::testValidatePassword" tests="6" assertions="11" errors="0" warnings="0" failures="0" skipped="0" time="0.012160">
          <testcase name="testValidatePassword with data set &quot;validPassword&quot;" class="App\Tests\Unit\Service\AuthorizationServiceTest" classname="App.Tests.Unit.Service.AuthorizationServiceTest" file="/app/tests/Unit/Service/AuthorizationServiceTest.php" line="149" assertions="1" time="0.002112"/>
          <testcase name="testValidatePassword with data set &quot;tooSmallPassword&quot;" class="App\Tests\Unit\Service\AuthorizationServiceTest" classname="App.Tests.Unit.Service.AuthorizationServiceTest" file="/app/tests/Unit/Service/AuthorizationServiceTest.php" line="149" assertions="2" time="0.002316"/>
          <testcase name="testValidatePassword with data set &quot;tooBigPassword&quot;" class="App\Tests\Unit\Service\AuthorizationServiceTest" classname="App.Tests.Unit.Service.AuthorizationServiceTest" file="/app/tests/Unit/Service/AuthorizationServiceTest.php" line="149" assertions="2" time="0.001940"/>
          <testcase name="testValidatePassword with data set &quot;passwordWithInvalidSymbols&quot;" class="App\Tests\Unit\Service\AuthorizationServiceTest" classname="App.Tests.Unit.Service.AuthorizationServiceTest" file="/app/tests/Unit/Service/AuthorizationServiceTest.php" line="149" assertions="2" time="0.001938"/>
          <testcase name="testValidatePassword with data set &quot;passwordWithoutDigits&quot;" class="App\Tests\Unit\Service\AuthorizationServiceTest" classname="App.Tests.Unit.Service.AuthorizationServiceTest" file="/app/tests/Unit/Service/AuthorizationServiceTest.php" line="149" assertions="2" time="0.001918"/>
          <testcase name="testValidatePassword with data set &quot;passwordWithoutSymbols&quot;" class="App\Tests\Unit\Service\AuthorizationServiceTest" classname="App.Tests.Unit.Service.AuthorizationServiceTest" file="/app/tests/Unit/Service/AuthorizationServiceTest.php" line="149" assertions="2" time="0.001936"/>
        </testsuite>
      </testsuite>
      <testsuite name="App\Tests\Unit\Service\GetEntitiesServiceTest" file="/app/tests/Unit/Service/GetEntitiesServiceTest.php" tests="6" assertions="23" errors="0" warnings="0" failures="0" skipped="0" time="0.044926">
        <testsuite name="App\Tests\Unit\Service\GetEntitiesServiceTest::testGetUserByLogin" tests="2" assertions="9" errors="0" warnings="0" failures="0" skipped="0" time="0.010983">
          <testcase name="testGetUserByLogin with data set &quot;success&quot;" class="App\Tests\Unit\Service\GetEntitiesServiceTest" classname="App.Tests.Unit.Service.GetEntitiesServiceTest" file="/app/tests/Unit/Service/GetEntitiesServiceTest.php" line="63" assertions="5" time="0.006731"/>
          <testcase name="testGetUserByLogin with data set &quot;user not found&quot;" class="App\Tests\Unit\Service\GetEntitiesServiceTest" classname="App.Tests.Unit.Service.GetEntitiesServiceTest" file="/app/tests/Unit/Service/GetEntitiesServiceTest.php" line="63" assertions="4" time="0.004253"/>
        </testsuite>
        <testsuite name="App\Tests\Unit\Service\GetEntitiesServiceTest::testGetGameById" tests="2" assertions="7" errors="0" warnings="0" failures="0" skipped="0" time="0.017450">
          <testcase name="testGetGameById with data set &quot;success&quot;" class="App\Tests\Unit\Service\GetEntitiesServiceTest" classname="App.Tests.Unit.Service.GetEntitiesServiceTest" file="/app/tests/Unit/Service/GetEntitiesServiceTest.php" line="92" assertions="3" time="0.013159"/>
          <testcase name="testGetGameById with data set &quot;game not found&quot;" class="App\Tests\Unit\Service\GetEntitiesServiceTest" classname="App.Tests.Unit.Service.GetEntitiesServiceTest" file="/app/tests/Unit/Service/GetEntitiesServiceTest.php" line="92" assertions="4" time="0.004291"/>
        </testsuite>
        <testsuite name="App\Tests\Unit\Service\GetEntitiesServiceTest::testGetPurchasedGameByGameAndUser" tests="2" assertions="7" errors="0" warnings="0" failures="0" skipped="0" time="0.016493">
          <testcase name="testGetPurchasedGameByGameAndUser with data set &quot;success&quot;" class="App\Tests\Unit\Service\GetEntitiesServiceTest" classname="App.Tests.Unit.Service.GetEntitiesServiceTest" file="/app/tests/Unit/Service/GetEntitiesServiceTest.php" line="119" assertions="3" time="0.011944"/>
          <testcase name="testGetPurchasedGameByGameAndUser with data set &quot;game not found&quot;" class="App\Tests\Unit\Service\GetEntitiesServiceTest" classname="App.Tests.Unit.Service.GetEntitiesServiceTest" file="/app/tests/Unit/Service/GetEntitiesServiceTest.php" line="119" assertions="4" time="0.004549"/>
        </testsuite>
      </testsuite>
      <testsuite name="App\Tests\Unit\Service\PlayingServiceTest" file="/app/tests/Unit/Service/PlayingServiceTest.php" tests="1" assertions="5" errors="0" warnings="0" failures="0" skipped="0" time="0.008035">
        <testcase name="testSavePlayingTime" class="App\Tests\Unit\Service\PlayingServiceTest" classname="App.Tests.Unit.Service.PlayingServiceTest" file="/app/tests/Unit/Service/PlayingServiceTest.php" line="33" assertions="5" time="0.008035"/>
      </testsuite>
      <testsuite name="App\Tests\Unit\Service\PurchaseServiceTest" file="/app/tests/Unit/Service/PurchaseServiceTest.php" tests="4" assertions="30" errors="0" warnings="0" failures="0" skipped="0" time="0.024737">
        <testsuite name="App\Tests\Unit\Service\PurchaseServiceTest::testPurchase" tests="3" assertions="18" errors="0" warnings="0" failures="0" skipped="0" time="0.018480">
          <testcase name="testPurchase with data set &quot;success&quot;" class="App\Tests\Unit\Service\PurchaseServiceTest" classname="App.Tests.Unit.Service.PurchaseServiceTest" file="/app/tests/Unit/Service/PurchaseServiceTest.php" line="58" assertions="6" time="0.006575"/>
          <testcase name="testPurchase with data set &quot;not enough money&quot;" class="App\Tests\Unit\Service\PurchaseServiceTest" classname="App.Tests.Unit.Service.PurchaseServiceTest" file="/app/tests/Unit/Service/PurchaseServiceTest.php" line="58" assertions="6" time="0.006012"/>
          <testcase name="testPurchase with data set &quot;game already purchased&quot;" class="App\Tests\Unit\Service\PurchaseServiceTest" classname="App.Tests.Unit.Service.PurchaseServiceTest" file="/app/tests/Unit/Service/PurchaseServiceTest.php" line="58" assertions="6" time="0.005893"/>
        </testsuite>
        <testcase name="testGetPurchasedGames" class="App\Tests\Unit\Service\PurchaseServiceTest" classname="App.Tests.Unit.Service.PurchaseServiceTest" file="/app/tests/Unit/Service/PurchaseServiceTest.php" line="94" assertions="12" time="0.006257"/>
      </testsuite>
      <testsuite name="App\Tests\Unit\Service\ReviewsServiceTest" file="/app/tests/Unit/Service/ReviewsServiceTest.php" tests="7" assertions="37" errors="0" warnings="0" failures="0" skipped="0" time="0.072939">
        <testsuite name="App\Tests\Unit\Service\ReviewsServiceTest::testCreateGameReview" tests="2" assertions="9" errors="0" warnings="0" failures="0" skipped="0" time="0.026760">
          <testcase name="testCreateGameReview with data set &quot;success&quot;" class="App\Tests\Unit\Service\ReviewsServiceTest" classname="App.Tests.Unit.Service.ReviewsServiceTest" file="/app/tests/Unit/Service/ReviewsServiceTest.php" line="58" assertions="4" time="0.018886"/>
          <testcase name="testCreateGameReview with data set &quot;user already has review on this game&quot;" class="App\Tests\Unit\Service\ReviewsServiceTest" classname="App.Tests.Unit.Service.ReviewsServiceTest" file="/app/tests/Unit/Service/ReviewsServiceTest.php" line="58" assertions="5" time="0.007874"/>
        </testsuite>
        <testcase name="testGetGameReviews" class="App\Tests\Unit\Service\ReviewsServiceTest" classname="App.Tests.Unit.Service.ReviewsServiceTest" file="/app/tests/Unit/Service/ReviewsServiceTest.php" line="111" assertions="11" time="0.014911"/>
        <testcase name="testChangeGameReviewContent" class="App\Tests\Unit\Service\ReviewsServiceTest" classname="App.Tests.Unit.Service.ReviewsServiceTest" file="/app/tests/Unit/Service/ReviewsServiceTest.php" line="153" assertions="5" time="0.009372"/>
        <testcase name="testDeleteUsersReviewContent" class="App\Tests\Unit\Service\ReviewsServiceTest" classname="App.Tests.Unit.Service.ReviewsServiceTest" file="/app/tests/Unit/Service/ReviewsServiceTest.php" line="182" assertions="4" time="0.008544"/>
        <testsuite name="App\Tests\Unit\Service\ReviewsServiceTest::testGetUserReviewContentByUserLoginAndGameId1" tests="2" assertions="8" errors="0" warnings="0" failures="0" skipped="0" time="0.013352">
          <testcase name="testGetUserReviewContentByUserLoginAndGameId1 with data set &quot;success&quot;" class="App\Tests\Unit\Service\ReviewsServiceTest" classname="App.Tests.Unit.Service.ReviewsServiceTest" file="/app/tests/Unit/Service/ReviewsServiceTest.php" line="213" assertions="4" time="0.006655"/>
          <testcase name="testGetUserReviewContentByUserLoginAndGameId1 with data set &quot;user doesn't have a review&quot;" class="App\Tests\Unit\Service\ReviewsServiceTest" classname="App.Tests.Unit.Service.ReviewsServiceTest" file="/app/tests/Unit/Service/ReviewsServiceTest.php" line="213" assertions="4" time="0.006696"/>
        </testsuite>
      </testsuite>
      <testsuite name="App\Tests\Unit\Service\UserInfoServiceTest" file="/app/tests/Unit/Service/UserInfoServiceTest.php" tests="3" assertions="39" errors="0" warnings="0" failures="0" skipped="0" time="0.021762">
        <testcase name="testGetUserInfo" class="App\Tests\Unit\Service\UserInfoServiceTest" classname="App.Tests.Unit.Service.UserInfoServiceTest" file="/app/tests/Unit/Service/UserInfoServiceTest.php" line="37" assertions="17" time="0.008614"/>
        <testcase name="testGetUsersMostPlayedGames" class="App\Tests\Unit\Service\UserInfoServiceTest" classname="App.Tests.Unit.Service.UserInfoServiceTest" file="/app/tests/Unit/Service/UserInfoServiceTest.php" line="65" assertions="15" time="0.006504"/>
        <testcase name="testUpdateUserInfo" class="App\Tests\Unit\Service\UserInfoServiceTest" classname="App.Tests.Unit.Service.UserInfoServiceTest" file="/app/tests/Unit/Service/UserInfoServiceTest.php" line="107" assertions="7" time="0.006644"/>
      </testsuite>
    </testsuite>
  </testsuite>
</testsuites>
