<?xml version="1.0" encoding="UTF-8"?>
<testsuites>
  <testsuite name="" tests="78" assertions="385" errors="0" warnings="0" failures="0" skipped="0" time="32.916644">
    <testsuite name="Project Test Suite" tests="78" assertions="385" errors="0" warnings="0" failures="0" skipped="0" time="32.916644">
      <testsuite name="App\Tests\Functional\Controller\AccountFundingControllerTest" file="/app/tests/Functional/Controller/AccountFundingControllerTest.php" tests="3" assertions="13" errors="0" warnings="0" failures="0" skipped="0" time="3.092827">
        <testsuite name="App\Tests\Functional\Controller\AccountFundingControllerTest::testFund" tests="3" assertions="13" errors="0" warnings="0" failures="0" skipped="0" time="3.092827">
          <testcase name="testFund with data set &quot;success&quot;" class="App\Tests\Functional\Controller\AccountFundingControllerTest" classname="App.Tests.Functional.Controller.AccountFundingControllerTest" file="/app/tests/Functional/Controller/AccountFundingControllerTest.php" line="47" assertions="5" time="1.390039"/>
          <testcase name="testFund with data set &quot;missing data&quot;" class="App\Tests\Functional\Controller\AccountFundingControllerTest" classname="App.Tests.Functional.Controller.AccountFundingControllerTest" file="/app/tests/Functional/Controller/AccountFundingControllerTest.php" line="47" assertions="4" time="0.850806"/>
          <testcase name="testFund with data set &quot;unauthorized &quot;" class="App\Tests\Functional\Controller\AccountFundingControllerTest" classname="App.Tests.Functional.Controller.AccountFundingControllerTest" file="/app/tests/Functional/Controller/AccountFundingControllerTest.php" line="47" assertions="4" time="0.851982"/>
        </testsuite>
      </testsuite>
      <testsuite name="App\Tests\Functional\Controller\AuthorizationControllerTest" file="/app/tests/Functional/Controller/AuthorizationControllerTest.php" tests="7" assertions="23" errors="0" warnings="0" failures="0" skipped="0" time="5.917287">
        <testsuite name="App\Tests\Functional\Controller\AuthorizationControllerTest::testLogin" tests="3" assertions="10" errors="0" warnings="0" failures="0" skipped="0" time="2.583236">
          <testcase name="testLogin with data set &quot;success&quot;" class="App\Tests\Functional\Controller\AuthorizationControllerTest" classname="App.Tests.Functional.Controller.AuthorizationControllerTest" file="/app/tests/Functional/Controller/AuthorizationControllerTest.php" line="58" assertions="3" time="0.924874"/>
          <testcase name="testLogin with data set &quot;wrong password&quot;" class="App\Tests\Functional\Controller\AuthorizationControllerTest" classname="App.Tests.Functional.Controller.AuthorizationControllerTest" file="/app/tests/Functional/Controller/AuthorizationControllerTest.php" line="58" assertions="4" time="0.851886"/>
          <testcase name="testLogin with data set &quot;missing data&quot;" class="App\Tests\Functional\Controller\AuthorizationControllerTest" classname="App.Tests.Functional.Controller.AuthorizationControllerTest" file="/app/tests/Functional/Controller/AuthorizationControllerTest.php" line="58" assertions="3" time="0.806475"/>
        </testsuite>
        <testcase name="testLogout" class="App\Tests\Functional\Controller\AuthorizationControllerTest" classname="App.Tests.Functional.Controller.AuthorizationControllerTest" file="/app/tests/Functional/Controller/AuthorizationControllerTest.php" line="95" assertions="3" time="0.864062"/>
        <testsuite name="App\Tests\Functional\Controller\AuthorizationControllerTest::testRegister" tests="3" assertions="10" errors="0" warnings="0" failures="0" skipped="0" time="2.469989">
          <testcase name="testRegister with data set &quot;success&quot;" class="App\Tests\Functional\Controller\AuthorizationControllerTest" classname="App.Tests.Functional.Controller.AuthorizationControllerTest" file="/app/tests/Functional/Controller/AuthorizationControllerTest.php" line="131" assertions="4" time="0.810901"/>
          <testcase name="testRegister with data set &quot;missing data&quot;" class="App\Tests\Functional\Controller\AuthorizationControllerTest" classname="App.Tests.Functional.Controller.AuthorizationControllerTest" file="/app/tests/Functional/Controller/AuthorizationControllerTest.php" line="131" assertions="3" time="0.784582"/>
          <testcase name="testRegister with data set &quot;login already in use&quot;" class="App\Tests\Functional\Controller\AuthorizationControllerTest" classname="App.Tests.Functional.Controller.AuthorizationControllerTest" file="/app/tests/Functional/Controller/AuthorizationControllerTest.php" line="131" assertions="3" time="0.874506"/>
        </testsuite>
      </testsuite>
      <testsuite name="App\Tests\Functional\Controller\PlayingControllerTest" file="/app/tests/Functional/Controller/PlayingControllerTest.php" tests="3" assertions="13" errors="0" warnings="0" failures="0" skipped="0" time="2.567981">
        <testsuite name="App\Tests\Functional\Controller\PlayingControllerTest::testSavePlayingTime" tests="3" assertions="13" errors="0" warnings="0" failures="0" skipped="0" time="2.567981">
          <testcase name="testSavePlayingTime with data set &quot;success&quot;" class="App\Tests\Functional\Controller\PlayingControllerTest" classname="App.Tests.Functional.Controller.PlayingControllerTest" file="/app/tests/Functional/Controller/PlayingControllerTest.php" line="49" assertions="5" time="0.874828"/>
          <testcase name="testSavePlayingTime with data set &quot;missing data&quot;" class="App\Tests\Functional\Controller\PlayingControllerTest" classname="App.Tests.Functional.Controller.PlayingControllerTest" file="/app/tests/Functional/Controller/PlayingControllerTest.php" line="49" assertions="4" time="0.860126"/>
          <testcase name="testSavePlayingTime with data set &quot;unauthorized &quot;" class="App\Tests\Functional\Controller\PlayingControllerTest" classname="App.Tests.Functional.Controller.PlayingControllerTest" file="/app/tests/Functional/Controller/PlayingControllerTest.php" line="49" assertions="4" time="0.833027"/>
        </testsuite>
      </testsuite>
      <testsuite name="App\Tests\Functional\Controller\PurchaseControllerTest" file="/app/tests/Functional/Controller/PurchaseControllerTest.php" tests="6" assertions="31" errors="0" warnings="0" failures="0" skipped="0" time="5.198181">
        <testsuite name="App\Tests\Functional\Controller\PurchaseControllerTest::testPurchase" tests="2" assertions="11" errors="0" warnings="0" failures="0" skipped="0" time="1.710748">
          <testcase name="testPurchase with data set &quot;success&quot;" class="App\Tests\Functional\Controller\PurchaseControllerTest" classname="App.Tests.Functional.Controller.PurchaseControllerTest" file="/app/tests/Functional/Controller/PurchaseControllerTest.php" line="57" assertions="8" time="0.854870"/>
          <testcase name="testPurchase with data set &quot;not enough money&quot;" class="App\Tests\Functional\Controller\PurchaseControllerTest" classname="App.Tests.Functional.Controller.PurchaseControllerTest" file="/app/tests/Functional/Controller/PurchaseControllerTest.php" line="57" assertions="3" time="0.855878"/>
        </testsuite>
        <testcase name="testGetPurchasedGamesSuccess" class="App\Tests\Functional\Controller\PurchaseControllerTest" classname="App.Tests.Functional.Controller.PurchaseControllerTest" file="/app/tests/Functional/Controller/PurchaseControllerTest.php" line="117" assertions="10" time="0.951465"/>
        <testsuite name="App\Tests\Functional\Controller\PurchaseControllerTest::testDeletePurchasedGame" tests="3" assertions="10" errors="0" warnings="0" failures="0" skipped="0" time="2.535968">
          <testcase name="testDeletePurchasedGame with data set &quot;success&quot;" class="App\Tests\Functional\Controller\PurchaseControllerTest" classname="App.Tests.Functional.Controller.PurchaseControllerTest" file="/app/tests/Functional/Controller/PurchaseControllerTest.php" line="170" assertions="4" time="0.886300"/>
          <testcase name="testDeletePurchasedGame with data set &quot;missing data&quot;" class="App\Tests\Functional\Controller\PurchaseControllerTest" classname="App.Tests.Functional.Controller.PurchaseControllerTest" file="/app/tests/Functional/Controller/PurchaseControllerTest.php" line="170" assertions="3" time="0.829425"/>
          <testcase name="testDeletePurchasedGame with data set &quot;unauthorized&quot;" class="App\Tests\Functional\Controller\PurchaseControllerTest" classname="App.Tests.Functional.Controller.PurchaseControllerTest" file="/app/tests/Functional/Controller/PurchaseControllerTest.php" line="170" assertions="3" time="0.820243"/>
        </testsuite>
      </testsuite>
      <testsuite name="App\Tests\Functional\Controller\ReviewsControllerTest" file="/app/tests/Functional/Controller/ReviewsControllerTest.php" tests="11" assertions="59" errors="0" warnings="0" failures="0" skipped="0" time="10.769373">
        <testsuite name="App\Tests\Functional\Controller\ReviewsControllerTest::testCreateGameReview" tests="3" assertions="16" errors="0" warnings="0" failures="0" skipped="0" time="2.701164">
          <testcase name="testCreateGameReview with data set &quot;success&quot;" class="App\Tests\Functional\Controller\ReviewsControllerTest" classname="App.Tests.Functional.Controller.ReviewsControllerTest" file="/app/tests/Functional/Controller/ReviewsControllerTest.php" line="73" assertions="10" time="0.873318"/>
          <testcase name="testCreateGameReview with data set &quot;missing data&quot;" class="App\Tests\Functional\Controller\ReviewsControllerTest" classname="App.Tests.Functional.Controller.ReviewsControllerTest" file="/app/tests/Functional/Controller/ReviewsControllerTest.php" line="73" assertions="3" time="0.949626"/>
          <testcase name="testCreateGameReview with data set &quot;user already has review&quot;" class="App\Tests\Functional\Controller\ReviewsControllerTest" classname="App.Tests.Functional.Controller.ReviewsControllerTest" file="/app/tests/Functional/Controller/ReviewsControllerTest.php" line="73" assertions="3" time="0.878220"/>
        </testsuite>
        <testsuite name="App\Tests\Functional\Controller\ReviewsControllerTest::testGetGameReviews" tests="2" assertions="10" errors="0" warnings="0" failures="0" skipped="0" time="1.666002">
          <testcase name="testGetGameReviews with data set &quot;with review creating&quot;" class="App\Tests\Functional\Controller\ReviewsControllerTest" classname="App.Tests.Functional.Controller.ReviewsControllerTest" file="/app/tests/Functional/Controller/ReviewsControllerTest.php" line="134" assertions="8" time="0.841446"/>
          <testcase name="testGetGameReviews with data set &quot;without review creating&quot;" class="App\Tests\Functional\Controller\ReviewsControllerTest" classname="App.Tests.Functional.Controller.ReviewsControllerTest" file="/app/tests/Functional/Controller/ReviewsControllerTest.php" line="134" assertions="2" time="0.824556"/>
        </testsuite>
        <testsuite name="App\Tests\Functional\Controller\ReviewsControllerTest::testChangeGameReviewContent" tests="3" assertions="16" errors="0" warnings="0" failures="0" skipped="0" time="2.651281">
          <testcase name="testChangeGameReviewContent with data set &quot;success&quot;" class="App\Tests\Functional\Controller\ReviewsControllerTest" classname="App.Tests.Functional.Controller.ReviewsControllerTest" file="/app/tests/Functional/Controller/ReviewsControllerTest.php" line="177" assertions="10" time="0.943549"/>
          <testcase name="testChangeGameReviewContent with data set &quot;missing data&quot;" class="App\Tests\Functional\Controller\ReviewsControllerTest" classname="App.Tests.Functional.Controller.ReviewsControllerTest" file="/app/tests/Functional/Controller/ReviewsControllerTest.php" line="177" assertions="3" time="0.867826"/>
          <testcase name="testChangeGameReviewContent with data set &quot;user doesn't have a review&quot;" class="App\Tests\Functional\Controller\ReviewsControllerTest" classname="App.Tests.Functional.Controller.ReviewsControllerTest" file="/app/tests/Functional/Controller/ReviewsControllerTest.php" line="177" assertions="3" time="0.839906"/>
        </testsuite>
        <testcase name="testDeleteReview" class="App\Tests\Functional\Controller\ReviewsControllerTest" classname="App.Tests.Functional.Controller.ReviewsControllerTest" file="/app/tests/Functional/Controller/ReviewsControllerTest.php" line="237" assertions="3" time="1.913055"/>
        <testsuite name="App\Tests\Functional\Controller\ReviewsControllerTest::testGetUserReviewContentByGameId" tests="2" assertions="14" errors="0" warnings="0" failures="0" skipped="0" time="1.837872">
          <testcase name="testGetUserReviewContentByGameId with data set &quot;success&quot;" class="App\Tests\Functional\Controller\ReviewsControllerTest" classname="App.Tests.Functional.Controller.ReviewsControllerTest" file="/app/tests/Functional/Controller/ReviewsControllerTest.php" line="278" assertions="8" time="0.931946"/>
          <testcase name="testGetUserReviewContentByGameId with data set &quot;user doesn't have a review&quot;" class="App\Tests\Functional\Controller\ReviewsControllerTest" classname="App.Tests.Functional.Controller.ReviewsControllerTest" file="/app/tests/Functional/Controller/ReviewsControllerTest.php" line="278" assertions="6" time="0.905926"/>
        </testsuite>
      </testsuite>
      <testsuite name="App\Tests\Functional\Controller\UserInfoControllerTest" file="/app/tests/Functional/Controller/UserInfoControllerTest.php" tests="4" assertions="40" errors="0" warnings="0" failures="0" skipped="0" time="3.474547">
        <testcase name="testGetUserInfo" class="App\Tests\Functional\Controller\UserInfoControllerTest" classname="App.Tests.Functional.Controller.UserInfoControllerTest" file="/app/tests/Functional/Controller/UserInfoControllerTest.php" line="43" assertions="15" time="0.859292"/>
        <testsuite name="App\Tests\Functional\Controller\UserInfoControllerTest::testGetUsersMostPlayedGames" tests="2" assertions="17" errors="0" warnings="0" failures="0" skipped="0" time="1.727340">
          <testcase name="testGetUsersMostPlayedGames with data set &quot;success&quot;" class="App\Tests\Functional\Controller\UserInfoControllerTest" classname="App.Tests.Functional.Controller.UserInfoControllerTest" file="/app/tests/Functional/Controller/UserInfoControllerTest.php" line="84" assertions="13" time="0.902958"/>
          <testcase name="testGetUsersMostPlayedGames with data set &quot;unauthorized&quot;" class="App\Tests\Functional\Controller\UserInfoControllerTest" classname="App.Tests.Functional.Controller.UserInfoControllerTest" file="/app/tests/Functional/Controller/UserInfoControllerTest.php" line="84" assertions="4" time="0.824382"/>
        </testsuite>
        <testcase name="testUpdateUserInfo" class="App\Tests\Functional\Controller\UserInfoControllerTest" classname="App.Tests.Functional.Controller.UserInfoControllerTest" file="/app/tests/Functional/Controller/UserInfoControllerTest.php" line="156" assertions="8" time="0.887914"/>
      </testsuite>
      <testsuite name="App\Tests\Functional\Repository\UserRepositoryTest" file="/app/tests/Functional/Repository/UserRepositoryTest.php" tests="2" assertions="2" errors="0" warnings="0" failures="0" skipped="0" time="1.595616">
        <testcase name="testUpgradePasswordSuccess" class="App\Tests\Functional\Repository\UserRepositoryTest" classname="App.Tests.Functional.Repository.UserRepositoryTest" file="/app/tests/Functional/Repository/UserRepositoryTest.php" line="31" assertions="1" time="0.830549"/>
        <testcase name="testUpgradePasswordNotSupported" class="App\Tests\Functional\Repository\UserRepositoryTest" classname="App.Tests.Functional.Repository.UserRepositoryTest" file="/app/tests/Functional/Repository/UserRepositoryTest.php" line="51" assertions="1" time="0.765067"/>
      </testsuite>
      <testsuite name="App\Tests\Unit\Entity\GameTest" file="/app/tests/Unit/Entity/GameTest.php" tests="2" assertions="10" errors="0" warnings="0" failures="0" skipped="0" time="0.003089">
        <testcase name="testCreateEmptyGameEntity" class="App\Tests\Unit\Entity\GameTest" classname="App.Tests.Unit.Entity.GameTest" file="/app/tests/Unit/Entity/GameTest.php" line="11" assertions="4" time="0.001359"/>
        <testcase name="testCreateNotEmptyGameEntity" class="App\Tests\Unit\Entity\GameTest" classname="App.Tests.Unit.Entity.GameTest" file="/app/tests/Unit/Entity/GameTest.php" line="21" assertions="6" time="0.001730"/>
      </testsuite>
      <testsuite name="App\Tests\Unit\Entity\PurchasedGameTest" file="/app/tests/Unit/Entity/PurchasedGameTest.php" tests="2" assertions="7" errors="0" warnings="0" failures="0" skipped="0" time="0.002504">
        <testcase name="testCreateEmptyPurchasedGame" class="App\Tests\Unit\Entity\PurchasedGameTest" classname="App.Tests.Unit.Entity.PurchasedGameTest" file="/app/tests/Unit/Entity/PurchasedGameTest.php" line="12" assertions="4" time="0.001128"/>
        <testcase name="testCreateNotEmptyPurchasedGame" class="App\Tests\Unit\Entity\PurchasedGameTest" classname="App.Tests.Unit.Entity.PurchasedGameTest" file="/app/tests/Unit/Entity/PurchasedGameTest.php" line="22" assertions="3" time="0.001376"/>
      </testsuite>
      <testsuite name="App\Tests\Unit\Entity\UserTest" file="/app/tests/Unit/Entity/UserTest.php" tests="8" assertions="30" errors="0" warnings="0" failures="0" skipped="0" time="0.014741">
        <testcase name="testCreateEmptyUserEntity" class="App\Tests\Unit\Entity\UserTest" classname="App.Tests.Unit.Entity.UserTest" file="/app/tests/Unit/Entity/UserTest.php" line="30" assertions="6" time="0.001282"/>
        <testcase name="testCreateNotEmptyUserEntity" class="App\Tests\Unit\Entity\UserTest" classname="App.Tests.Unit.Entity.UserTest" file="/app/tests/Unit/Entity/UserTest.php" line="41" assertions="12" time="0.005199"/>
        <testsuite name="App\Tests\Unit\Entity\UserTest::testValidateLogin" tests="3" assertions="6" errors="0" warnings="0" failures="0" skipped="0" time="0.005235">
          <testcase name="testValidateLogin with data set &quot;smallLogin&quot;" class="App\Tests\Unit\Entity\UserTest" classname="App.Tests.Unit.Entity.UserTest" file="/app/tests/Unit/Entity/UserTest.php" line="77" assertions="2" time="0.003309"/>
          <testcase name="testValidateLogin with data set &quot;bigLogin&quot;" class="App\Tests\Unit\Entity\UserTest" classname="App.Tests.Unit.Entity.UserTest" file="/app/tests/Unit/Entity/UserTest.php" line="77" assertions="2" time="0.000946"/>
          <testcase name="testValidateLogin with data set &quot;loginWithInvalidCharacters&quot;" class="App\Tests\Unit\Entity\UserTest" classname="App.Tests.Unit.Entity.UserTest" file="/app/tests/Unit/Entity/UserTest.php" line="77" assertions="2" time="0.000981"/>
        </testsuite>
        <testsuite name="App\Tests\Unit\Entity\UserTest::testValidateNickname" tests="3" assertions="6" errors="0" warnings="0" failures="0" skipped="0" time="0.003025">
          <testcase name="testValidateNickname with data set &quot;smallNickname&quot;" class="App\Tests\Unit\Entity\UserTest" classname="App.Tests.Unit.Entity.UserTest" file="/app/tests/Unit/Entity/UserTest.php" line="99" assertions="2" time="0.001083"/>
          <testcase name="testValidateNickname with data set &quot;bigNickname&quot;" class="App\Tests\Unit\Entity\UserTest" classname="App.Tests.Unit.Entity.UserTest" file="/app/tests/Unit/Entity/UserTest.php" line="99" assertions="2" time="0.000969"/>
          <testcase name="testValidateNickname with data set &quot;NicknameWithInvalidCharacters&quot;" class="App\Tests\Unit\Entity\UserTest" classname="App.Tests.Unit.Entity.UserTest" file="/app/tests/Unit/Entity/UserTest.php" line="99" assertions="2" time="0.000973"/>
        </testsuite>
      </testsuite>
      <testsuite name="App\Tests\Unit\Security\ApiTokenFailureHandlerTest" file="/app/tests/Unit/Security/ApiTokenFailureHandlerTest.php" tests="1" assertions="1" errors="0" warnings="0" failures="0" skipped="0" time="0.007847">
        <testcase name="testOnAuthenticationFailure" class="App\Tests\Unit\Security\ApiTokenFailureHandlerTest" classname="App.Tests.Unit.Security.ApiTokenFailureHandlerTest" file="/app/tests/Unit/Security/ApiTokenFailureHandlerTest.php" line="14" assertions="1" time="0.007847"/>
      </testsuite>
      <testsuite name="App\Tests\Unit\Security\ApiTokenHandlerTest" file="/app/tests/Unit/Security/ApiTokenHandlerTest.php" tests="3" assertions="11" errors="0" warnings="0" failures="0" skipped="0" time="0.095252">
        <testsuite name="App\Tests\Unit\Security\ApiTokenHandlerTest::testGetUserBadgeFrom" tests="3" assertions="11" errors="0" warnings="0" failures="0" skipped="0" time="0.095252">
          <testcase name="testGetUserBadgeFrom with data set &quot;success&quot;" class="App\Tests\Unit\Security\ApiTokenHandlerTest" classname="App.Tests.Unit.Security.ApiTokenHandlerTest" file="/app/tests/Unit/Security/ApiTokenHandlerTest.php" line="41" assertions="4" time="0.084465"/>
          <testcase name="testGetUserBadgeFrom with data set &quot;bad credentials&quot;" class="App\Tests\Unit\Security\ApiTokenHandlerTest" classname="App.Tests.Unit.Security.ApiTokenHandlerTest" file="/app/tests/Unit/Security/ApiTokenHandlerTest.php" line="41" assertions="3" time="0.004783"/>
          <testcase name="testGetUserBadgeFrom with data set &quot;expired token&quot;" class="App\Tests\Unit\Security\ApiTokenHandlerTest" classname="App.Tests.Unit.Security.ApiTokenHandlerTest" file="/app/tests/Unit/Security/ApiTokenHandlerTest.php" line="41" assertions="4" time="0.006004"/>
        </testsuite>
      </testsuite>
      <testsuite name="App\Tests\Unit\Service\AccountFundingServiceTest" file="/app/tests/Unit/Service/AccountFundingServiceTest.php" tests="1" assertions="3" errors="0" warnings="0" failures="0" skipped="0" time="0.004909">
        <testcase name="testFund" class="App\Tests\Unit\Service\AccountFundingServiceTest" classname="App.Tests.Unit.Service.AccountFundingServiceTest" file="/app/tests/Unit/Service/AccountFundingServiceTest.php" line="23" assertions="3" time="0.004909"/>
      </testsuite>
      <testsuite name="App\Tests\Unit\Service\AuthorizationServiceTest" file="/app/tests/Unit/Service/AuthorizationServiceTest.php" tests="11" assertions="31" errors="0" warnings="0" failures="0" skipped="0" time="0.044300">
        <testsuite name="App\Tests\Unit\Service\AuthorizationServiceTest::testLogin" tests="2" assertions="9" errors="0" warnings="0" failures="0" skipped="0" time="0.018445">
          <testcase name="testLogin with data set &quot;success&quot;" class="App\Tests\Unit\Service\AuthorizationServiceTest" classname="App.Tests.Unit.Service.AuthorizationServiceTest" file="/app/tests/Unit/Service/AuthorizationServiceTest.php" line="68" assertions="5" time="0.011531"/>
          <testcase name="testLogin with data set &quot;wrong password&quot;" class="App\Tests\Unit\Service\AuthorizationServiceTest" classname="App.Tests.Unit.Service.AuthorizationServiceTest" file="/app/tests/Unit/Service/AuthorizationServiceTest.php" line="68" assertions="4" time="0.006914"/>
        </testsuite>
        <testsuite name="App\Tests\Unit\Service\AuthorizationServiceTest::testLogout" tests="2" assertions="8" errors="0" warnings="0" failures="0" skipped="0" time="0.011198">
          <testcase name="testLogout with data set &quot;success&quot;" class="App\Tests\Unit\Service\AuthorizationServiceTest" classname="App.Tests.Unit.Service.AuthorizationServiceTest" file="/app/tests/Unit/Service/AuthorizationServiceTest.php" line="106" assertions="4" time="0.005680"/>
          <testcase name="testLogout with data set &quot;user already unauthorized&quot;" class="App\Tests\Unit\Service\AuthorizationServiceTest" classname="App.Tests.Unit.Service.AuthorizationServiceTest" file="/app/tests/Unit/Service/AuthorizationServiceTest.php" line="106" assertions="4" time="0.005517"/>
        </testsuite>
        <testcase name="testRegisterSuccess" class="App\Tests\Unit\Service\AuthorizationServiceTest" classname="App.Tests.Unit.Service.AuthorizationServiceTest" file="/app/tests/Unit/Service/AuthorizationServiceTest.php" line="130" assertions="3" time="0.002986"/>
        <testsuite name="App\Tests\Unit\Service\AuthorizationServiceTest::testValidatePassword" tests="6" assertions="11" errors="0" warnings="0" failures="0" skipped="0" time="0.011671">
          <testcase name="testValidatePassword with data set &quot;validPassword&quot;" class="App\Tests\Unit\Service\AuthorizationServiceTest" classname="App.Tests.Unit.Service.AuthorizationServiceTest" file="/app/tests/Unit/Service/AuthorizationServiceTest.php" line="146" assertions="1" time="0.002015"/>
          <testcase name="testValidatePassword with data set &quot;tooSmallPassword&quot;" class="App\Tests\Unit\Service\AuthorizationServiceTest" classname="App.Tests.Unit.Service.AuthorizationServiceTest" file="/app/tests/Unit/Service/AuthorizationServiceTest.php" line="146" assertions="2" time="0.001922"/>
          <testcase name="testValidatePassword with data set &quot;tooBigPassword&quot;" class="App\Tests\Unit\Service\AuthorizationServiceTest" classname="App.Tests.Unit.Service.AuthorizationServiceTest" file="/app/tests/Unit/Service/AuthorizationServiceTest.php" line="146" assertions="2" time="0.001861"/>
          <testcase name="testValidatePassword with data set &quot;passwordWithInvalidSymbols&quot;" class="App\Tests\Unit\Service\AuthorizationServiceTest" classname="App.Tests.Unit.Service.AuthorizationServiceTest" file="/app/tests/Unit/Service/AuthorizationServiceTest.php" line="146" assertions="2" time="0.002017"/>
          <testcase name="testValidatePassword with data set &quot;passwordWithoutDigits&quot;" class="App\Tests\Unit\Service\AuthorizationServiceTest" classname="App.Tests.Unit.Service.AuthorizationServiceTest" file="/app/tests/Unit/Service/AuthorizationServiceTest.php" line="146" assertions="2" time="0.001975"/>
          <testcase name="testValidatePassword with data set &quot;passwordWithoutSymbols&quot;" class="App\Tests\Unit\Service\AuthorizationServiceTest" classname="App.Tests.Unit.Service.AuthorizationServiceTest" file="/app/tests/Unit/Service/AuthorizationServiceTest.php" line="146" assertions="2" time="0.001881"/>
        </testsuite>
      </testsuite>
      <testsuite name="App\Tests\Unit\Service\PlayingServiceTest" file="/app/tests/Unit/Service/PlayingServiceTest.php" tests="1" assertions="3" errors="0" warnings="0" failures="0" skipped="0" time="0.014488">
        <testcase name="testSavePlayingTime" class="App\Tests\Unit\Service\PlayingServiceTest" classname="App.Tests.Unit.Service.PlayingServiceTest" file="/app/tests/Unit/Service/PlayingServiceTest.php" line="29" assertions="3" time="0.014488"/>
      </testsuite>
      <testsuite name="App\Tests\Unit\Service\PurchaseServiceTest" file="/app/tests/Unit/Service/PurchaseServiceTest.php" tests="4" assertions="30" errors="0" warnings="0" failures="0" skipped="0" time="0.031707">
        <testsuite name="App\Tests\Unit\Service\PurchaseServiceTest::testPurchase" tests="3" assertions="18" errors="0" warnings="0" failures="0" skipped="0" time="0.025771">
          <testcase name="testPurchase with data set &quot;success&quot;" class="App\Tests\Unit\Service\PurchaseServiceTest" classname="App.Tests.Unit.Service.PurchaseServiceTest" file="/app/tests/Unit/Service/PurchaseServiceTest.php" line="50" assertions="6" time="0.013323"/>
          <testcase name="testPurchase with data set &quot;not enough money&quot;" class="App\Tests\Unit\Service\PurchaseServiceTest" classname="App.Tests.Unit.Service.PurchaseServiceTest" file="/app/tests/Unit/Service/PurchaseServiceTest.php" line="50" assertions="6" time="0.006148"/>
          <testcase name="testPurchase with data set &quot;game already purchased&quot;" class="App\Tests\Unit\Service\PurchaseServiceTest" classname="App.Tests.Unit.Service.PurchaseServiceTest" file="/app/tests/Unit/Service/PurchaseServiceTest.php" line="50" assertions="6" time="0.006300"/>
        </testsuite>
        <testcase name="testGetPurchasedGames" class="App\Tests\Unit\Service\PurchaseServiceTest" classname="App.Tests.Unit.Service.PurchaseServiceTest" file="/app/tests/Unit/Service/PurchaseServiceTest.php" line="86" assertions="12" time="0.005936"/>
      </testsuite>
      <testsuite name="App\Tests\Unit\Service\ReviewsServiceTest" file="/app/tests/Unit/Service/ReviewsServiceTest.php" tests="6" assertions="40" errors="0" warnings="0" failures="0" skipped="0" time="0.060671">
        <testsuite name="App\Tests\Unit\Service\ReviewsServiceTest::testCreateGameReview" tests="2" assertions="11" errors="0" warnings="0" failures="0" skipped="0" time="0.024257">
          <testcase name="testCreateGameReview with data set &quot;success&quot;" class="App\Tests\Unit\Service\ReviewsServiceTest" classname="App.Tests.Unit.Service.ReviewsServiceTest" file="/app/tests/Unit/Service/ReviewsServiceTest.php" line="53" assertions="5" time="0.017443"/>
          <testcase name="testCreateGameReview with data set &quot;user already has review on this game&quot;" class="App\Tests\Unit\Service\ReviewsServiceTest" classname="App.Tests.Unit.Service.ReviewsServiceTest" file="/app/tests/Unit/Service/ReviewsServiceTest.php" line="53" assertions="6" time="0.006814"/>
        </testsuite>
        <testcase name="testGetGameReviews" class="App\Tests\Unit\Service\ReviewsServiceTest" classname="App.Tests.Unit.Service.ReviewsServiceTest" file="/app/tests/Unit/Service/ReviewsServiceTest.php" line="103" assertions="11" time="0.017877"/>
        <testcase name="testChangeGameReviewContent" class="App\Tests\Unit\Service\ReviewsServiceTest" classname="App.Tests.Unit.Service.ReviewsServiceTest" file="/app/tests/Unit/Service/ReviewsServiceTest.php" line="143" assertions="6" time="0.004541"/>
        <testsuite name="App\Tests\Unit\Service\ReviewsServiceTest::testGetUserReviewByUserLoginAndGameId" tests="2" assertions="12" errors="0" warnings="0" failures="0" skipped="0" time="0.013996">
          <testcase name="testGetUserReviewByUserLoginAndGameId with data set &quot;success&quot;" class="App\Tests\Unit\Service\ReviewsServiceTest" classname="App.Tests.Unit.Service.ReviewsServiceTest" file="/app/tests/Unit/Service/ReviewsServiceTest.php" line="175" assertions="8" time="0.007232"/>
          <testcase name="testGetUserReviewByUserLoginAndGameId with data set &quot;user doesn't have a review&quot;" class="App\Tests\Unit\Service\ReviewsServiceTest" classname="App.Tests.Unit.Service.ReviewsServiceTest" file="/app/tests/Unit/Service/ReviewsServiceTest.php" line="175" assertions="4" time="0.006765"/>
        </testsuite>
      </testsuite>
      <testsuite name="App\Tests\Unit\Service\UserInfoServiceTest" file="/app/tests/Unit/Service/UserInfoServiceTest.php" tests="3" assertions="38" errors="0" warnings="0" failures="0" skipped="0" time="0.021323">
        <testcase name="testGetUserInfo" class="App\Tests\Unit\Service\UserInfoServiceTest" classname="App.Tests.Unit.Service.UserInfoServiceTest" file="/app/tests/Unit/Service/UserInfoServiceTest.php" line="37" assertions="17" time="0.008875"/>
        <testcase name="testGetUsersMostPlayedGames" class="App\Tests\Unit\Service\UserInfoServiceTest" classname="App.Tests.Unit.Service.UserInfoServiceTest" file="/app/tests/Unit/Service/UserInfoServiceTest.php" line="65" assertions="15" time="0.006842"/>
        <testcase name="testUpdateUserInfo" class="App\Tests\Unit\Service\UserInfoServiceTest" classname="App.Tests.Unit.Service.UserInfoServiceTest" file="/app/tests/Unit/Service/UserInfoServiceTest.php" line="107" assertions="6" time="0.005606"/>
      </testsuite>
    </testsuite>
  </testsuite>
</testsuites>
