<?xml version="1.0" encoding="UTF-8"?>
<testsuites>
  <testsuite name="" tests="40" assertions="160" errors="0" warnings="0" failures="0" skipped="2" time="16.586198">
    <testsuite name="Project Test Suite" tests="40" assertions="160" errors="0" warnings="0" failures="0" skipped="2" time="16.586198">
      <testsuite name="App\Tests\Functional\Controller\AuthorizationControllerTest" file="/app/tests/Functional/Controller/AuthorizationControllerTest.php" tests="6" assertions="18" errors="0" warnings="0" failures="0" skipped="0" time="4.341098">
        <testcase name="testLoginSuccess" class="App\Tests\Functional\Controller\AuthorizationControllerTest" classname="App.Tests.Functional.Controller.AuthorizationControllerTest" file="/app/tests/Functional/Controller/AuthorizationControllerTest.php" line="34" assertions="2" time="1.148468"/>
        <testcase name="testLoginMissingData" class="App\Tests\Functional\Controller\AuthorizationControllerTest" classname="App.Tests.Functional.Controller.AuthorizationControllerTest" file="/app/tests/Functional/Controller/AuthorizationControllerTest.php" line="57" assertions="3" time="0.711204"/>
        <testcase name="testLogoutSuccess" class="App\Tests\Functional\Controller\AuthorizationControllerTest" classname="App.Tests.Functional.Controller.AuthorizationControllerTest" file="/app/tests/Functional/Controller/AuthorizationControllerTest.php" line="84" assertions="3" time="0.700021"/>
        <testcase name="testLogoutMissingToken" class="App\Tests\Functional\Controller\AuthorizationControllerTest" classname="App.Tests.Functional.Controller.AuthorizationControllerTest" file="/app/tests/Functional/Controller/AuthorizationControllerTest.php" line="113" assertions="3" time="0.556287"/>
        <testcase name="testRegisterSuccess" class="App\Tests\Functional\Controller\AuthorizationControllerTest" classname="App.Tests.Functional.Controller.AuthorizationControllerTest" file="/app/tests/Functional/Controller/AuthorizationControllerTest.php" line="128" assertions="4" time="0.611138"/>
        <testcase name="testRegisterMissingData" class="App\Tests\Functional\Controller\AuthorizationControllerTest" classname="App.Tests.Functional.Controller.AuthorizationControllerTest" file="/app/tests/Functional/Controller/AuthorizationControllerTest.php" line="156" assertions="3" time="0.613980"/>
      </testsuite>
      <testsuite name="App\Tests\Functional\Controller\UserInfoControllerTest" file="/app/tests/Functional/Controller/UserInfoControllerTest.php" tests="2" assertions="12" errors="0" warnings="0" failures="0" skipped="0" time="1.155738">
        <testcase name="testGetUserInfoSuccess" class="App\Tests\Functional\Controller\UserInfoControllerTest" classname="App.Tests.Functional.Controller.UserInfoControllerTest" file="/app/tests/Functional/Controller/UserInfoControllerTest.php" line="37" assertions="9" time="0.585983"/>
        <testcase name="testGetUserInfoTokenIsMissing" class="App\Tests\Functional\Controller\UserInfoControllerTest" classname="App.Tests.Functional.Controller.UserInfoControllerTest" file="/app/tests/Functional/Controller/UserInfoControllerTest.php" line="72" assertions="3" time="0.569755"/>
      </testsuite>
      <testsuite name="App\Tests\Functional\GamesResourceTest" file="/app/tests/Functional/GamesResourceTest.php" tests="13" assertions="37" errors="0" warnings="0" failures="0" skipped="2" time="9.901358">
        <testcase name="testGetGamesCollection" class="App\Tests\Functional\GamesResourceTest" classname="App.Tests.Functional.GamesResourceTest" file="/app/tests/Functional/GamesResourceTest.php" line="45" assertions="3" time="1.013646"/>
        <testcase name="testPostNewGameSuccess" class="App\Tests\Functional\GamesResourceTest" classname="App.Tests.Functional.GamesResourceTest" file="/app/tests/Functional/GamesResourceTest.php" line="68" assertions="3" time="0.788937"/>
        <testcase name="testPostNewGameUnauthorized" class="App\Tests\Functional\GamesResourceTest" classname="App.Tests.Functional.GamesResourceTest" file="/app/tests/Functional/GamesResourceTest.php" line="97" assertions="0" time="0.521911">
          <skipped/>
        </testcase>
        <testcase name="testPostNewGameInvalidInput" class="App\Tests\Functional\GamesResourceTest" classname="App.Tests.Functional.GamesResourceTest" file="/app/tests/Functional/GamesResourceTest.php" line="124" assertions="4" time="0.794457"/>
        <testcase name="testPostNewUnprocessableEntity" class="App\Tests\Functional\GamesResourceTest" classname="App.Tests.Functional.GamesResourceTest" file="/app/tests/Functional/GamesResourceTest.php" line="150" assertions="5" time="0.863454"/>
        <testcase name="testGetGameSuccess" class="App\Tests\Functional\GamesResourceTest" classname="App.Tests.Functional.GamesResourceTest" file="/app/tests/Functional/GamesResourceTest.php" line="188" assertions="0" time="0.506829">
          <skipped/>
        </testcase>
        <testcase name="testGetGameResourceNotFound" class="App\Tests\Functional\GamesResourceTest" classname="App.Tests.Functional.GamesResourceTest" file="/app/tests/Functional/GamesResourceTest.php" line="212" assertions="3" time="0.738204"/>
        <testcase name="testDeleteGameSuccess" class="App\Tests\Functional\GamesResourceTest" classname="App.Tests.Functional.GamesResourceTest" file="/app/tests/Functional/GamesResourceTest.php" line="228" assertions="2" time="0.674512"/>
        <testcase name="testDeleteGameResourceNotFound" class="App\Tests\Functional\GamesResourceTest" classname="App.Tests.Functional.GamesResourceTest" file="/app/tests/Functional/GamesResourceTest.php" line="243" assertions="2" time="0.815408"/>
        <testcase name="testPatchGameSuccess" class="App\Tests\Functional\GamesResourceTest" classname="App.Tests.Functional.GamesResourceTest" file="/app/tests/Functional/GamesResourceTest.php" line="258" assertions="3" time="0.698913"/>
        <testcase name="testPatchGameInvalidInput" class="App\Tests\Functional\GamesResourceTest" classname="App.Tests.Functional.GamesResourceTest" file="/app/tests/Functional/GamesResourceTest.php" line="280" assertions="4" time="0.726349"/>
        <testcase name="testPatchGameResourceNotFound" class="App\Tests\Functional\GamesResourceTest" classname="App.Tests.Functional.GamesResourceTest" file="/app/tests/Functional/GamesResourceTest.php" line="306" assertions="3" time="0.711445"/>
        <testcase name="testPatchNewUnprocessableEntity" class="App\Tests\Functional\GamesResourceTest" classname="App.Tests.Functional.GamesResourceTest" file="/app/tests/Functional/GamesResourceTest.php" line="328" assertions="5" time="1.047293"/>
      </testsuite>
      <testsuite name="App\Tests\Functional\Repository\UserRepositoryTest" file="/app/tests/Functional/Repository/UserRepositoryTest.php" tests="2" assertions="2" errors="0" warnings="0" failures="0" skipped="0" time="1.055012">
        <testcase name="testUpgradePasswordSuccess" class="App\Tests\Functional\Repository\UserRepositoryTest" classname="App.Tests.Functional.Repository.UserRepositoryTest" file="/app/tests/Functional/Repository/UserRepositoryTest.php" line="31" assertions="1" time="0.558840"/>
        <testcase name="testUpgradePasswordNotSupported" class="App\Tests\Functional\Repository\UserRepositoryTest" classname="App.Tests.Functional.Repository.UserRepositoryTest" file="/app/tests/Functional/Repository/UserRepositoryTest.php" line="51" assertions="1" time="0.496172"/>
      </testsuite>
      <testsuite name="App\Tests\Unit\Entity\GameUnitTest" file="/app/tests/Unit/Entity/GameUnitTest.php" tests="2" assertions="9" errors="0" warnings="0" failures="0" skipped="0" time="0.002141">
        <testcase name="testCreateEmptyGameEntity" class="App\Tests\Unit\Entity\GameUnitTest" classname="App.Tests.Unit.Entity.GameUnitTest" file="/app/tests/Unit/Entity/GameUnitTest.php" line="11" assertions="3" time="0.000944"/>
        <testcase name="testCreateNotEmptyGameEntity" class="App\Tests\Unit\Entity\GameUnitTest" classname="App.Tests.Unit.Entity.GameUnitTest" file="/app/tests/Unit/Entity/GameUnitTest.php" line="20" assertions="6" time="0.001197"/>
      </testsuite>
      <testsuite name="App\Tests\Unit\Entity\PurchasedGameUnitTest" file="/app/tests/Unit/Entity/PurchasedGameUnitTest.php" tests="2" assertions="7" errors="0" warnings="0" failures="0" skipped="0" time="0.002461">
        <testcase name="testCreateEmptyPurchasedGame" class="App\Tests\Unit\Entity\PurchasedGameUnitTest" classname="App.Tests.Unit.Entity.PurchasedGameUnitTest" file="/app/tests/Unit/Entity/PurchasedGameUnitTest.php" line="12" assertions="4" time="0.001027"/>
        <testcase name="testCreateNotEmptyPurchasedGame" class="App\Tests\Unit\Entity\PurchasedGameUnitTest" classname="App.Tests.Unit.Entity.PurchasedGameUnitTest" file="/app/tests/Unit/Entity/PurchasedGameUnitTest.php" line="22" assertions="3" time="0.001434"/>
      </testsuite>
      <testsuite name="App\Tests\Unit\Entity\UserUnitTest" file="/app/tests/Unit/Entity/UserUnitTest.php" tests="2" assertions="19" errors="0" warnings="0" failures="0" skipped="0" time="0.005258">
        <testcase name="testCreateEmptyUserEntity" class="App\Tests\Unit\Entity\UserUnitTest" classname="App.Tests.Unit.Entity.UserUnitTest" file="/app/tests/Unit/Entity/UserUnitTest.php" line="11" assertions="6" time="0.001218"/>
        <testcase name="testCreateNotEmptyUserEntity" class="App\Tests\Unit\Entity\UserUnitTest" classname="App.Tests.Unit.Entity.UserUnitTest" file="/app/tests/Unit/Entity/UserUnitTest.php" line="22" assertions="13" time="0.004041"/>
      </testsuite>
      <testsuite name="App\Tests\Unit\Security\ApiTokenFailureHandlerTest" file="/app/tests/Unit/Security/ApiTokenFailureHandlerTest.php" tests="1" assertions="1" errors="0" warnings="0" failures="0" skipped="0" time="0.005532">
        <testcase name="testGetUserBadgeFrom" class="App\Tests\Unit\Security\ApiTokenFailureHandlerTest" classname="App.Tests.Unit.Security.ApiTokenFailureHandlerTest" file="/app/tests/Unit/Security/ApiTokenFailureHandlerTest.php" line="19" assertions="1" time="0.005532"/>
      </testsuite>
      <testsuite name="App\Tests\Unit\Security\ApiTokenHandlerTest" file="/app/tests/Unit/Security/ApiTokenHandlerTest.php" tests="2" assertions="6" errors="0" warnings="0" failures="0" skipped="0" time="0.080122">
        <testcase name="testGetUserBadgeFrom" class="App\Tests\Unit\Security\ApiTokenHandlerTest" classname="App.Tests.Unit.Security.ApiTokenHandlerTest" file="/app/tests/Unit/Security/ApiTokenHandlerTest.php" line="15" assertions="3" time="0.074602"/>
        <testcase name="testGetUserBadgeFromBadCredentials" class="App\Tests\Unit\Security\ApiTokenHandlerTest" classname="App.Tests.Unit.Security.ApiTokenHandlerTest" file="/app/tests/Unit/Security/ApiTokenHandlerTest.php" line="38" assertions="3" time="0.005520"/>
      </testsuite>
      <testsuite name="App\Tests\Unit\Service\AuthorizationServiceTest" file="/app/tests/Unit/Service/AuthorizationServiceTest.php" tests="7" assertions="38" errors="0" warnings="0" failures="0" skipped="0" time="0.032739">
        <testcase name="testLoginSuccess" class="App\Tests\Unit\Service\AuthorizationServiceTest" classname="App.Tests.Unit.Service.AuthorizationServiceTest" file="/app/tests/Unit/Service/AuthorizationServiceTest.php" line="26" assertions="6" time="0.006187"/>
        <testcase name="testLoginUserDoesNotExist" class="App\Tests\Unit\Service\AuthorizationServiceTest" classname="App.Tests.Unit.Service.AuthorizationServiceTest" file="/app/tests/Unit/Service/AuthorizationServiceTest.php" line="57" assertions="5" time="0.004353"/>
        <testcase name="testLoginWrongPassword" class="App\Tests\Unit\Service\AuthorizationServiceTest" classname="App.Tests.Unit.Service.AuthorizationServiceTest" file="/app/tests/Unit/Service/AuthorizationServiceTest.php" line="79" assertions="5" time="0.004611"/>
        <testcase name="testRegisterSuccess" class="App\Tests\Unit\Service\AuthorizationServiceTest" classname="App.Tests.Unit.Service.AuthorizationServiceTest" file="/app/tests/Unit/Service/AuthorizationServiceTest.php" line="105" assertions="4" time="0.002262"/>
        <testcase name="testLogoutSuccess" class="App\Tests\Unit\Service\AuthorizationServiceTest" classname="App.Tests.Unit.Service.AuthorizationServiceTest" file="/app/tests/Unit/Service/AuthorizationServiceTest.php" line="121" assertions="6" time="0.005157"/>
        <testcase name="testLogoutUserDoesNotExist" class="App\Tests\Unit\Service\AuthorizationServiceTest" classname="App.Tests.Unit.Service.AuthorizationServiceTest" file="/app/tests/Unit/Service/AuthorizationServiceTest.php" line="155" assertions="6" time="0.004815"/>
        <testcase name="testLogoutUserAlreadyUnauthorized" class="App\Tests\Unit\Service\AuthorizationServiceTest" classname="App.Tests.Unit.Service.AuthorizationServiceTest" file="/app/tests/Unit/Service/AuthorizationServiceTest.php" line="185" assertions="6" time="0.005355"/>
      </testsuite>
      <testsuite name="App\Tests\Unit\Service\UserInfoServiceTest" file="/app/tests/Unit/Service/UserInfoServiceTest.php" tests="1" assertions="11" errors="0" warnings="0" failures="0" skipped="0" time="0.004737">
        <testcase name="testGetUserInfo" class="App\Tests\Unit\Service\UserInfoServiceTest" classname="App.Tests.Unit.Service.UserInfoServiceTest" file="/app/tests/Unit/Service/UserInfoServiceTest.php" line="23" assertions="11" time="0.004737"/>
      </testsuite>
    </testsuite>
  </testsuite>
</testsuites>
