<?xml version="1.0" encoding="UTF-8"?>
<testsuites>
  <testsuite name="" tests="79" assertions="389" errors="0" warnings="0" failures="0" skipped="0" time="143.921465">
    <testsuite name="Project Test Suite" tests="79" assertions="389" errors="0" warnings="0" failures="0" skipped="0" time="143.921465">
      <testsuite name="App\Tests\Functional\Controller\AccountFundingControllerTest" file="/app/tests/Functional/Controller/AccountFundingControllerTest.php" tests="3" assertions="13" errors="0" warnings="0" failures="0" skipped="0" time="13.706996">
        <testsuite name="App\Tests\Functional\Controller\AccountFundingControllerTest::testFund" tests="3" assertions="13" errors="0" warnings="0" failures="0" skipped="0" time="13.706996">
          <testcase name="testFund with data set &quot;success&quot;" class="App\Tests\Functional\Controller\AccountFundingControllerTest" classname="App.Tests.Functional.Controller.AccountFundingControllerTest" file="/app/tests/Functional/Controller/AccountFundingControllerTest.php" line="47" assertions="5" time="3.739194"/>
          <testcase name="testFund with data set &quot;missing data&quot;" class="App\Tests\Functional\Controller\AccountFundingControllerTest" classname="App.Tests.Functional.Controller.AccountFundingControllerTest" file="/app/tests/Functional/Controller/AccountFundingControllerTest.php" line="47" assertions="4" time="7.194322"/>
          <testcase name="testFund with data set &quot;unauthorized &quot;" class="App\Tests\Functional\Controller\AccountFundingControllerTest" classname="App.Tests.Functional.Controller.AccountFundingControllerTest" file="/app/tests/Functional/Controller/AccountFundingControllerTest.php" line="47" assertions="4" time="2.773480"/>
        </testsuite>
      </testsuite>
      <testsuite name="App\Tests\Functional\Controller\AuthorizationControllerTest" file="/app/tests/Functional/Controller/AuthorizationControllerTest.php" tests="7" assertions="23" errors="0" warnings="0" failures="0" skipped="0" time="28.565199">
        <testsuite name="App\Tests\Functional\Controller\AuthorizationControllerTest::testLogin" tests="3" assertions="10" errors="0" warnings="0" failures="0" skipped="0" time="9.356826">
          <testcase name="testLogin with data set &quot;success&quot;" class="App\Tests\Functional\Controller\AuthorizationControllerTest" classname="App.Tests.Functional.Controller.AuthorizationControllerTest" file="/app/tests/Functional/Controller/AuthorizationControllerTest.php" line="58" assertions="3" time="3.046311"/>
          <testcase name="testLogin with data set &quot;wrong password&quot;" class="App\Tests\Functional\Controller\AuthorizationControllerTest" classname="App.Tests.Functional.Controller.AuthorizationControllerTest" file="/app/tests/Functional/Controller/AuthorizationControllerTest.php" line="58" assertions="4" time="3.008503"/>
          <testcase name="testLogin with data set &quot;missing data&quot;" class="App\Tests\Functional\Controller\AuthorizationControllerTest" classname="App.Tests.Functional.Controller.AuthorizationControllerTest" file="/app/tests/Functional/Controller/AuthorizationControllerTest.php" line="58" assertions="3" time="3.302013"/>
        </testsuite>
        <testcase name="testLogout" class="App\Tests\Functional\Controller\AuthorizationControllerTest" classname="App.Tests.Functional.Controller.AuthorizationControllerTest" file="/app/tests/Functional/Controller/AuthorizationControllerTest.php" line="95" assertions="3" time="3.304076"/>
        <testsuite name="App\Tests\Functional\Controller\AuthorizationControllerTest::testRegister" tests="3" assertions="10" errors="0" warnings="0" failures="0" skipped="0" time="15.904296">
          <testcase name="testRegister with data set &quot;success&quot;" class="App\Tests\Functional\Controller\AuthorizationControllerTest" classname="App.Tests.Functional.Controller.AuthorizationControllerTest" file="/app/tests/Functional/Controller/AuthorizationControllerTest.php" line="131" assertions="4" time="6.724687"/>
          <testcase name="testRegister with data set &quot;missing data&quot;" class="App\Tests\Functional\Controller\AuthorizationControllerTest" classname="App.Tests.Functional.Controller.AuthorizationControllerTest" file="/app/tests/Functional/Controller/AuthorizationControllerTest.php" line="131" assertions="3" time="5.850218"/>
          <testcase name="testRegister with data set &quot;login already in use&quot;" class="App\Tests\Functional\Controller\AuthorizationControllerTest" classname="App.Tests.Functional.Controller.AuthorizationControllerTest" file="/app/tests/Functional/Controller/AuthorizationControllerTest.php" line="131" assertions="3" time="3.329391"/>
        </testsuite>
      </testsuite>
      <testsuite name="App\Tests\Functional\Controller\PlayingControllerTest" file="/app/tests/Functional/Controller/PlayingControllerTest.php" tests="3" assertions="13" errors="0" warnings="0" failures="0" skipped="0" time="10.065057">
        <testsuite name="App\Tests\Functional\Controller\PlayingControllerTest::testSavePlayingTime" tests="3" assertions="13" errors="0" warnings="0" failures="0" skipped="0" time="10.065057">
          <testcase name="testSavePlayingTime with data set &quot;success&quot;" class="App\Tests\Functional\Controller\PlayingControllerTest" classname="App.Tests.Functional.Controller.PlayingControllerTest" file="/app/tests/Functional/Controller/PlayingControllerTest.php" line="49" assertions="5" time="3.460657"/>
          <testcase name="testSavePlayingTime with data set &quot;missing data&quot;" class="App\Tests\Functional\Controller\PlayingControllerTest" classname="App.Tests.Functional.Controller.PlayingControllerTest" file="/app/tests/Functional/Controller/PlayingControllerTest.php" line="49" assertions="4" time="3.115524"/>
          <testcase name="testSavePlayingTime with data set &quot;unauthorized &quot;" class="App\Tests\Functional\Controller\PlayingControllerTest" classname="App.Tests.Functional.Controller.PlayingControllerTest" file="/app/tests/Functional/Controller/PlayingControllerTest.php" line="49" assertions="4" time="3.488876"/>
        </testsuite>
      </testsuite>
      <testsuite name="App\Tests\Functional\Controller\PurchaseControllerTest" file="/app/tests/Functional/Controller/PurchaseControllerTest.php" tests="6" assertions="31" errors="0" warnings="0" failures="0" skipped="0" time="25.994660">
        <testsuite name="App\Tests\Functional\Controller\PurchaseControllerTest::testPurchase" tests="2" assertions="11" errors="0" warnings="0" failures="0" skipped="0" time="6.245536">
          <testcase name="testPurchase with data set &quot;success&quot;" class="App\Tests\Functional\Controller\PurchaseControllerTest" classname="App.Tests.Functional.Controller.PurchaseControllerTest" file="/app/tests/Functional/Controller/PurchaseControllerTest.php" line="57" assertions="8" time="2.896970"/>
          <testcase name="testPurchase with data set &quot;not enough money&quot;" class="App\Tests\Functional\Controller\PurchaseControllerTest" classname="App.Tests.Functional.Controller.PurchaseControllerTest" file="/app/tests/Functional/Controller/PurchaseControllerTest.php" line="57" assertions="3" time="3.348567"/>
        </testsuite>
        <testcase name="testGetPurchasedGamesSuccess" class="App\Tests\Functional\Controller\PurchaseControllerTest" classname="App.Tests.Functional.Controller.PurchaseControllerTest" file="/app/tests/Functional/Controller/PurchaseControllerTest.php" line="117" assertions="10" time="8.643407"/>
        <testsuite name="App\Tests\Functional\Controller\PurchaseControllerTest::testDeletePurchasedGame" tests="3" assertions="10" errors="0" warnings="0" failures="0" skipped="0" time="11.105717">
          <testcase name="testDeletePurchasedGame with data set &quot;success&quot;" class="App\Tests\Functional\Controller\PurchaseControllerTest" classname="App.Tests.Functional.Controller.PurchaseControllerTest" file="/app/tests/Functional/Controller/PurchaseControllerTest.php" line="170" assertions="4" time="3.674151"/>
          <testcase name="testDeletePurchasedGame with data set &quot;missing data&quot;" class="App\Tests\Functional\Controller\PurchaseControllerTest" classname="App.Tests.Functional.Controller.PurchaseControllerTest" file="/app/tests/Functional/Controller/PurchaseControllerTest.php" line="170" assertions="3" time="3.493753"/>
          <testcase name="testDeletePurchasedGame with data set &quot;unauthorized&quot;" class="App\Tests\Functional\Controller\PurchaseControllerTest" classname="App.Tests.Functional.Controller.PurchaseControllerTest" file="/app/tests/Functional/Controller/PurchaseControllerTest.php" line="170" assertions="3" time="3.937813"/>
        </testsuite>
      </testsuite>
      <testsuite name="App\Tests\Functional\Controller\ReviewsControllerTest" file="/app/tests/Functional/Controller/ReviewsControllerTest.php" tests="12" assertions="63" errors="0" warnings="0" failures="0" skipped="0" time="44.509651">
        <testsuite name="App\Tests\Functional\Controller\ReviewsControllerTest::testCreateGameReview" tests="3" assertions="16" errors="0" warnings="0" failures="0" skipped="0" time="9.657690">
          <testcase name="testCreateGameReview with data set &quot;success&quot;" class="App\Tests\Functional\Controller\ReviewsControllerTest" classname="App.Tests.Functional.Controller.ReviewsControllerTest" file="/app/tests/Functional/Controller/ReviewsControllerTest.php" line="81" assertions="10" time="3.795319"/>
          <testcase name="testCreateGameReview with data set &quot;missing data&quot;" class="App\Tests\Functional\Controller\ReviewsControllerTest" classname="App.Tests.Functional.Controller.ReviewsControllerTest" file="/app/tests/Functional/Controller/ReviewsControllerTest.php" line="81" assertions="3" time="2.996304"/>
          <testcase name="testCreateGameReview with data set &quot;user already has review&quot;" class="App\Tests\Functional\Controller\ReviewsControllerTest" classname="App.Tests.Functional.Controller.ReviewsControllerTest" file="/app/tests/Functional/Controller/ReviewsControllerTest.php" line="81" assertions="3" time="2.866067"/>
        </testsuite>
        <testsuite name="App\Tests\Functional\Controller\ReviewsControllerTest::testGetGameReviews" tests="2" assertions="10" errors="0" warnings="0" failures="0" skipped="0" time="10.315060">
          <testcase name="testGetGameReviews with data set &quot;with review creating&quot;" class="App\Tests\Functional\Controller\ReviewsControllerTest" classname="App.Tests.Functional.Controller.ReviewsControllerTest" file="/app/tests/Functional/Controller/ReviewsControllerTest.php" line="142" assertions="8" time="7.072276"/>
          <testcase name="testGetGameReviews with data set &quot;without review creating&quot;" class="App\Tests\Functional\Controller\ReviewsControllerTest" classname="App.Tests.Functional.Controller.ReviewsControllerTest" file="/app/tests/Functional/Controller/ReviewsControllerTest.php" line="142" assertions="2" time="3.242784"/>
        </testsuite>
        <testsuite name="App\Tests\Functional\Controller\ReviewsControllerTest::testChangeGameReviewContent" tests="3" assertions="16" errors="0" warnings="0" failures="0" skipped="0" time="9.875923">
          <testcase name="testChangeGameReviewContent with data set &quot;success&quot;" class="App\Tests\Functional\Controller\ReviewsControllerTest" classname="App.Tests.Functional.Controller.ReviewsControllerTest" file="/app/tests/Functional/Controller/ReviewsControllerTest.php" line="185" assertions="10" time="2.932226"/>
          <testcase name="testChangeGameReviewContent with data set &quot;missing data&quot;" class="App\Tests\Functional\Controller\ReviewsControllerTest" classname="App.Tests.Functional.Controller.ReviewsControllerTest" file="/app/tests/Functional/Controller/ReviewsControllerTest.php" line="185" assertions="3" time="3.886660"/>
          <testcase name="testChangeGameReviewContent with data set &quot;user doesn't have a review&quot;" class="App\Tests\Functional\Controller\ReviewsControllerTest" classname="App.Tests.Functional.Controller.ReviewsControllerTest" file="/app/tests/Functional/Controller/ReviewsControllerTest.php" line="185" assertions="3" time="3.057037"/>
        </testsuite>
        <testsuite name="App\Tests\Functional\Controller\ReviewsControllerTest::testDeleteReview" tests="2" assertions="7" errors="0" warnings="0" failures="0" skipped="0" time="6.483822">
          <testcase name="testDeleteReview with data set &quot;success&quot;" class="App\Tests\Functional\Controller\ReviewsControllerTest" classname="App.Tests.Functional.Controller.ReviewsControllerTest" file="/app/tests/Functional/Controller/ReviewsControllerTest.php" line="248" assertions="4" time="3.126644"/>
          <testcase name="testDeleteReview with data set &quot;user doesn't have a review&quot;" class="App\Tests\Functional\Controller\ReviewsControllerTest" classname="App.Tests.Functional.Controller.ReviewsControllerTest" file="/app/tests/Functional/Controller/ReviewsControllerTest.php" line="248" assertions="3" time="3.357178"/>
        </testsuite>
        <testsuite name="App\Tests\Functional\Controller\ReviewsControllerTest::testGetUserReviewContentByGameId" tests="2" assertions="14" errors="0" warnings="0" failures="0" skipped="0" time="8.177156">
          <testcase name="testGetUserReviewContentByGameId with data set &quot;success&quot;" class="App\Tests\Functional\Controller\ReviewsControllerTest" classname="App.Tests.Functional.Controller.ReviewsControllerTest" file="/app/tests/Functional/Controller/ReviewsControllerTest.php" line="301" assertions="8" time="4.608707"/>
          <testcase name="testGetUserReviewContentByGameId with data set &quot;user doesn't have a review&quot;" class="App\Tests\Functional\Controller\ReviewsControllerTest" classname="App.Tests.Functional.Controller.ReviewsControllerTest" file="/app/tests/Functional/Controller/ReviewsControllerTest.php" line="301" assertions="6" time="3.568449"/>
        </testsuite>
      </testsuite>
      <testsuite name="App\Tests\Functional\Controller\UserInfoControllerTest" file="/app/tests/Functional/Controller/UserInfoControllerTest.php" tests="4" assertions="40" errors="0" warnings="0" failures="0" skipped="0" time="14.626745">
        <testcase name="testGetUserInfo" class="App\Tests\Functional\Controller\UserInfoControllerTest" classname="App.Tests.Functional.Controller.UserInfoControllerTest" file="/app/tests/Functional/Controller/UserInfoControllerTest.php" line="43" assertions="15" time="4.046656"/>
        <testsuite name="App\Tests\Functional\Controller\UserInfoControllerTest::testGetUsersMostPlayedGames" tests="2" assertions="17" errors="0" warnings="0" failures="0" skipped="0" time="6.980282">
          <testcase name="testGetUsersMostPlayedGames with data set &quot;success&quot;" class="App\Tests\Functional\Controller\UserInfoControllerTest" classname="App.Tests.Functional.Controller.UserInfoControllerTest" file="/app/tests/Functional/Controller/UserInfoControllerTest.php" line="84" assertions="13" time="3.541929"/>
          <testcase name="testGetUsersMostPlayedGames with data set &quot;unauthorized&quot;" class="App\Tests\Functional\Controller\UserInfoControllerTest" classname="App.Tests.Functional.Controller.UserInfoControllerTest" file="/app/tests/Functional/Controller/UserInfoControllerTest.php" line="84" assertions="4" time="3.438353"/>
        </testsuite>
        <testcase name="testUpdateUserInfo" class="App\Tests\Functional\Controller\UserInfoControllerTest" classname="App.Tests.Functional.Controller.UserInfoControllerTest" file="/app/tests/Functional/Controller/UserInfoControllerTest.php" line="156" assertions="8" time="3.599807"/>
      </testsuite>
      <testsuite name="App\Tests\Functional\Repository\UserRepositoryTest" file="/app/tests/Functional/Repository/UserRepositoryTest.php" tests="2" assertions="2" errors="0" warnings="0" failures="0" skipped="0" time="6.204411">
        <testcase name="testUpgradePasswordSuccess" class="App\Tests\Functional\Repository\UserRepositoryTest" classname="App.Tests.Functional.Repository.UserRepositoryTest" file="/app/tests/Functional/Repository/UserRepositoryTest.php" line="31" assertions="1" time="2.759614"/>
        <testcase name="testUpgradePasswordNotSupported" class="App\Tests\Functional\Repository\UserRepositoryTest" classname="App.Tests.Functional.Repository.UserRepositoryTest" file="/app/tests/Functional/Repository/UserRepositoryTest.php" line="51" assertions="1" time="3.444797"/>
      </testsuite>
      <testsuite name="App\Tests\Unit\Entity\GameTest" file="/app/tests/Unit/Entity/GameTest.php" tests="2" assertions="10" errors="0" warnings="0" failures="0" skipped="0" time="0.002131">
        <testcase name="testCreateEmptyGameEntity" class="App\Tests\Unit\Entity\GameTest" classname="App.Tests.Unit.Entity.GameTest" file="/app/tests/Unit/Entity/GameTest.php" line="11" assertions="4" time="0.000905"/>
        <testcase name="testCreateNotEmptyGameEntity" class="App\Tests\Unit\Entity\GameTest" classname="App.Tests.Unit.Entity.GameTest" file="/app/tests/Unit/Entity/GameTest.php" line="21" assertions="6" time="0.001226"/>
      </testsuite>
      <testsuite name="App\Tests\Unit\Entity\PurchasedGameTest" file="/app/tests/Unit/Entity/PurchasedGameTest.php" tests="2" assertions="7" errors="0" warnings="0" failures="0" skipped="0" time="0.002047">
        <testcase name="testCreateEmptyPurchasedGame" class="App\Tests\Unit\Entity\PurchasedGameTest" classname="App.Tests.Unit.Entity.PurchasedGameTest" file="/app/tests/Unit/Entity/PurchasedGameTest.php" line="12" assertions="4" time="0.000947"/>
        <testcase name="testCreateNotEmptyPurchasedGame" class="App\Tests\Unit\Entity\PurchasedGameTest" classname="App.Tests.Unit.Entity.PurchasedGameTest" file="/app/tests/Unit/Entity/PurchasedGameTest.php" line="22" assertions="3" time="0.001101"/>
      </testsuite>
      <testsuite name="App\Tests\Unit\Entity\UserTest" file="/app/tests/Unit/Entity/UserTest.php" tests="8" assertions="30" errors="0" warnings="0" failures="0" skipped="0" time="0.012035">
        <testcase name="testCreateEmptyUserEntity" class="App\Tests\Unit\Entity\UserTest" classname="App.Tests.Unit.Entity.UserTest" file="/app/tests/Unit/Entity/UserTest.php" line="30" assertions="6" time="0.001229"/>
        <testcase name="testCreateNotEmptyUserEntity" class="App\Tests\Unit\Entity\UserTest" classname="App.Tests.Unit.Entity.UserTest" file="/app/tests/Unit/Entity/UserTest.php" line="41" assertions="12" time="0.003897"/>
        <testsuite name="App\Tests\Unit\Entity\UserTest::testValidateLogin" tests="3" assertions="6" errors="0" warnings="0" failures="0" skipped="0" time="0.004293">
          <testcase name="testValidateLogin with data set &quot;smallLogin&quot;" class="App\Tests\Unit\Entity\UserTest" classname="App.Tests.Unit.Entity.UserTest" file="/app/tests/Unit/Entity/UserTest.php" line="77" assertions="2" time="0.002588"/>
          <testcase name="testValidateLogin with data set &quot;bigLogin&quot;" class="App\Tests\Unit\Entity\UserTest" classname="App.Tests.Unit.Entity.UserTest" file="/app/tests/Unit/Entity/UserTest.php" line="77" assertions="2" time="0.000866"/>
          <testcase name="testValidateLogin with data set &quot;loginWithInvalidCharacters&quot;" class="App\Tests\Unit\Entity\UserTest" classname="App.Tests.Unit.Entity.UserTest" file="/app/tests/Unit/Entity/UserTest.php" line="77" assertions="2" time="0.000840"/>
        </testsuite>
        <testsuite name="App\Tests\Unit\Entity\UserTest::testValidateNickname" tests="3" assertions="6" errors="0" warnings="0" failures="0" skipped="0" time="0.002616">
          <testcase name="testValidateNickname with data set &quot;smallNickname&quot;" class="App\Tests\Unit\Entity\UserTest" classname="App.Tests.Unit.Entity.UserTest" file="/app/tests/Unit/Entity/UserTest.php" line="99" assertions="2" time="0.000980"/>
          <testcase name="testValidateNickname with data set &quot;bigNickname&quot;" class="App\Tests\Unit\Entity\UserTest" classname="App.Tests.Unit.Entity.UserTest" file="/app/tests/Unit/Entity/UserTest.php" line="99" assertions="2" time="0.000839"/>
          <testcase name="testValidateNickname with data set &quot;NicknameWithInvalidCharacters&quot;" class="App\Tests\Unit\Entity\UserTest" classname="App.Tests.Unit.Entity.UserTest" file="/app/tests/Unit/Entity/UserTest.php" line="99" assertions="2" time="0.000796"/>
        </testsuite>
      </testsuite>
      <testsuite name="App\Tests\Unit\Security\ApiTokenFailureHandlerTest" file="/app/tests/Unit/Security/ApiTokenFailureHandlerTest.php" tests="1" assertions="1" errors="0" warnings="0" failures="0" skipped="0" time="0.006982">
        <testcase name="testOnAuthenticationFailure" class="App\Tests\Unit\Security\ApiTokenFailureHandlerTest" classname="App.Tests.Unit.Security.ApiTokenFailureHandlerTest" file="/app/tests/Unit/Security/ApiTokenFailureHandlerTest.php" line="14" assertions="1" time="0.006982"/>
      </testsuite>
      <testsuite name="App\Tests\Unit\Security\ApiTokenHandlerTest" file="/app/tests/Unit/Security/ApiTokenHandlerTest.php" tests="3" assertions="11" errors="0" warnings="0" failures="0" skipped="0" time="0.077844">
        <testsuite name="App\Tests\Unit\Security\ApiTokenHandlerTest::testGetUserBadgeFrom" tests="3" assertions="11" errors="0" warnings="0" failures="0" skipped="0" time="0.077844">
          <testcase name="testGetUserBadgeFrom with data set &quot;success&quot;" class="App\Tests\Unit\Security\ApiTokenHandlerTest" classname="App.Tests.Unit.Security.ApiTokenHandlerTest" file="/app/tests/Unit/Security/ApiTokenHandlerTest.php" line="41" assertions="4" time="0.068016"/>
          <testcase name="testGetUserBadgeFrom with data set &quot;bad credentials&quot;" class="App\Tests\Unit\Security\ApiTokenHandlerTest" classname="App.Tests.Unit.Security.ApiTokenHandlerTest" file="/app/tests/Unit/Security/ApiTokenHandlerTest.php" line="41" assertions="3" time="0.004353"/>
          <testcase name="testGetUserBadgeFrom with data set &quot;expired token&quot;" class="App\Tests\Unit\Security\ApiTokenHandlerTest" classname="App.Tests.Unit.Security.ApiTokenHandlerTest" file="/app/tests/Unit/Security/ApiTokenHandlerTest.php" line="41" assertions="4" time="0.005476"/>
        </testsuite>
      </testsuite>
      <testsuite name="App\Tests\Unit\Service\AccountFundingServiceTest" file="/app/tests/Unit/Service/AccountFundingServiceTest.php" tests="1" assertions="3" errors="0" warnings="0" failures="0" skipped="0" time="0.004321">
        <testcase name="testFund" class="App\Tests\Unit\Service\AccountFundingServiceTest" classname="App.Tests.Unit.Service.AccountFundingServiceTest" file="/app/tests/Unit/Service/AccountFundingServiceTest.php" line="23" assertions="3" time="0.004321"/>
      </testsuite>
      <testsuite name="App\Tests\Unit\Service\AuthorizationServiceTest" file="/app/tests/Unit/Service/AuthorizationServiceTest.php" tests="11" assertions="31" errors="0" warnings="0" failures="0" skipped="0" time="0.037995">
        <testsuite name="App\Tests\Unit\Service\AuthorizationServiceTest::testLogin" tests="2" assertions="9" errors="0" warnings="0" failures="0" skipped="0" time="0.015264">
          <testcase name="testLogin with data set &quot;success&quot;" class="App\Tests\Unit\Service\AuthorizationServiceTest" classname="App.Tests.Unit.Service.AuthorizationServiceTest" file="/app/tests/Unit/Service/AuthorizationServiceTest.php" line="68" assertions="5" time="0.009252"/>
          <testcase name="testLogin with data set &quot;wrong password&quot;" class="App\Tests\Unit\Service\AuthorizationServiceTest" classname="App.Tests.Unit.Service.AuthorizationServiceTest" file="/app/tests/Unit/Service/AuthorizationServiceTest.php" line="68" assertions="4" time="0.006013"/>
        </testsuite>
        <testsuite name="App\Tests\Unit\Service\AuthorizationServiceTest::testLogout" tests="2" assertions="8" errors="0" warnings="0" failures="0" skipped="0" time="0.009820">
          <testcase name="testLogout with data set &quot;success&quot;" class="App\Tests\Unit\Service\AuthorizationServiceTest" classname="App.Tests.Unit.Service.AuthorizationServiceTest" file="/app/tests/Unit/Service/AuthorizationServiceTest.php" line="106" assertions="4" time="0.004973"/>
          <testcase name="testLogout with data set &quot;user already unauthorized&quot;" class="App\Tests\Unit\Service\AuthorizationServiceTest" classname="App.Tests.Unit.Service.AuthorizationServiceTest" file="/app/tests/Unit/Service/AuthorizationServiceTest.php" line="106" assertions="4" time="0.004847"/>
        </testsuite>
        <testcase name="testRegisterSuccess" class="App\Tests\Unit\Service\AuthorizationServiceTest" classname="App.Tests.Unit.Service.AuthorizationServiceTest" file="/app/tests/Unit/Service/AuthorizationServiceTest.php" line="130" assertions="3" time="0.002501"/>
        <testsuite name="App\Tests\Unit\Service\AuthorizationServiceTest::testValidatePassword" tests="6" assertions="11" errors="0" warnings="0" failures="0" skipped="0" time="0.010410">
          <testcase name="testValidatePassword with data set &quot;validPassword&quot;" class="App\Tests\Unit\Service\AuthorizationServiceTest" classname="App.Tests.Unit.Service.AuthorizationServiceTest" file="/app/tests/Unit/Service/AuthorizationServiceTest.php" line="146" assertions="1" time="0.001703"/>
          <testcase name="testValidatePassword with data set &quot;tooSmallPassword&quot;" class="App\Tests\Unit\Service\AuthorizationServiceTest" classname="App.Tests.Unit.Service.AuthorizationServiceTest" file="/app/tests/Unit/Service/AuthorizationServiceTest.php" line="146" assertions="2" time="0.001759"/>
          <testcase name="testValidatePassword with data set &quot;tooBigPassword&quot;" class="App\Tests\Unit\Service\AuthorizationServiceTest" classname="App.Tests.Unit.Service.AuthorizationServiceTest" file="/app/tests/Unit/Service/AuthorizationServiceTest.php" line="146" assertions="2" time="0.001769"/>
          <testcase name="testValidatePassword with data set &quot;passwordWithInvalidSymbols&quot;" class="App\Tests\Unit\Service\AuthorizationServiceTest" classname="App.Tests.Unit.Service.AuthorizationServiceTest" file="/app/tests/Unit/Service/AuthorizationServiceTest.php" line="146" assertions="2" time="0.001728"/>
          <testcase name="testValidatePassword with data set &quot;passwordWithoutDigits&quot;" class="App\Tests\Unit\Service\AuthorizationServiceTest" classname="App.Tests.Unit.Service.AuthorizationServiceTest" file="/app/tests/Unit/Service/AuthorizationServiceTest.php" line="146" assertions="2" time="0.001705"/>
          <testcase name="testValidatePassword with data set &quot;passwordWithoutSymbols&quot;" class="App\Tests\Unit\Service\AuthorizationServiceTest" classname="App.Tests.Unit.Service.AuthorizationServiceTest" file="/app/tests/Unit/Service/AuthorizationServiceTest.php" line="146" assertions="2" time="0.001745"/>
        </testsuite>
      </testsuite>
      <testsuite name="App\Tests\Unit\Service\PlayingServiceTest" file="/app/tests/Unit/Service/PlayingServiceTest.php" tests="1" assertions="3" errors="0" warnings="0" failures="0" skipped="0" time="0.010851">
        <testcase name="testSavePlayingTime" class="App\Tests\Unit\Service\PlayingServiceTest" classname="App.Tests.Unit.Service.PlayingServiceTest" file="/app/tests/Unit/Service/PlayingServiceTest.php" line="29" assertions="3" time="0.010851"/>
      </testsuite>
      <testsuite name="App\Tests\Unit\Service\PurchaseServiceTest" file="/app/tests/Unit/Service/PurchaseServiceTest.php" tests="4" assertions="30" errors="0" warnings="0" failures="0" skipped="0" time="0.028434">
        <testsuite name="App\Tests\Unit\Service\PurchaseServiceTest::testPurchase" tests="3" assertions="18" errors="0" warnings="0" failures="0" skipped="0" time="0.023131">
          <testcase name="testPurchase with data set &quot;success&quot;" class="App\Tests\Unit\Service\PurchaseServiceTest" classname="App.Tests.Unit.Service.PurchaseServiceTest" file="/app/tests/Unit/Service/PurchaseServiceTest.php" line="50" assertions="6" time="0.011940"/>
          <testcase name="testPurchase with data set &quot;not enough money&quot;" class="App\Tests\Unit\Service\PurchaseServiceTest" classname="App.Tests.Unit.Service.PurchaseServiceTest" file="/app/tests/Unit/Service/PurchaseServiceTest.php" line="50" assertions="6" time="0.005552"/>
          <testcase name="testPurchase with data set &quot;game already purchased&quot;" class="App\Tests\Unit\Service\PurchaseServiceTest" classname="App.Tests.Unit.Service.PurchaseServiceTest" file="/app/tests/Unit/Service/PurchaseServiceTest.php" line="50" assertions="6" time="0.005638"/>
        </testsuite>
        <testcase name="testGetPurchasedGames" class="App\Tests\Unit\Service\PurchaseServiceTest" classname="App.Tests.Unit.Service.PurchaseServiceTest" file="/app/tests/Unit/Service/PurchaseServiceTest.php" line="86" assertions="12" time="0.005303"/>
      </testsuite>
      <testsuite name="App\Tests\Unit\Service\ReviewsServiceTest" file="/app/tests/Unit/Service/ReviewsServiceTest.php" tests="6" assertions="40" errors="0" warnings="0" failures="0" skipped="0" time="0.047224">
        <testsuite name="App\Tests\Unit\Service\ReviewsServiceTest::testCreateGameReview" tests="2" assertions="11" errors="0" warnings="0" failures="0" skipped="0" time="0.019942">
          <testcase name="testCreateGameReview with data set &quot;success&quot;" class="App\Tests\Unit\Service\ReviewsServiceTest" classname="App.Tests.Unit.Service.ReviewsServiceTest" file="/app/tests/Unit/Service/ReviewsServiceTest.php" line="49" assertions="5" time="0.013970"/>
          <testcase name="testCreateGameReview with data set &quot;user already has review on this game&quot;" class="App\Tests\Unit\Service\ReviewsServiceTest" classname="App.Tests.Unit.Service.ReviewsServiceTest" file="/app/tests/Unit/Service/ReviewsServiceTest.php" line="49" assertions="6" time="0.005971"/>
        </testsuite>
        <testcase name="testGetGameReviews" class="App\Tests\Unit\Service\ReviewsServiceTest" classname="App.Tests.Unit.Service.ReviewsServiceTest" file="/app/tests/Unit/Service/ReviewsServiceTest.php" line="98" assertions="11" time="0.011838"/>
        <testcase name="testChangeGameReviewContent" class="App\Tests\Unit\Service\ReviewsServiceTest" classname="App.Tests.Unit.Service.ReviewsServiceTest" file="/app/tests/Unit/Service/ReviewsServiceTest.php" line="138" assertions="6" time="0.003557"/>
        <testsuite name="App\Tests\Unit\Service\ReviewsServiceTest::testGetUserReviewByUserLoginAndGameId" tests="2" assertions="12" errors="0" warnings="0" failures="0" skipped="0" time="0.011888">
          <testcase name="testGetUserReviewByUserLoginAndGameId with data set &quot;success&quot;" class="App\Tests\Unit\Service\ReviewsServiceTest" classname="App.Tests.Unit.Service.ReviewsServiceTest" file="/app/tests/Unit/Service/ReviewsServiceTest.php" line="170" assertions="8" time="0.006173"/>
          <testcase name="testGetUserReviewByUserLoginAndGameId with data set &quot;user doesn't have a review&quot;" class="App\Tests\Unit\Service\ReviewsServiceTest" classname="App.Tests.Unit.Service.ReviewsServiceTest" file="/app/tests/Unit/Service/ReviewsServiceTest.php" line="170" assertions="4" time="0.005714"/>
        </testsuite>
      </testsuite>
      <testsuite name="App\Tests\Unit\Service\UserInfoServiceTest" file="/app/tests/Unit/Service/UserInfoServiceTest.php" tests="3" assertions="38" errors="0" warnings="0" failures="0" skipped="0" time="0.018882">
        <testcase name="testGetUserInfo" class="App\Tests\Unit\Service\UserInfoServiceTest" classname="App.Tests.Unit.Service.UserInfoServiceTest" file="/app/tests/Unit/Service/UserInfoServiceTest.php" line="37" assertions="17" time="0.007750"/>
        <testcase name="testGetUsersMostPlayedGames" class="App\Tests\Unit\Service\UserInfoServiceTest" classname="App.Tests.Unit.Service.UserInfoServiceTest" file="/app/tests/Unit/Service/UserInfoServiceTest.php" line="65" assertions="15" time="0.006157"/>
        <testcase name="testUpdateUserInfo" class="App\Tests\Unit\Service\UserInfoServiceTest" classname="App.Tests.Unit.Service.UserInfoServiceTest" file="/app/tests/Unit/Service/UserInfoServiceTest.php" line="107" assertions="6" time="0.004975"/>
      </testsuite>
    </testsuite>
  </testsuite>
</testsuites>
