<?xml version="1.0" encoding="UTF-8"?>
<testsuites>
  <testsuite name="" tests="66" assertions="287" errors="0" warnings="0" failures="0" skipped="0" time="52.385414">
    <testsuite name="Project Test Suite" tests="66" assertions="287" errors="0" warnings="0" failures="0" skipped="0" time="52.385414">
      <testsuite name="App\Tests\Functional\Controller\AccountFundingControllerTest" file="/app/tests/Functional/Controller/AccountFundingControllerTest.php" tests="3" assertions="13" errors="0" warnings="0" failures="0" skipped="0" time="5.008477">
        <testsuite name="App\Tests\Functional\Controller\AccountFundingControllerTest::testFund" tests="3" assertions="13" errors="0" warnings="0" failures="0" skipped="0" time="5.008477">
          <testcase name="testFund with data set &quot;success&quot;" class="App\Tests\Functional\Controller\AccountFundingControllerTest" classname="App.Tests.Functional.Controller.AccountFundingControllerTest" file="/app/tests/Functional/Controller/AccountFundingControllerTest.php" line="47" assertions="5" time="1.642177"/>
          <testcase name="testFund with data set &quot;missing data&quot;" class="App\Tests\Functional\Controller\AccountFundingControllerTest" classname="App.Tests.Functional.Controller.AccountFundingControllerTest" file="/app/tests/Functional/Controller/AccountFundingControllerTest.php" line="47" assertions="4" time="1.708303"/>
          <testcase name="testFund with data set &quot;unauthorized &quot;" class="App\Tests\Functional\Controller\AccountFundingControllerTest" classname="App.Tests.Functional.Controller.AccountFundingControllerTest" file="/app/tests/Functional/Controller/AccountFundingControllerTest.php" line="47" assertions="4" time="1.657997"/>
        </testsuite>
      </testsuite>
      <testsuite name="App\Tests\Functional\Controller\AuthorizationControllerTest" file="/app/tests/Functional/Controller/AuthorizationControllerTest.php" tests="7" assertions="23" errors="0" warnings="0" failures="0" skipped="0" time="15.844149">
        <testsuite name="App\Tests\Functional\Controller\AuthorizationControllerTest::testLogin" tests="3" assertions="10" errors="0" warnings="0" failures="0" skipped="0" time="5.178502">
          <testcase name="testLogin with data set &quot;success&quot;" class="App\Tests\Functional\Controller\AuthorizationControllerTest" classname="App.Tests.Functional.Controller.AuthorizationControllerTest" file="/app/tests/Functional/Controller/AuthorizationControllerTest.php" line="54" assertions="3" time="1.725453"/>
          <testcase name="testLogin with data set &quot;wrong password&quot;" class="App\Tests\Functional\Controller\AuthorizationControllerTest" classname="App.Tests.Functional.Controller.AuthorizationControllerTest" file="/app/tests/Functional/Controller/AuthorizationControllerTest.php" line="54" assertions="4" time="1.789906"/>
          <testcase name="testLogin with data set &quot;missing data&quot;" class="App\Tests\Functional\Controller\AuthorizationControllerTest" classname="App.Tests.Functional.Controller.AuthorizationControllerTest" file="/app/tests/Functional/Controller/AuthorizationControllerTest.php" line="54" assertions="3" time="1.663142"/>
        </testsuite>
        <testcase name="testLogout" class="App\Tests\Functional\Controller\AuthorizationControllerTest" classname="App.Tests.Functional.Controller.AuthorizationControllerTest" file="/app/tests/Functional/Controller/AuthorizationControllerTest.php" line="89" assertions="3" time="4.756033"/>
        <testsuite name="App\Tests\Functional\Controller\AuthorizationControllerTest::testRegister1" tests="3" assertions="10" errors="0" warnings="0" failures="0" skipped="0" time="5.909614">
          <testcase name="testRegister1 with data set &quot;success&quot;" class="App\Tests\Functional\Controller\AuthorizationControllerTest" classname="App.Tests.Functional.Controller.AuthorizationControllerTest" file="/app/tests/Functional/Controller/AuthorizationControllerTest.php" line="124" assertions="4" time="1.732529"/>
          <testcase name="testRegister1 with data set &quot;missing data&quot;" class="App\Tests\Functional\Controller\AuthorizationControllerTest" classname="App.Tests.Functional.Controller.AuthorizationControllerTest" file="/app/tests/Functional/Controller/AuthorizationControllerTest.php" line="124" assertions="3" time="1.786404"/>
          <testcase name="testRegister1 with data set &quot;login already in use&quot;" class="App\Tests\Functional\Controller\AuthorizationControllerTest" classname="App.Tests.Functional.Controller.AuthorizationControllerTest" file="/app/tests/Functional/Controller/AuthorizationControllerTest.php" line="124" assertions="3" time="2.390681"/>
        </testsuite>
      </testsuite>
      <testsuite name="App\Tests\Functional\Controller\PlayingControllerTest" file="/app/tests/Functional/Controller/PlayingControllerTest.php" tests="3" assertions="13" errors="0" warnings="0" failures="0" skipped="0" time="6.984405">
        <testsuite name="App\Tests\Functional\Controller\PlayingControllerTest::testSavePlayingTime" tests="3" assertions="13" errors="0" warnings="0" failures="0" skipped="0" time="6.984405">
          <testcase name="testSavePlayingTime with data set &quot;success&quot;" class="App\Tests\Functional\Controller\PlayingControllerTest" classname="App.Tests.Functional.Controller.PlayingControllerTest" file="/app/tests/Functional/Controller/PlayingControllerTest.php" line="50" assertions="5" time="1.961993"/>
          <testcase name="testSavePlayingTime with data set &quot;missing data&quot;" class="App\Tests\Functional\Controller\PlayingControllerTest" classname="App.Tests.Functional.Controller.PlayingControllerTest" file="/app/tests/Functional/Controller/PlayingControllerTest.php" line="50" assertions="4" time="2.480224"/>
          <testcase name="testSavePlayingTime with data set &quot;unauthorized &quot;" class="App\Tests\Functional\Controller\PlayingControllerTest" classname="App.Tests.Functional.Controller.PlayingControllerTest" file="/app/tests/Functional/Controller/PlayingControllerTest.php" line="50" assertions="4" time="2.542189"/>
        </testsuite>
      </testsuite>
      <testsuite name="App\Tests\Functional\Controller\PurchaseControllerTest" file="/app/tests/Functional/Controller/PurchaseControllerTest.php" tests="7" assertions="34" errors="0" warnings="0" failures="0" skipped="0" time="15.456071">
        <testsuite name="App\Tests\Functional\Controller\PurchaseControllerTest::testPurchase" tests="3" assertions="14" errors="0" warnings="0" failures="0" skipped="0" time="7.103948">
          <testcase name="testPurchase with data set &quot;success&quot;" class="App\Tests\Functional\Controller\PurchaseControllerTest" classname="App.Tests.Functional.Controller.PurchaseControllerTest" file="/app/tests/Functional/Controller/PurchaseControllerTest.php" line="58" assertions="8" time="2.305334"/>
          <testcase name="testPurchase with data set &quot;missing data&quot;" class="App\Tests\Functional\Controller\PurchaseControllerTest" classname="App.Tests.Functional.Controller.PurchaseControllerTest" file="/app/tests/Functional/Controller/PurchaseControllerTest.php" line="58" assertions="3" time="2.378355"/>
          <testcase name="testPurchase with data set &quot;not enough money&quot;" class="App\Tests\Functional\Controller\PurchaseControllerTest" classname="App.Tests.Functional.Controller.PurchaseControllerTest" file="/app/tests/Functional/Controller/PurchaseControllerTest.php" line="58" assertions="3" time="2.420260"/>
        </testsuite>
        <testcase name="testGetPurchasedGamesSuccess" class="App\Tests\Functional\Controller\PurchaseControllerTest" classname="App.Tests.Functional.Controller.PurchaseControllerTest" file="/app/tests/Functional/Controller/PurchaseControllerTest.php" line="123" assertions="10" time="2.361480"/>
        <testsuite name="App\Tests\Functional\Controller\PurchaseControllerTest::testDeletePurchasedGame" tests="3" assertions="10" errors="0" warnings="0" failures="0" skipped="0" time="5.990643">
          <testcase name="testDeletePurchasedGame with data set &quot;success&quot;" class="App\Tests\Functional\Controller\PurchaseControllerTest" classname="App.Tests.Functional.Controller.PurchaseControllerTest" file="/app/tests/Functional/Controller/PurchaseControllerTest.php" line="180" assertions="4" time="2.566827"/>
          <testcase name="testDeletePurchasedGame with data set &quot;missing data&quot;" class="App\Tests\Functional\Controller\PurchaseControllerTest" classname="App.Tests.Functional.Controller.PurchaseControllerTest" file="/app/tests/Functional/Controller/PurchaseControllerTest.php" line="180" assertions="3" time="1.747543"/>
          <testcase name="testDeletePurchasedGame with data set &quot;unauthorized&quot;" class="App\Tests\Functional\Controller\PurchaseControllerTest" classname="App.Tests.Functional.Controller.PurchaseControllerTest" file="/app/tests/Functional/Controller/PurchaseControllerTest.php" line="180" assertions="3" time="1.676273"/>
        </testsuite>
      </testsuite>
      <testsuite name="App\Tests\Functional\Controller\UserInfoControllerTest" file="/app/tests/Functional/Controller/UserInfoControllerTest.php" tests="3" assertions="32" errors="0" warnings="0" failures="0" skipped="0" time="5.069497">
        <testcase name="testGetUserInfoSuccess" class="App\Tests\Functional\Controller\UserInfoControllerTest" classname="App.Tests.Functional.Controller.UserInfoControllerTest" file="/app/tests/Functional/Controller/UserInfoControllerTest.php" line="45" assertions="15" time="1.594634"/>
        <testsuite name="App\Tests\Functional\Controller\UserInfoControllerTest::testGetUsersMostPlayedGames1" tests="2" assertions="17" errors="0" warnings="0" failures="0" skipped="0" time="3.474863">
          <testcase name="testGetUsersMostPlayedGames1 with data set &quot;success&quot;" class="App\Tests\Functional\Controller\UserInfoControllerTest" classname="App.Tests.Functional.Controller.UserInfoControllerTest" file="/app/tests/Functional/Controller/UserInfoControllerTest.php" line="92" assertions="13" time="1.720372"/>
          <testcase name="testGetUsersMostPlayedGames1 with data set &quot;unauthorized&quot;" class="App\Tests\Functional\Controller\UserInfoControllerTest" classname="App.Tests.Functional.Controller.UserInfoControllerTest" file="/app/tests/Functional/Controller/UserInfoControllerTest.php" line="92" assertions="4" time="1.754490"/>
        </testsuite>
      </testsuite>
      <testsuite name="App\Tests\Functional\Repository\UserRepositoryTest" file="/app/tests/Functional/Repository/UserRepositoryTest.php" tests="2" assertions="2" errors="0" warnings="0" failures="0" skipped="0" time="3.005773">
        <testcase name="testUpgradePasswordSuccess" class="App\Tests\Functional\Repository\UserRepositoryTest" classname="App.Tests.Functional.Repository.UserRepositoryTest" file="/app/tests/Functional/Repository/UserRepositoryTest.php" line="31" assertions="1" time="1.502423"/>
        <testcase name="testUpgradePasswordNotSupported" class="App\Tests\Functional\Repository\UserRepositoryTest" classname="App.Tests.Functional.Repository.UserRepositoryTest" file="/app/tests/Functional/Repository/UserRepositoryTest.php" line="51" assertions="1" time="1.503350"/>
      </testsuite>
      <testsuite name="App\Tests\Unit\Entity\GameTest" file="/app/tests/Unit/Entity/GameTest.php" tests="2" assertions="10" errors="0" warnings="0" failures="0" skipped="0" time="0.013964">
        <testcase name="testCreateEmptyGameEntity" class="App\Tests\Unit\Entity\GameTest" classname="App.Tests.Unit.Entity.GameTest" file="/app/tests/Unit/Entity/GameTest.php" line="11" assertions="4" time="0.006854"/>
        <testcase name="testCreateNotEmptyGameEntity" class="App\Tests\Unit\Entity\GameTest" classname="App.Tests.Unit.Entity.GameTest" file="/app/tests/Unit/Entity/GameTest.php" line="21" assertions="6" time="0.007110"/>
      </testsuite>
      <testsuite name="App\Tests\Unit\Entity\PurchasedGameTest" file="/app/tests/Unit/Entity/PurchasedGameTest.php" tests="2" assertions="7" errors="0" warnings="0" failures="0" skipped="0" time="0.014287">
        <testcase name="testCreateEmptyPurchasedGame" class="App\Tests\Unit\Entity\PurchasedGameTest" classname="App.Tests.Unit.Entity.PurchasedGameTest" file="/app/tests/Unit/Entity/PurchasedGameTest.php" line="12" assertions="4" time="0.006620"/>
        <testcase name="testCreateNotEmptyPurchasedGame" class="App\Tests\Unit\Entity\PurchasedGameTest" classname="App.Tests.Unit.Entity.PurchasedGameTest" file="/app/tests/Unit/Entity/PurchasedGameTest.php" line="22" assertions="3" time="0.007667"/>
      </testsuite>
      <testsuite name="App\Tests\Unit\Entity\UserTest" file="/app/tests/Unit/Entity/UserTest.php" tests="8" assertions="30" errors="0" warnings="0" failures="0" skipped="0" time="0.061057">
        <testcase name="testCreateEmptyUserEntity" class="App\Tests\Unit\Entity\UserTest" classname="App.Tests.Unit.Entity.UserTest" file="/app/tests/Unit/Entity/UserTest.php" line="30" assertions="6" time="0.007361"/>
        <testcase name="testCreateNotEmptyUserEntity" class="App\Tests\Unit\Entity\UserTest" classname="App.Tests.Unit.Entity.UserTest" file="/app/tests/Unit/Entity/UserTest.php" line="41" assertions="12" time="0.009451"/>
        <testsuite name="App\Tests\Unit\Entity\UserTest::testValidateLogin" tests="3" assertions="6" errors="0" warnings="0" failures="0" skipped="0" time="0.022871">
          <testcase name="testValidateLogin with data set &quot;smallLogin&quot;" class="App\Tests\Unit\Entity\UserTest" classname="App.Tests.Unit.Entity.UserTest" file="/app/tests/Unit/Entity/UserTest.php" line="77" assertions="2" time="0.007041"/>
          <testcase name="testValidateLogin with data set &quot;bigLogin&quot;" class="App\Tests\Unit\Entity\UserTest" classname="App.Tests.Unit.Entity.UserTest" file="/app/tests/Unit/Entity/UserTest.php" line="77" assertions="2" time="0.008650"/>
          <testcase name="testValidateLogin with data set &quot;loginWithInvalidCharacters&quot;" class="App\Tests\Unit\Entity\UserTest" classname="App.Tests.Unit.Entity.UserTest" file="/app/tests/Unit/Entity/UserTest.php" line="77" assertions="2" time="0.007181"/>
        </testsuite>
        <testsuite name="App\Tests\Unit\Entity\UserTest::testValidateNickname" tests="3" assertions="6" errors="0" warnings="0" failures="0" skipped="0" time="0.021375">
          <testcase name="testValidateNickname with data set &quot;smallNickname&quot;" class="App\Tests\Unit\Entity\UserTest" classname="App.Tests.Unit.Entity.UserTest" file="/app/tests/Unit/Entity/UserTest.php" line="99" assertions="2" time="0.007088"/>
          <testcase name="testValidateNickname with data set &quot;bigNickname&quot;" class="App\Tests\Unit\Entity\UserTest" classname="App.Tests.Unit.Entity.UserTest" file="/app/tests/Unit/Entity/UserTest.php" line="99" assertions="2" time="0.007094"/>
          <testcase name="testValidateNickname with data set &quot;NicknameWithInvalidCharacters&quot;" class="App\Tests\Unit\Entity\UserTest" classname="App.Tests.Unit.Entity.UserTest" file="/app/tests/Unit/Entity/UserTest.php" line="99" assertions="2" time="0.007193"/>
        </testsuite>
      </testsuite>
      <testsuite name="App\Tests\Unit\Security\ApiTokenFailureHandlerTest" file="/app/tests/Unit/Security/ApiTokenFailureHandlerTest.php" tests="1" assertions="1" errors="0" warnings="0" failures="0" skipped="0" time="0.016710">
        <testcase name="testOnAuthenticationFailure" class="App\Tests\Unit\Security\ApiTokenFailureHandlerTest" classname="App.Tests.Unit.Security.ApiTokenFailureHandlerTest" file="/app/tests/Unit/Security/ApiTokenFailureHandlerTest.php" line="14" assertions="1" time="0.016710"/>
      </testsuite>
      <testsuite name="App\Tests\Unit\Security\ApiTokenHandlerTest" file="/app/tests/Unit/Security/ApiTokenHandlerTest.php" tests="3" assertions="11" errors="0" warnings="0" failures="0" skipped="0" time="0.104384">
        <testsuite name="App\Tests\Unit\Security\ApiTokenHandlerTest::testGetUserBadgeFrom" tests="3" assertions="11" errors="0" warnings="0" failures="0" skipped="0" time="0.104384">
          <testcase name="testGetUserBadgeFrom with data set &quot;success&quot;" class="App\Tests\Unit\Security\ApiTokenHandlerTest" classname="App.Tests.Unit.Security.ApiTokenHandlerTest" file="/app/tests/Unit/Security/ApiTokenHandlerTest.php" line="41" assertions="4" time="0.035069"/>
          <testcase name="testGetUserBadgeFrom with data set &quot;bad credentials&quot;" class="App\Tests\Unit\Security\ApiTokenHandlerTest" classname="App.Tests.Unit.Security.ApiTokenHandlerTest" file="/app/tests/Unit/Security/ApiTokenHandlerTest.php" line="41" assertions="3" time="0.034742"/>
          <testcase name="testGetUserBadgeFrom with data set &quot;expired token&quot;" class="App\Tests\Unit\Security\ApiTokenHandlerTest" classname="App.Tests.Unit.Security.ApiTokenHandlerTest" file="/app/tests/Unit/Security/ApiTokenHandlerTest.php" line="41" assertions="4" time="0.034572"/>
        </testsuite>
      </testsuite>
      <testsuite name="App\Tests\Unit\Service\AccountFundingServiceTest" file="/app/tests/Unit/Service/AccountFundingServiceTest.php" tests="1" assertions="2" errors="0" warnings="0" failures="0" skipped="0" time="0.025107">
        <testcase name="testFund" class="App\Tests\Unit\Service\AccountFundingServiceTest" classname="App.Tests.Unit.Service.AccountFundingServiceTest" file="/app/tests/Unit/Service/AccountFundingServiceTest.php" line="26" assertions="2" time="0.025107"/>
      </testsuite>
      <testsuite name="App\Tests\Unit\Service\AuthorizationServiceTest" file="/app/tests/Unit/Service/AuthorizationServiceTest.php" tests="11" assertions="29" errors="0" warnings="0" failures="0" skipped="0" time="0.344651">
        <testsuite name="App\Tests\Unit\Service\AuthorizationServiceTest::testLogin" tests="2" assertions="7" errors="0" warnings="0" failures="0" skipped="0" time="0.060936">
          <testcase name="testLogin with data set &quot;success&quot;" class="App\Tests\Unit\Service\AuthorizationServiceTest" classname="App.Tests.Unit.Service.AuthorizationServiceTest" file="/app/tests/Unit/Service/AuthorizationServiceTest.php" line="85" assertions="4" time="0.029961"/>
          <testcase name="testLogin with data set &quot;wrong password&quot;" class="App\Tests\Unit\Service\AuthorizationServiceTest" classname="App.Tests.Unit.Service.AuthorizationServiceTest" file="/app/tests/Unit/Service/AuthorizationServiceTest.php" line="85" assertions="3" time="0.030976"/>
        </testsuite>
        <testcase name="testRegisterSuccess" class="App\Tests\Unit\Service\AuthorizationServiceTest" classname="App.Tests.Unit.Service.AuthorizationServiceTest" file="/app/tests/Unit/Service/AuthorizationServiceTest.php" line="119" assertions="3" time="0.030739"/>
        <testsuite name="App\Tests\Unit\Service\AuthorizationServiceTest::testLogout" tests="2" assertions="8" errors="0" warnings="0" failures="0" skipped="0" time="0.059570">
          <testcase name="testLogout with data set &quot;success&quot;" class="App\Tests\Unit\Service\AuthorizationServiceTest" classname="App.Tests.Unit.Service.AuthorizationServiceTest" file="/app/tests/Unit/Service/AuthorizationServiceTest.php" line="135" assertions="4" time="0.029927"/>
          <testcase name="testLogout with data set &quot;user already unauthorized&quot;" class="App\Tests\Unit\Service\AuthorizationServiceTest" classname="App.Tests.Unit.Service.AuthorizationServiceTest" file="/app/tests/Unit/Service/AuthorizationServiceTest.php" line="135" assertions="4" time="0.029643"/>
        </testsuite>
        <testsuite name="App\Tests\Unit\Service\AuthorizationServiceTest::testValidatePassword" tests="6" assertions="11" errors="0" warnings="0" failures="0" skipped="0" time="0.193406">
          <testcase name="testValidatePassword with data set &quot;validPassword&quot;" class="App\Tests\Unit\Service\AuthorizationServiceTest" classname="App.Tests.Unit.Service.AuthorizationServiceTest" file="/app/tests/Unit/Service/AuthorizationServiceTest.php" line="166" assertions="1" time="0.026620"/>
          <testcase name="testValidatePassword with data set &quot;tooSmallPassword&quot;" class="App\Tests\Unit\Service\AuthorizationServiceTest" classname="App.Tests.Unit.Service.AuthorizationServiceTest" file="/app/tests/Unit/Service/AuthorizationServiceTest.php" line="166" assertions="2" time="0.028369"/>
          <testcase name="testValidatePassword with data set &quot;tooBigPassword&quot;" class="App\Tests\Unit\Service\AuthorizationServiceTest" classname="App.Tests.Unit.Service.AuthorizationServiceTest" file="/app/tests/Unit/Service/AuthorizationServiceTest.php" line="166" assertions="2" time="0.028600"/>
          <testcase name="testValidatePassword with data set &quot;passwordWithInvalidSymbols&quot;" class="App\Tests\Unit\Service\AuthorizationServiceTest" classname="App.Tests.Unit.Service.AuthorizationServiceTest" file="/app/tests/Unit/Service/AuthorizationServiceTest.php" line="166" assertions="2" time="0.028526"/>
          <testcase name="testValidatePassword with data set &quot;passwordWithoutDigits&quot;" class="App\Tests\Unit\Service\AuthorizationServiceTest" classname="App.Tests.Unit.Service.AuthorizationServiceTest" file="/app/tests/Unit/Service/AuthorizationServiceTest.php" line="166" assertions="2" time="0.028453"/>
          <testcase name="testValidatePassword with data set &quot;passwordWithoutSymbols&quot;" class="App\Tests\Unit\Service\AuthorizationServiceTest" classname="App.Tests.Unit.Service.AuthorizationServiceTest" file="/app/tests/Unit/Service/AuthorizationServiceTest.php" line="166" assertions="2" time="0.052839"/>
        </testsuite>
      </testsuite>
      <testsuite name="App\Tests\Unit\Service\GetEntitiesServiceTest" file="/app/tests/Unit/Service/GetEntitiesServiceTest.php" tests="6" assertions="23" errors="0" warnings="0" failures="0" skipped="0" time="0.197259">
        <testsuite name="App\Tests\Unit\Service\GetEntitiesServiceTest::testGetUserByLogin" tests="2" assertions="9" errors="0" warnings="0" failures="0" skipped="0" time="0.065873">
          <testcase name="testGetUserByLogin with data set &quot;success&quot;" class="App\Tests\Unit\Service\GetEntitiesServiceTest" classname="App.Tests.Unit.Service.GetEntitiesServiceTest" file="/app/tests/Unit/Service/GetEntitiesServiceTest.php" line="63" assertions="5" time="0.032338"/>
          <testcase name="testGetUserByLogin with data set &quot;user not found&quot;" class="App\Tests\Unit\Service\GetEntitiesServiceTest" classname="App.Tests.Unit.Service.GetEntitiesServiceTest" file="/app/tests/Unit/Service/GetEntitiesServiceTest.php" line="63" assertions="4" time="0.033536"/>
        </testsuite>
        <testsuite name="App\Tests\Unit\Service\GetEntitiesServiceTest::testGetGameById" tests="2" assertions="7" errors="0" warnings="0" failures="0" skipped="0" time="0.063832">
          <testcase name="testGetGameById with data set &quot;success&quot;" class="App\Tests\Unit\Service\GetEntitiesServiceTest" classname="App.Tests.Unit.Service.GetEntitiesServiceTest" file="/app/tests/Unit/Service/GetEntitiesServiceTest.php" line="92" assertions="3" time="0.030994"/>
          <testcase name="testGetGameById with data set &quot;game not found&quot;" class="App\Tests\Unit\Service\GetEntitiesServiceTest" classname="App.Tests.Unit.Service.GetEntitiesServiceTest" file="/app/tests/Unit/Service/GetEntitiesServiceTest.php" line="92" assertions="4" time="0.032838"/>
        </testsuite>
        <testsuite name="App\Tests\Unit\Service\GetEntitiesServiceTest::testGetPurchasedGameByGameAndUser" tests="2" assertions="7" errors="0" warnings="0" failures="0" skipped="0" time="0.067554">
          <testcase name="testGetPurchasedGameByGameAndUser with data set &quot;success&quot;" class="App\Tests\Unit\Service\GetEntitiesServiceTest" classname="App.Tests.Unit.Service.GetEntitiesServiceTest" file="/app/tests/Unit/Service/GetEntitiesServiceTest.php" line="119" assertions="3" time="0.032837"/>
          <testcase name="testGetPurchasedGameByGameAndUser with data set &quot;game not found&quot;" class="App\Tests\Unit\Service\GetEntitiesServiceTest" classname="App.Tests.Unit.Service.GetEntitiesServiceTest" file="/app/tests/Unit/Service/GetEntitiesServiceTest.php" line="119" assertions="4" time="0.034717"/>
        </testsuite>
      </testsuite>
      <testsuite name="App\Tests\Unit\Service\PlayingServiceTest" file="/app/tests/Unit/Service/PlayingServiceTest.php" tests="1" assertions="2" errors="0" warnings="0" failures="0" skipped="0" time="0.027304">
        <testcase name="testSavePlayingTime" class="App\Tests\Unit\Service\PlayingServiceTest" classname="App.Tests.Unit.Service.PlayingServiceTest" file="/app/tests/Unit/Service/PlayingServiceTest.php" line="28" assertions="2" time="0.027304"/>
      </testsuite>
      <testsuite name="App\Tests\Unit\Service\PurchaseServiceTest" file="/app/tests/Unit/Service/PurchaseServiceTest.php" tests="4" assertions="23" errors="0" warnings="0" failures="0" skipped="0" time="0.133859">
        <testsuite name="App\Tests\Unit\Service\PurchaseServiceTest::testPurchase" tests="3" assertions="12" errors="0" warnings="0" failures="0" skipped="0" time="0.106384">
          <testcase name="testPurchase with data set &quot;success&quot;" class="App\Tests\Unit\Service\PurchaseServiceTest" classname="App.Tests.Unit.Service.PurchaseServiceTest" file="/app/tests/Unit/Service/PurchaseServiceTest.php" line="61" assertions="4" time="0.034587"/>
          <testcase name="testPurchase with data set &quot;not enough money&quot;" class="App\Tests\Unit\Service\PurchaseServiceTest" classname="App.Tests.Unit.Service.PurchaseServiceTest" file="/app/tests/Unit/Service/PurchaseServiceTest.php" line="61" assertions="4" time="0.035916"/>
          <testcase name="testPurchase with data set &quot;game already purchased&quot;" class="App\Tests\Unit\Service\PurchaseServiceTest" classname="App.Tests.Unit.Service.PurchaseServiceTest" file="/app/tests/Unit/Service/PurchaseServiceTest.php" line="61" assertions="4" time="0.035881"/>
        </testsuite>
        <testcase name="testGetPurchasedGamesSuccess" class="App\Tests\Unit\Service\PurchaseServiceTest" classname="App.Tests.Unit.Service.PurchaseServiceTest" file="/app/tests/Unit/Service/PurchaseServiceTest.php" line="101" assertions="11" time="0.027476"/>
      </testsuite>
      <testsuite name="App\Tests\Unit\Service\UserInfoServiceTest" file="/app/tests/Unit/Service/UserInfoServiceTest.php" tests="2" assertions="32" errors="0" warnings="0" failures="0" skipped="0" time="0.078457">
        <testcase name="testGetUserInfo" class="App\Tests\Unit\Service\UserInfoServiceTest" classname="App.Tests.Unit.Service.UserInfoServiceTest" file="/app/tests/Unit/Service/UserInfoServiceTest.php" line="31" assertions="17" time="0.039083"/>
        <testcase name="testGetUsersMostPlayedGames" class="App\Tests\Unit\Service\UserInfoServiceTest" classname="App.Tests.Unit.Service.UserInfoServiceTest" file="/app/tests/Unit/Service/UserInfoServiceTest.php" line="67" assertions="15" time="0.039374"/>
      </testsuite>
    </testsuite>
  </testsuite>
</testsuites>
