<?xml version="1.0" encoding="UTF-8"?>
<testsuites>
  <testsuite name="" tests="41" assertions="158" errors="0" warnings="0" failures="1" skipped="3" time="17.576240">
    <testsuite name="Project Test Suite" tests="41" assertions="158" errors="0" warnings="0" failures="1" skipped="3" time="17.576240">
      <testsuite name="App\Tests\Functional\Controller\AuthorizationControllerTest" file="/app/tests/Functional/Controller/AuthorizationControllerTest.php" tests="6" assertions="18" errors="0" warnings="0" failures="0" skipped="0" time="5.072564">
        <testcase name="testLoginSuccess" class="App\Tests\Functional\Controller\AuthorizationControllerTest" classname="App.Tests.Functional.Controller.AuthorizationControllerTest" file="/app/tests/Functional/Controller/AuthorizationControllerTest.php" line="34" assertions="2" time="2.102009"/>
        <testcase name="testLoginMissingData" class="App\Tests\Functional\Controller\AuthorizationControllerTest" classname="App.Tests.Functional.Controller.AuthorizationControllerTest" file="/app/tests/Functional/Controller/AuthorizationControllerTest.php" line="57" assertions="3" time="0.612501"/>
        <testcase name="testLogoutSuccess" class="App\Tests\Functional\Controller\AuthorizationControllerTest" classname="App.Tests.Functional.Controller.AuthorizationControllerTest" file="/app/tests/Functional/Controller/AuthorizationControllerTest.php" line="84" assertions="3" time="0.707109"/>
        <testcase name="testLogoutMissingToken" class="App\Tests\Functional\Controller\AuthorizationControllerTest" classname="App.Tests.Functional.Controller.AuthorizationControllerTest" file="/app/tests/Functional/Controller/AuthorizationControllerTest.php" line="113" assertions="3" time="0.549234"/>
        <testcase name="testRegisterSuccess" class="App\Tests\Functional\Controller\AuthorizationControllerTest" classname="App.Tests.Functional.Controller.AuthorizationControllerTest" file="/app/tests/Functional/Controller/AuthorizationControllerTest.php" line="128" assertions="4" time="0.560134"/>
        <testcase name="testRegisterMissingData" class="App\Tests\Functional\Controller\AuthorizationControllerTest" classname="App.Tests.Functional.Controller.AuthorizationControllerTest" file="/app/tests/Functional/Controller/AuthorizationControllerTest.php" line="156" assertions="3" time="0.541577"/>
      </testsuite>
      <testsuite name="App\Tests\Functional\Controller\UserInfoControllerTest" file="/app/tests/Functional/Controller/UserInfoControllerTest.php" tests="2" assertions="12" errors="0" warnings="0" failures="0" skipped="0" time="1.249509">
        <testcase name="testGetUserInfoSuccess" class="App\Tests\Functional\Controller\UserInfoControllerTest" classname="App.Tests.Functional.Controller.UserInfoControllerTest" file="/app/tests/Functional/Controller/UserInfoControllerTest.php" line="37" assertions="9" time="0.635392"/>
        <testcase name="testGetUserInfoTokenIsMissing" class="App\Tests\Functional\Controller\UserInfoControllerTest" classname="App.Tests.Functional.Controller.UserInfoControllerTest" file="/app/tests/Functional/Controller/UserInfoControllerTest.php" line="72" assertions="3" time="0.614117"/>
      </testsuite>
      <testsuite name="App\Tests\Functional\GamesResourceTest" file="/app/tests/Functional/GamesResourceTest.php" tests="13" assertions="34" errors="0" warnings="0" failures="0" skipped="3" time="10.119333">
        <testcase name="testGetGamesCollection" class="App\Tests\Functional\GamesResourceTest" classname="App.Tests.Functional.GamesResourceTest" file="/app/tests/Functional/GamesResourceTest.php" line="45" assertions="3" time="1.100062"/>
        <testcase name="testPostNewGameSuccess" class="App\Tests\Functional\GamesResourceTest" classname="App.Tests.Functional.GamesResourceTest" file="/app/tests/Functional/GamesResourceTest.php" line="68" assertions="3" time="0.820395"/>
        <testcase name="testPostNewGameUnauthorized" class="App\Tests\Functional\GamesResourceTest" classname="App.Tests.Functional.GamesResourceTest" file="/app/tests/Functional/GamesResourceTest.php" line="97" assertions="0" time="0.468227">
          <skipped/>
        </testcase>
        <testcase name="testPostNewGameInvalidInput" class="App\Tests\Functional\GamesResourceTest" classname="App.Tests.Functional.GamesResourceTest" file="/app/tests/Functional/GamesResourceTest.php" line="124" assertions="4" time="0.743884"/>
        <testcase name="testPostNewUnprocessableEntity" class="App\Tests\Functional\GamesResourceTest" classname="App.Tests.Functional.GamesResourceTest" file="/app/tests/Functional/GamesResourceTest.php" line="150" assertions="5" time="0.900047"/>
        <testcase name="testGetGameSuccess" class="App\Tests\Functional\GamesResourceTest" classname="App.Tests.Functional.GamesResourceTest" file="/app/tests/Functional/GamesResourceTest.php" line="188" assertions="0" time="0.485164">
          <skipped/>
        </testcase>
        <testcase name="testGetGameResourceNotFound" class="App\Tests\Functional\GamesResourceTest" classname="App.Tests.Functional.GamesResourceTest" file="/app/tests/Functional/GamesResourceTest.php" line="212" assertions="3" time="0.856706"/>
        <testcase name="testDeleteGameSuccess" class="App\Tests\Functional\GamesResourceTest" classname="App.Tests.Functional.GamesResourceTest" file="/app/tests/Functional/GamesResourceTest.php" line="228" assertions="2" time="0.676191"/>
        <testcase name="testDeleteGameResourceNotFound" class="App\Tests\Functional\GamesResourceTest" classname="App.Tests.Functional.GamesResourceTest" file="/app/tests/Functional/GamesResourceTest.php" line="243" assertions="2" time="0.821733"/>
        <testcase name="testPatchGameSuccess" class="App\Tests\Functional\GamesResourceTest" classname="App.Tests.Functional.GamesResourceTest" file="/app/tests/Functional/GamesResourceTest.php" line="258" assertions="0" time="0.458457">
          <skipped/>
        </testcase>
        <testcase name="testPatchGameInvalidInput" class="App\Tests\Functional\GamesResourceTest" classname="App.Tests.Functional.GamesResourceTest" file="/app/tests/Functional/GamesResourceTest.php" line="281" assertions="4" time="0.853380"/>
        <testcase name="testPatchGameResourceNotFound" class="App\Tests\Functional\GamesResourceTest" classname="App.Tests.Functional.GamesResourceTest" file="/app/tests/Functional/GamesResourceTest.php" line="307" assertions="3" time="0.775241"/>
        <testcase name="testPatchNewUnprocessableEntity" class="App\Tests\Functional\GamesResourceTest" classname="App.Tests.Functional.GamesResourceTest" file="/app/tests/Functional/GamesResourceTest.php" line="329" assertions="5" time="1.159846"/>
      </testsuite>
      <testsuite name="App\Tests\Functional\Repository\UserRepositoryTest" file="/app/tests/Functional/Repository/UserRepositoryTest.php" tests="2" assertions="2" errors="0" warnings="0" failures="0" skipped="0" time="0.990423">
        <testcase name="testUpgradePasswordSuccess" class="App\Tests\Functional\Repository\UserRepositoryTest" classname="App.Tests.Functional.Repository.UserRepositoryTest" file="/app/tests/Functional/Repository/UserRepositoryTest.php" line="31" assertions="1" time="0.517397"/>
        <testcase name="testUpgradePasswordNotSupported" class="App\Tests\Functional\Repository\UserRepositoryTest" classname="App.Tests.Functional.Repository.UserRepositoryTest" file="/app/tests/Functional/Repository/UserRepositoryTest.php" line="51" assertions="1" time="0.473026"/>
      </testsuite>
      <testsuite name="App\Tests\Unit\Entity\GameUnitTest" file="/app/tests/Unit/Entity/GameUnitTest.php" tests="2" assertions="9" errors="0" warnings="0" failures="0" skipped="0" time="0.002219">
        <testcase name="testCreateEmptyGameEntity" class="App\Tests\Unit\Entity\GameUnitTest" classname="App.Tests.Unit.Entity.GameUnitTest" file="/app/tests/Unit/Entity/GameUnitTest.php" line="11" assertions="3" time="0.000981"/>
        <testcase name="testCreateNotEmptyGameEntity" class="App\Tests\Unit\Entity\GameUnitTest" classname="App.Tests.Unit.Entity.GameUnitTest" file="/app/tests/Unit/Entity/GameUnitTest.php" line="20" assertions="6" time="0.001237"/>
      </testsuite>
      <testsuite name="App\Tests\Unit\Entity\PurchasedGameUnitTest" file="/app/tests/Unit/Entity/PurchasedGameUnitTest.php" tests="2" assertions="7" errors="0" warnings="0" failures="0" skipped="0" time="0.002242">
        <testcase name="testCreateEmptyPurchasedGame" class="App\Tests\Unit\Entity\PurchasedGameUnitTest" classname="App.Tests.Unit.Entity.PurchasedGameUnitTest" file="/app/tests/Unit/Entity/PurchasedGameUnitTest.php" line="12" assertions="4" time="0.001045"/>
        <testcase name="testCreateNotEmptyPurchasedGame" class="App\Tests\Unit\Entity\PurchasedGameUnitTest" classname="App.Tests.Unit.Entity.PurchasedGameUnitTest" file="/app/tests/Unit/Entity/PurchasedGameUnitTest.php" line="22" assertions="3" time="0.001197"/>
      </testsuite>
      <testsuite name="App\Tests\Unit\Entity\UserUnitTest" file="/app/tests/Unit/Entity/UserUnitTest.php" tests="2" assertions="19" errors="0" warnings="0" failures="0" skipped="0" time="0.005485">
        <testcase name="testCreateEmptyUserEntity" class="App\Tests\Unit\Entity\UserUnitTest" classname="App.Tests.Unit.Entity.UserUnitTest" file="/app/tests/Unit/Entity/UserUnitTest.php" line="11" assertions="6" time="0.001297"/>
        <testcase name="testCreateNotEmptyUserEntity" class="App\Tests\Unit\Entity\UserUnitTest" classname="App.Tests.Unit.Entity.UserUnitTest" file="/app/tests/Unit/Entity/UserUnitTest.php" line="22" assertions="13" time="0.004189"/>
      </testsuite>
      <testsuite name="App\Tests\Unit\Security\ApiTokenFailureHandlerTest" file="/app/tests/Unit/Security/ApiTokenFailureHandlerTest.php" tests="1" assertions="1" errors="0" warnings="0" failures="0" skipped="0" time="0.006375">
        <testcase name="testGetUserBadgeFrom" class="App\Tests\Unit\Security\ApiTokenFailureHandlerTest" classname="App.Tests.Unit.Security.ApiTokenFailureHandlerTest" file="/app/tests/Unit/Security/ApiTokenFailureHandlerTest.php" line="13" assertions="1" time="0.006375"/>
      </testsuite>
      <testsuite name="App\Tests\Unit\Security\ApiTokenHandlerTest" file="/app/tests/Unit/Security/ApiTokenHandlerTest.php" tests="2" assertions="6" errors="0" warnings="0" failures="0" skipped="0" time="0.079459">
        <testcase name="testGetUserBadgeFrom" class="App\Tests\Unit\Security\ApiTokenHandlerTest" classname="App.Tests.Unit.Security.ApiTokenHandlerTest" file="/app/tests/Unit/Security/ApiTokenHandlerTest.php" line="15" assertions="3" time="0.074219"/>
        <testcase name="testGetUserBadgeFromBadCredentials" class="App\Tests\Unit\Security\ApiTokenHandlerTest" classname="App.Tests.Unit.Security.ApiTokenHandlerTest" file="/app/tests/Unit/Security/ApiTokenHandlerTest.php" line="38" assertions="3" time="0.005241"/>
      </testsuite>
      <testsuite name="App\Tests\Unit\Service\AuthorizationServiceTest" file="/app/tests/Unit/Service/AuthorizationServiceTest.php" tests="8" assertions="39" errors="0" warnings="0" failures="1" skipped="0" time="0.043775">
        <testcase name="testLoginSuccess" class="App\Tests\Unit\Service\AuthorizationServiceTest" classname="App.Tests.Unit.Service.AuthorizationServiceTest" file="/app/tests/Unit/Service/AuthorizationServiceTest.php" line="26" assertions="6" time="0.006546"/>
        <testcase name="testLoginUserDoesNotExist" class="App\Tests\Unit\Service\AuthorizationServiceTest" classname="App.Tests.Unit.Service.AuthorizationServiceTest" file="/app/tests/Unit/Service/AuthorizationServiceTest.php" line="57" assertions="5" time="0.004682"/>
        <testcase name="testLoginWrongPassword" class="App\Tests\Unit\Service\AuthorizationServiceTest" classname="App.Tests.Unit.Service.AuthorizationServiceTest" file="/app/tests/Unit/Service/AuthorizationServiceTest.php" line="79" assertions="5" time="0.004687"/>
        <testcase name="testRegisterSuccess" class="App\Tests\Unit\Service\AuthorizationServiceTest" classname="App.Tests.Unit.Service.AuthorizationServiceTest" file="/app/tests/Unit/Service/AuthorizationServiceTest.php" line="105" assertions="4" time="0.002367"/>
        <testcase name="testRegisterLoginAlreadyExists" class="App\Tests\Unit\Service\AuthorizationServiceTest" classname="App.Tests.Unit.Service.AuthorizationServiceTest" file="/app/tests/Unit/Service/AuthorizationServiceTest.php" line="121" assertions="1" time="0.008664">
          <failure type="PHPUnit\Framework\ExpectationFailedException">App\Tests\Unit\Service\AuthorizationServiceTest::testRegisterLoginAlreadyExists
Failed asserting that 200 matches expected 401.

/app/tests/Unit/Service/AuthorizationServiceTest.php:146
/app/vendor/phpunit/phpunit/phpunit:107</failure>
        </testcase>
        <testcase name="testLogoutSuccess" class="App\Tests\Unit\Service\AuthorizationServiceTest" classname="App.Tests.Unit.Service.AuthorizationServiceTest" file="/app/tests/Unit/Service/AuthorizationServiceTest.php" line="151" assertions="6" time="0.005380"/>
        <testcase name="testLogoutUserDoesNotExist" class="App\Tests\Unit\Service\AuthorizationServiceTest" classname="App.Tests.Unit.Service.AuthorizationServiceTest" file="/app/tests/Unit/Service/AuthorizationServiceTest.php" line="185" assertions="6" time="0.005479"/>
        <testcase name="testLogoutUserAlreadyUnauthorized" class="App\Tests\Unit\Service\AuthorizationServiceTest" classname="App.Tests.Unit.Service.AuthorizationServiceTest" file="/app/tests/Unit/Service/AuthorizationServiceTest.php" line="215" assertions="6" time="0.005969"/>
      </testsuite>
      <testsuite name="App\Tests\Unit\Service\UserInfoServiceTest" file="/app/tests/Unit/Service/UserInfoServiceTest.php" tests="1" assertions="11" errors="0" warnings="0" failures="0" skipped="0" time="0.004856">
        <testcase name="testGetUserInfo" class="App\Tests\Unit\Service\UserInfoServiceTest" classname="App.Tests.Unit.Service.UserInfoServiceTest" file="/app/tests/Unit/Service/UserInfoServiceTest.php" line="23" assertions="11" time="0.004856"/>
      </testsuite>
    </testsuite>
  </testsuite>
</testsuites>
