<?xml version="1.0" encoding="UTF-8"?>
<testsuites>
  <testsuite name="" tests="33" assertions="156" errors="0" warnings="0" failures="0" skipped="0" time="7.800596">
    <testsuite name="Project Test Suite" tests="33" assertions="156" errors="0" warnings="0" failures="0" skipped="0" time="7.800596">
      <testsuite name="App\Tests\Functional\Controller\AuthorizationControllerTest" file="/app/tests/Functional/Controller/AuthorizationControllerTest.php" tests="5" assertions="15" errors="0" warnings="0" failures="0" skipped="0" time="3.820949">
        <testcase name="testLoginSuccess" class="App\Tests\Functional\Controller\AuthorizationControllerTest" classname="App.Tests.Functional.Controller.AuthorizationControllerTest" file="/app/tests/Functional/Controller/AuthorizationControllerTest.php" line="35" assertions="2" time="1.319917"/>
        <testcase name="testLoginMissingData" class="App\Tests\Functional\Controller\AuthorizationControllerTest" classname="App.Tests.Functional.Controller.AuthorizationControllerTest" file="/app/tests/Functional/Controller/AuthorizationControllerTest.php" line="58" assertions="3" time="0.665250"/>
        <testcase name="testLogoutSuccess" class="App\Tests\Functional\Controller\AuthorizationControllerTest" classname="App.Tests.Functional.Controller.AuthorizationControllerTest" file="/app/tests/Functional/Controller/AuthorizationControllerTest.php" line="86" assertions="3" time="0.674314"/>
        <testcase name="testRegisterSuccess" class="App\Tests\Functional\Controller\AuthorizationControllerTest" classname="App.Tests.Functional.Controller.AuthorizationControllerTest" file="/app/tests/Functional/Controller/AuthorizationControllerTest.php" line="118" assertions="4" time="0.605358"/>
        <testcase name="testRegisterMissingData" class="App\Tests\Functional\Controller\AuthorizationControllerTest" classname="App.Tests.Functional.Controller.AuthorizationControllerTest" file="/app/tests/Functional/Controller/AuthorizationControllerTest.php" line="146" assertions="3" time="0.556110"/>
      </testsuite>
      <testsuite name="App\Tests\Functional\Controller\PurchaseControllerTest" file="/app/tests/Functional/Controller/PurchaseControllerTest.php" tests="3" assertions="11" errors="0" warnings="0" failures="0" skipped="0" time="2.049330">
        <testcase name="testPurchaseSuccess" class="App\Tests\Functional\Controller\PurchaseControllerTest" classname="App.Tests.Functional.Controller.PurchaseControllerTest" file="/app/tests/Functional/Controller/PurchaseControllerTest.php" line="44" assertions="3" time="0.718369"/>
        <testcase name="testPurchaseMissingData" class="App\Tests\Functional\Controller\PurchaseControllerTest" classname="App.Tests.Functional.Controller.PurchaseControllerTest" file="/app/tests/Functional/Controller/PurchaseControllerTest.php" line="89" assertions="3" time="0.656179"/>
        <testcase name="testGetPurchasedGamesSuccess" class="App\Tests\Functional\Controller\PurchaseControllerTest" classname="App.Tests.Functional.Controller.PurchaseControllerTest" file="/app/tests/Functional/Controller/PurchaseControllerTest.php" line="128" assertions="5" time="0.674781"/>
      </testsuite>
      <testsuite name="App\Tests\Functional\Controller\UserInfoControllerTest" file="/app/tests/Functional/Controller/UserInfoControllerTest.php" tests="1" assertions="9" errors="0" warnings="0" failures="0" skipped="0" time="0.643998">
        <testcase name="testGetUserInfoSuccess" class="App\Tests\Functional\Controller\UserInfoControllerTest" classname="App.Tests.Functional.Controller.UserInfoControllerTest" file="/app/tests/Functional/Controller/UserInfoControllerTest.php" line="39" assertions="9" time="0.643998"/>
      </testsuite>
      <testsuite name="App\Tests\Functional\Repository\UserRepositoryTest" file="/app/tests/Functional/Repository/UserRepositoryTest.php" tests="2" assertions="2" errors="0" warnings="0" failures="0" skipped="0" time="1.085062">
        <testcase name="testUpgradePasswordSuccess" class="App\Tests\Functional\Repository\UserRepositoryTest" classname="App.Tests.Functional.Repository.UserRepositoryTest" file="/app/tests/Functional/Repository/UserRepositoryTest.php" line="31" assertions="1" time="0.535359"/>
        <testcase name="testUpgradePasswordNotSupported" class="App\Tests\Functional\Repository\UserRepositoryTest" classname="App.Tests.Functional.Repository.UserRepositoryTest" file="/app/tests/Functional/Repository/UserRepositoryTest.php" line="51" assertions="1" time="0.549703"/>
      </testsuite>
      <testsuite name="App\Tests\Unit\Entity\GameTest" file="/app/tests/Unit/Entity/GameTest.php" tests="2" assertions="10" errors="0" warnings="0" failures="0" skipped="0" time="0.002313">
        <testcase name="testCreateEmptyGameEntity" class="App\Tests\Unit\Entity\GameTest" classname="App.Tests.Unit.Entity.GameTest" file="/app/tests/Unit/Entity/GameTest.php" line="11" assertions="4" time="0.001089"/>
        <testcase name="testCreateNotEmptyGameEntity" class="App\Tests\Unit\Entity\GameTest" classname="App.Tests.Unit.Entity.GameTest" file="/app/tests/Unit/Entity/GameTest.php" line="21" assertions="6" time="0.001223"/>
      </testsuite>
      <testsuite name="App\Tests\Unit\Entity\PurchasedGameTest" file="/app/tests/Unit/Entity/PurchasedGameTest.php" tests="2" assertions="7" errors="0" warnings="0" failures="0" skipped="0" time="0.002488">
        <testcase name="testCreateEmptyPurchasedGame" class="App\Tests\Unit\Entity\PurchasedGameTest" classname="App.Tests.Unit.Entity.PurchasedGameTest" file="/app/tests/Unit/Entity/PurchasedGameTest.php" line="12" assertions="4" time="0.001099"/>
        <testcase name="testCreateNotEmptyPurchasedGame" class="App\Tests\Unit\Entity\PurchasedGameTest" classname="App.Tests.Unit.Entity.PurchasedGameTest" file="/app/tests/Unit/Entity/PurchasedGameTest.php" line="22" assertions="3" time="0.001389"/>
      </testsuite>
      <testsuite name="App\Tests\Unit\Entity\UserTest" file="/app/tests/Unit/Entity/UserTest.php" tests="2" assertions="18" errors="0" warnings="0" failures="0" skipped="0" time="0.005938">
        <testcase name="testCreateEmptyUserEntity" class="App\Tests\Unit\Entity\UserTest" classname="App.Tests.Unit.Entity.UserTest" file="/app/tests/Unit/Entity/UserTest.php" line="11" assertions="6" time="0.001335"/>
        <testcase name="testCreateNotEmptyUserEntity" class="App\Tests\Unit\Entity\UserTest" classname="App.Tests.Unit.Entity.UserTest" file="/app/tests/Unit/Entity/UserTest.php" line="22" assertions="12" time="0.004603"/>
      </testsuite>
      <testsuite name="App\Tests\Unit\Security\ApiTokenFailureHandlerTest" file="/app/tests/Unit/Security/ApiTokenFailureHandlerTest.php" tests="1" assertions="1" errors="0" warnings="0" failures="0" skipped="0" time="0.008046">
        <testcase name="testOnAuthenticationFailure" class="App\Tests\Unit\Security\ApiTokenFailureHandlerTest" classname="App.Tests.Unit.Security.ApiTokenFailureHandlerTest" file="/app/tests/Unit/Security/ApiTokenFailureHandlerTest.php" line="14" assertions="1" time="0.008046"/>
      </testsuite>
      <testsuite name="App\Tests\Unit\Security\ApiTokenHandlerTest" file="/app/tests/Unit/Security/ApiTokenHandlerTest.php" tests="3" assertions="12" errors="0" warnings="0" failures="0" skipped="0" time="0.088700">
        <testcase name="testGetUserBadgeFromSuccess" class="App\Tests\Unit\Security\ApiTokenHandlerTest" classname="App.Tests.Unit.Security.ApiTokenHandlerTest" file="/app/tests/Unit/Security/ApiTokenHandlerTest.php" line="18" assertions="4" time="0.074375"/>
        <testcase name="testGetUserBadgeFromBadCredentials" class="App\Tests\Unit\Security\ApiTokenHandlerTest" classname="App.Tests.Unit.Security.ApiTokenHandlerTest" file="/app/tests/Unit/Security/ApiTokenHandlerTest.php" line="50" assertions="3" time="0.005591"/>
        <testcase name="testGetUserBadgeFromTokenExpired" class="App\Tests\Unit\Security\ApiTokenHandlerTest" classname="App.Tests.Unit.Security.ApiTokenHandlerTest" file="/app/tests/Unit/Security/ApiTokenHandlerTest.php" line="75" assertions="5" time="0.008734"/>
      </testsuite>
      <testsuite name="App\Tests\Unit\Service\AuthorizationServiceTest" file="/app/tests/Unit/Service/AuthorizationServiceTest.php" tests="8" assertions="43" errors="0" warnings="0" failures="0" skipped="0" time="0.054703">
        <testcase name="testLoginSuccess" class="App\Tests\Unit\Service\AuthorizationServiceTest" classname="App.Tests.Unit.Service.AuthorizationServiceTest" file="/app/tests/Unit/Service/AuthorizationServiceTest.php" line="28" assertions="6" time="0.005424"/>
        <testcase name="testLoginUserDoesNotExist" class="App\Tests\Unit\Service\AuthorizationServiceTest" classname="App.Tests.Unit.Service.AuthorizationServiceTest" file="/app/tests/Unit/Service/AuthorizationServiceTest.php" line="59" assertions="5" time="0.004580"/>
        <testcase name="testLoginWrongPassword" class="App\Tests\Unit\Service\AuthorizationServiceTest" classname="App.Tests.Unit.Service.AuthorizationServiceTest" file="/app/tests/Unit/Service/AuthorizationServiceTest.php" line="81" assertions="5" time="0.005079"/>
        <testcase name="testRegisterSuccess" class="App\Tests\Unit\Service\AuthorizationServiceTest" classname="App.Tests.Unit.Service.AuthorizationServiceTest" file="/app/tests/Unit/Service/AuthorizationServiceTest.php" line="107" assertions="4" time="0.002613"/>
        <testcase name="testRegisterUserWithThisLoginAlreadyExists" class="App\Tests\Unit\Service\AuthorizationServiceTest" classname="App.Tests.Unit.Service.AuthorizationServiceTest" file="/app/tests/Unit/Service/AuthorizationServiceTest.php" line="123" assertions="5" time="0.020386"/>
        <testcase name="testLogoutSuccess" class="App\Tests\Unit\Service\AuthorizationServiceTest" classname="App.Tests.Unit.Service.AuthorizationServiceTest" file="/app/tests/Unit/Service/AuthorizationServiceTest.php" line="145" assertions="6" time="0.005604"/>
        <testcase name="testLogoutUserDoesNotExist" class="App\Tests\Unit\Service\AuthorizationServiceTest" classname="App.Tests.Unit.Service.AuthorizationServiceTest" file="/app/tests/Unit/Service/AuthorizationServiceTest.php" line="179" assertions="6" time="0.005676"/>
        <testcase name="testLogoutUserAlreadyUnauthorized" class="App\Tests\Unit\Service\AuthorizationServiceTest" classname="App.Tests.Unit.Service.AuthorizationServiceTest" file="/app/tests/Unit/Service/AuthorizationServiceTest.php" line="209" assertions="6" time="0.005342"/>
      </testsuite>
      <testsuite name="App\Tests\Unit\Service\PurchaseServiceTest" file="/app/tests/Unit/Service/PurchaseServiceTest.php" tests="3" assertions="17" errors="0" warnings="0" failures="0" skipped="0" time="0.032304">
        <testcase name="testPurchaseSuccess" class="App\Tests\Unit\Service\PurchaseServiceTest" classname="App.Tests.Unit.Service.PurchaseServiceTest" file="/app/tests/Unit/Service/PurchaseServiceTest.php" line="33" assertions="4" time="0.020518"/>
        <testcase name="testPurchaseGameAlreadyPurchased" class="App\Tests\Unit\Service\PurchaseServiceTest" classname="App.Tests.Unit.Service.PurchaseServiceTest" file="/app/tests/Unit/Service/PurchaseServiceTest.php" line="79" assertions="4" time="0.006247"/>
        <testcase name="testGetPurchasedGamesSuccess" class="App\Tests\Unit\Service\PurchaseServiceTest" classname="App.Tests.Unit.Service.PurchaseServiceTest" file="/app/tests/Unit/Service/PurchaseServiceTest.php" line="129" assertions="9" time="0.005540"/>
      </testsuite>
      <testsuite name="App\Tests\Unit\Service\UserInfoServiceTest" file="/app/tests/Unit/Service/UserInfoServiceTest.php" tests="1" assertions="11" errors="0" warnings="0" failures="0" skipped="0" time="0.006766">
        <testcase name="testGetUserInfo" class="App\Tests\Unit\Service\UserInfoServiceTest" classname="App.Tests.Unit.Service.UserInfoServiceTest" file="/app/tests/Unit/Service/UserInfoServiceTest.php" line="23" assertions="11" time="0.006766"/>
      </testsuite>
    </testsuite>
  </testsuite>
</testsuites>
