<?xml version="1.0" encoding="UTF-8"?>
<testsuites>
  <testsuite name="" tests="63" assertions="255" errors="0" warnings="0" failures="0" skipped="0" time="17.932332">
    <testsuite name="Project Test Suite" tests="63" assertions="255" errors="0" warnings="0" failures="0" skipped="0" time="17.932332">
      <testsuite name="App\Tests\Functional\Controller\AccountFundingControllerTest" file="/app/tests/Functional/Controller/AccountFundingControllerTest.php" tests="3" assertions="13" errors="0" warnings="0" failures="0" skipped="0" time="2.325207">
        <testsuite name="App\Tests\Functional\Controller\AccountFundingControllerTest::testFund" tests="3" assertions="13" errors="0" warnings="0" failures="0" skipped="0" time="2.325207">
          <testcase name="testFund with data set &quot;success&quot;" class="App\Tests\Functional\Controller\AccountFundingControllerTest" classname="App.Tests.Functional.Controller.AccountFundingControllerTest" file="/app/tests/Functional/Controller/AccountFundingControllerTest.php" line="47" assertions="5" time="1.079609"/>
          <testcase name="testFund with data set &quot;missing data&quot;" class="App\Tests\Functional\Controller\AccountFundingControllerTest" classname="App.Tests.Functional.Controller.AccountFundingControllerTest" file="/app/tests/Functional/Controller/AccountFundingControllerTest.php" line="47" assertions="4" time="0.595828"/>
          <testcase name="testFund with data set &quot;unauthorized &quot;" class="App\Tests\Functional\Controller\AccountFundingControllerTest" classname="App.Tests.Functional.Controller.AccountFundingControllerTest" file="/app/tests/Functional/Controller/AccountFundingControllerTest.php" line="47" assertions="4" time="0.649770"/>
        </testsuite>
      </testsuite>
      <testsuite name="App\Tests\Functional\Controller\AuthorizationControllerTest" file="/app/tests/Functional/Controller/AuthorizationControllerTest.php" tests="7" assertions="23" errors="0" warnings="0" failures="0" skipped="0" time="3.899274">
        <testsuite name="App\Tests\Functional\Controller\AuthorizationControllerTest::testLogin" tests="3" assertions="10" errors="0" warnings="0" failures="0" skipped="0" time="1.687590">
          <testcase name="testLogin with data set &quot;success&quot;" class="App\Tests\Functional\Controller\AuthorizationControllerTest" classname="App.Tests.Functional.Controller.AuthorizationControllerTest" file="/app/tests/Functional/Controller/AuthorizationControllerTest.php" line="54" assertions="3" time="0.602208"/>
          <testcase name="testLogin with data set &quot;wrong password&quot;" class="App\Tests\Functional\Controller\AuthorizationControllerTest" classname="App.Tests.Functional.Controller.AuthorizationControllerTest" file="/app/tests/Functional/Controller/AuthorizationControllerTest.php" line="54" assertions="4" time="0.553014"/>
          <testcase name="testLogin with data set &quot;missing data&quot;" class="App\Tests\Functional\Controller\AuthorizationControllerTest" classname="App.Tests.Functional.Controller.AuthorizationControllerTest" file="/app/tests/Functional/Controller/AuthorizationControllerTest.php" line="54" assertions="3" time="0.532368"/>
        </testsuite>
        <testcase name="testLogout" class="App\Tests\Functional\Controller\AuthorizationControllerTest" classname="App.Tests.Functional.Controller.AuthorizationControllerTest" file="/app/tests/Functional/Controller/AuthorizationControllerTest.php" line="89" assertions="3" time="0.576128"/>
        <testsuite name="App\Tests\Functional\Controller\AuthorizationControllerTest::testRegister1" tests="3" assertions="10" errors="0" warnings="0" failures="0" skipped="0" time="1.635556">
          <testcase name="testRegister1 with data set &quot;success&quot;" class="App\Tests\Functional\Controller\AuthorizationControllerTest" classname="App.Tests.Functional.Controller.AuthorizationControllerTest" file="/app/tests/Functional/Controller/AuthorizationControllerTest.php" line="124" assertions="4" time="0.559931"/>
          <testcase name="testRegister1 with data set &quot;missing data&quot;" class="App\Tests\Functional\Controller\AuthorizationControllerTest" classname="App.Tests.Functional.Controller.AuthorizationControllerTest" file="/app/tests/Functional/Controller/AuthorizationControllerTest.php" line="124" assertions="3" time="0.503658"/>
          <testcase name="testRegister1 with data set &quot;login already in use&quot;" class="App\Tests\Functional\Controller\AuthorizationControllerTest" classname="App.Tests.Functional.Controller.AuthorizationControllerTest" file="/app/tests/Functional/Controller/AuthorizationControllerTest.php" line="124" assertions="3" time="0.571967"/>
        </testsuite>
      </testsuite>
      <testsuite name="App\Tests\Functional\Controller\PlayingControllerTest" file="/app/tests/Functional/Controller/PlayingControllerTest.php" tests="3" assertions="13" errors="0" warnings="0" failures="0" skipped="0" time="1.902525">
        <testsuite name="App\Tests\Functional\Controller\PlayingControllerTest::testSavePlayingTime1" tests="3" assertions="13" errors="0" warnings="0" failures="0" skipped="0" time="1.902525">
          <testcase name="testSavePlayingTime1 with data set &quot;success&quot;" class="App\Tests\Functional\Controller\PlayingControllerTest" classname="App.Tests.Functional.Controller.PlayingControllerTest" file="/app/tests/Functional/Controller/PlayingControllerTest.php" line="51" assertions="5" time="0.648701"/>
          <testcase name="testSavePlayingTime1 with data set &quot;missing data&quot;" class="App\Tests\Functional\Controller\PlayingControllerTest" classname="App.Tests.Functional.Controller.PlayingControllerTest" file="/app/tests/Functional/Controller/PlayingControllerTest.php" line="51" assertions="4" time="0.639341"/>
          <testcase name="testSavePlayingTime1 with data set &quot;unauthorized &quot;" class="App\Tests\Functional\Controller\PlayingControllerTest" classname="App.Tests.Functional.Controller.PlayingControllerTest" file="/app/tests/Functional/Controller/PlayingControllerTest.php" line="51" assertions="4" time="0.614483"/>
        </testsuite>
      </testsuite>
      <testsuite name="App\Tests\Functional\Controller\PurchaseControllerTest" file="/app/tests/Functional/Controller/PurchaseControllerTest.php" tests="7" assertions="34" errors="0" warnings="0" failures="0" skipped="0" time="8.027087">
        <testsuite name="App\Tests\Functional\Controller\PurchaseControllerTest::testPurchase" tests="3" assertions="14" errors="0" warnings="0" failures="0" skipped="0" time="5.411014">
          <testcase name="testPurchase with data set &quot;success&quot;" class="App\Tests\Functional\Controller\PurchaseControllerTest" classname="App.Tests.Functional.Controller.PurchaseControllerTest" file="/app/tests/Functional/Controller/PurchaseControllerTest.php" line="58" assertions="8" time="0.660273"/>
          <testcase name="testPurchase with data set &quot;missing data&quot;" class="App\Tests\Functional\Controller\PurchaseControllerTest" classname="App.Tests.Functional.Controller.PurchaseControllerTest" file="/app/tests/Functional/Controller/PurchaseControllerTest.php" line="58" assertions="3" time="0.618753"/>
          <testcase name="testPurchase with data set &quot;not enough money&quot;" class="App\Tests\Functional\Controller\PurchaseControllerTest" classname="App.Tests.Functional.Controller.PurchaseControllerTest" file="/app/tests/Functional/Controller/PurchaseControllerTest.php" line="58" assertions="3" time="4.131988"/>
        </testsuite>
        <testcase name="testGetPurchasedGamesSuccess" class="App\Tests\Functional\Controller\PurchaseControllerTest" classname="App.Tests.Functional.Controller.PurchaseControllerTest" file="/app/tests/Functional/Controller/PurchaseControllerTest.php" line="124" assertions="10" time="0.706231"/>
        <testsuite name="App\Tests\Functional\Controller\PurchaseControllerTest::testDeletePurchasedGame1" tests="3" assertions="10" errors="0" warnings="0" failures="0" skipped="0" time="1.909843">
          <testcase name="testDeletePurchasedGame1 with data set &quot;success&quot;" class="App\Tests\Functional\Controller\PurchaseControllerTest" classname="App.Tests.Functional.Controller.PurchaseControllerTest" file="/app/tests/Functional/Controller/PurchaseControllerTest.php" line="181" assertions="4" time="0.677426"/>
          <testcase name="testDeletePurchasedGame1 with data set &quot;missing data&quot;" class="App\Tests\Functional\Controller\PurchaseControllerTest" classname="App.Tests.Functional.Controller.PurchaseControllerTest" file="/app/tests/Functional/Controller/PurchaseControllerTest.php" line="181" assertions="3" time="0.614745"/>
          <testcase name="testDeletePurchasedGame1 with data set &quot;unauthorized&quot;" class="App\Tests\Functional\Controller\PurchaseControllerTest" classname="App.Tests.Functional.Controller.PurchaseControllerTest" file="/app/tests/Functional/Controller/PurchaseControllerTest.php" line="181" assertions="3" time="0.617672"/>
        </testsuite>
      </testsuite>
      <testsuite name="App\Tests\Functional\Controller\UserInfoControllerTest" file="/app/tests/Functional/Controller/UserInfoControllerTest.php" tests="1" assertions="15" errors="0" warnings="0" failures="0" skipped="0" time="0.570396">
        <testcase name="testGetUserInfoSuccess" class="App\Tests\Functional\Controller\UserInfoControllerTest" classname="App.Tests.Functional.Controller.UserInfoControllerTest" file="/app/tests/Functional/Controller/UserInfoControllerTest.php" line="39" assertions="15" time="0.570396"/>
      </testsuite>
      <testsuite name="App\Tests\Functional\Repository\UserRepositoryTest" file="/app/tests/Functional/Repository/UserRepositoryTest.php" tests="2" assertions="2" errors="0" warnings="0" failures="0" skipped="0" time="0.946639">
        <testcase name="testUpgradePasswordSuccess" class="App\Tests\Functional\Repository\UserRepositoryTest" classname="App.Tests.Functional.Repository.UserRepositoryTest" file="/app/tests/Functional/Repository/UserRepositoryTest.php" line="31" assertions="1" time="0.469614"/>
        <testcase name="testUpgradePasswordNotSupported" class="App\Tests\Functional\Repository\UserRepositoryTest" classname="App.Tests.Functional.Repository.UserRepositoryTest" file="/app/tests/Functional/Repository/UserRepositoryTest.php" line="51" assertions="1" time="0.477025"/>
      </testsuite>
      <testsuite name="App\Tests\Unit\Entity\GameTest" file="/app/tests/Unit/Entity/GameTest.php" tests="2" assertions="10" errors="0" warnings="0" failures="0" skipped="0" time="0.002542">
        <testcase name="testCreateEmptyGameEntity" class="App\Tests\Unit\Entity\GameTest" classname="App.Tests.Unit.Entity.GameTest" file="/app/tests/Unit/Entity/GameTest.php" line="11" assertions="4" time="0.001089"/>
        <testcase name="testCreateNotEmptyGameEntity" class="App\Tests\Unit\Entity\GameTest" classname="App.Tests.Unit.Entity.GameTest" file="/app/tests/Unit/Entity/GameTest.php" line="21" assertions="6" time="0.001453"/>
      </testsuite>
      <testsuite name="App\Tests\Unit\Entity\PurchasedGameTest" file="/app/tests/Unit/Entity/PurchasedGameTest.php" tests="2" assertions="7" errors="0" warnings="0" failures="0" skipped="0" time="0.002334">
        <testcase name="testCreateEmptyPurchasedGame" class="App\Tests\Unit\Entity\PurchasedGameTest" classname="App.Tests.Unit.Entity.PurchasedGameTest" file="/app/tests/Unit/Entity/PurchasedGameTest.php" line="12" assertions="4" time="0.001088"/>
        <testcase name="testCreateNotEmptyPurchasedGame" class="App\Tests\Unit\Entity\PurchasedGameTest" classname="App.Tests.Unit.Entity.PurchasedGameTest" file="/app/tests/Unit/Entity/PurchasedGameTest.php" line="22" assertions="3" time="0.001246"/>
      </testsuite>
      <testsuite name="App\Tests\Unit\Entity\UserTest" file="/app/tests/Unit/Entity/UserTest.php" tests="8" assertions="30" errors="0" warnings="0" failures="0" skipped="0" time="0.017582">
        <testcase name="testCreateEmptyUserEntity" class="App\Tests\Unit\Entity\UserTest" classname="App.Tests.Unit.Entity.UserTest" file="/app/tests/Unit/Entity/UserTest.php" line="30" assertions="6" time="0.001427"/>
        <testcase name="testCreateNotEmptyUserEntity" class="App\Tests\Unit\Entity\UserTest" classname="App.Tests.Unit.Entity.UserTest" file="/app/tests/Unit/Entity/UserTest.php" line="41" assertions="12" time="0.006824"/>
        <testsuite name="App\Tests\Unit\Entity\UserTest::testValidateLogin" tests="3" assertions="6" errors="0" warnings="0" failures="0" skipped="0" time="0.006392">
          <testcase name="testValidateLogin with data set &quot;smallLogin&quot;" class="App\Tests\Unit\Entity\UserTest" classname="App.Tests.Unit.Entity.UserTest" file="/app/tests/Unit/Entity/UserTest.php" line="77" assertions="2" time="0.004575"/>
          <testcase name="testValidateLogin with data set &quot;bigLogin&quot;" class="App\Tests\Unit\Entity\UserTest" classname="App.Tests.Unit.Entity.UserTest" file="/app/tests/Unit/Entity/UserTest.php" line="77" assertions="2" time="0.000889"/>
          <testcase name="testValidateLogin with data set &quot;loginWithInvalidCharacters&quot;" class="App\Tests\Unit\Entity\UserTest" classname="App.Tests.Unit.Entity.UserTest" file="/app/tests/Unit/Entity/UserTest.php" line="77" assertions="2" time="0.000928"/>
        </testsuite>
        <testsuite name="App\Tests\Unit\Entity\UserTest::testValidateNickname" tests="3" assertions="6" errors="0" warnings="0" failures="0" skipped="0" time="0.002939">
          <testcase name="testValidateNickname with data set &quot;smallNickname&quot;" class="App\Tests\Unit\Entity\UserTest" classname="App.Tests.Unit.Entity.UserTest" file="/app/tests/Unit/Entity/UserTest.php" line="99" assertions="2" time="0.001052"/>
          <testcase name="testValidateNickname with data set &quot;bigNickname&quot;" class="App\Tests\Unit\Entity\UserTest" classname="App.Tests.Unit.Entity.UserTest" file="/app/tests/Unit/Entity/UserTest.php" line="99" assertions="2" time="0.000919"/>
          <testcase name="testValidateNickname with data set &quot;NicknameWithInvalidCharacters&quot;" class="App\Tests\Unit\Entity\UserTest" classname="App.Tests.Unit.Entity.UserTest" file="/app/tests/Unit/Entity/UserTest.php" line="99" assertions="2" time="0.000967"/>
        </testsuite>
      </testsuite>
      <testsuite name="App\Tests\Unit\Security\ApiTokenFailureHandlerTest" file="/app/tests/Unit/Security/ApiTokenFailureHandlerTest.php" tests="1" assertions="1" errors="0" warnings="0" failures="0" skipped="0" time="0.007941">
        <testcase name="testOnAuthenticationFailure" class="App\Tests\Unit\Security\ApiTokenFailureHandlerTest" classname="App.Tests.Unit.Security.ApiTokenFailureHandlerTest" file="/app/tests/Unit/Security/ApiTokenFailureHandlerTest.php" line="14" assertions="1" time="0.007941"/>
      </testsuite>
      <testsuite name="App\Tests\Unit\Security\ApiTokenHandlerTest" file="/app/tests/Unit/Security/ApiTokenHandlerTest.php" tests="3" assertions="11" errors="0" warnings="0" failures="0" skipped="0" time="0.097317">
        <testsuite name="App\Tests\Unit\Security\ApiTokenHandlerTest::testGetUserBadgeFrom" tests="3" assertions="11" errors="0" warnings="0" failures="0" skipped="0" time="0.097317">
          <testcase name="testGetUserBadgeFrom with data set &quot;success&quot;" class="App\Tests\Unit\Security\ApiTokenHandlerTest" classname="App.Tests.Unit.Security.ApiTokenHandlerTest" file="/app/tests/Unit/Security/ApiTokenHandlerTest.php" line="41" assertions="4" time="0.083726"/>
          <testcase name="testGetUserBadgeFrom with data set &quot;bad credentials&quot;" class="App\Tests\Unit\Security\ApiTokenHandlerTest" classname="App.Tests.Unit.Security.ApiTokenHandlerTest" file="/app/tests/Unit/Security/ApiTokenHandlerTest.php" line="41" assertions="3" time="0.007136"/>
          <testcase name="testGetUserBadgeFrom with data set &quot;expired token&quot;" class="App\Tests\Unit\Security\ApiTokenHandlerTest" classname="App.Tests.Unit.Security.ApiTokenHandlerTest" file="/app/tests/Unit/Security/ApiTokenHandlerTest.php" line="41" assertions="4" time="0.006455"/>
        </testsuite>
      </testsuite>
      <testsuite name="App\Tests\Unit\Service\AccountFundingServiceTest" file="/app/tests/Unit/Service/AccountFundingServiceTest.php" tests="1" assertions="2" errors="0" warnings="0" failures="0" skipped="0" time="0.004355">
        <testcase name="testFund" class="App\Tests\Unit\Service\AccountFundingServiceTest" classname="App.Tests.Unit.Service.AccountFundingServiceTest" file="/app/tests/Unit/Service/AccountFundingServiceTest.php" line="26" assertions="2" time="0.004355"/>
      </testsuite>
      <testsuite name="App\Tests\Unit\Service\AuthorizationServiceTest" file="/app/tests/Unit/Service/AuthorizationServiceTest.php" tests="11" assertions="29" errors="0" warnings="0" failures="0" skipped="0" time="0.046733">
        <testsuite name="App\Tests\Unit\Service\AuthorizationServiceTest::testLogin" tests="2" assertions="7" errors="0" warnings="0" failures="0" skipped="0" time="0.014542">
          <testcase name="testLogin with data set &quot;success&quot;" class="App\Tests\Unit\Service\AuthorizationServiceTest" classname="App.Tests.Unit.Service.AuthorizationServiceTest" file="/app/tests/Unit/Service/AuthorizationServiceTest.php" line="85" assertions="4" time="0.008731"/>
          <testcase name="testLogin with data set &quot;wrong password&quot;" class="App\Tests\Unit\Service\AuthorizationServiceTest" classname="App.Tests.Unit.Service.AuthorizationServiceTest" file="/app/tests/Unit/Service/AuthorizationServiceTest.php" line="85" assertions="3" time="0.005811"/>
        </testsuite>
        <testcase name="testRegisterSuccess" class="App\Tests\Unit\Service\AuthorizationServiceTest" classname="App.Tests.Unit.Service.AuthorizationServiceTest" file="/app/tests/Unit/Service/AuthorizationServiceTest.php" line="119" assertions="3" time="0.003239"/>
        <testsuite name="App\Tests\Unit\Service\AuthorizationServiceTest::testLogout" tests="2" assertions="8" errors="0" warnings="0" failures="0" skipped="0" time="0.009367">
          <testcase name="testLogout with data set &quot;success&quot;" class="App\Tests\Unit\Service\AuthorizationServiceTest" classname="App.Tests.Unit.Service.AuthorizationServiceTest" file="/app/tests/Unit/Service/AuthorizationServiceTest.php" line="135" assertions="4" time="0.003560"/>
          <testcase name="testLogout with data set &quot;user already unauthorized&quot;" class="App\Tests\Unit\Service\AuthorizationServiceTest" classname="App.Tests.Unit.Service.AuthorizationServiceTest" file="/app/tests/Unit/Service/AuthorizationServiceTest.php" line="135" assertions="4" time="0.005807"/>
        </testsuite>
        <testsuite name="App\Tests\Unit\Service\AuthorizationServiceTest::testValidatePassword" tests="6" assertions="11" errors="0" warnings="0" failures="0" skipped="0" time="0.019583">
          <testcase name="testValidatePassword with data set &quot;validPassword&quot;" class="App\Tests\Unit\Service\AuthorizationServiceTest" classname="App.Tests.Unit.Service.AuthorizationServiceTest" file="/app/tests/Unit/Service/AuthorizationServiceTest.php" line="166" assertions="1" time="0.002255"/>
          <testcase name="testValidatePassword with data set &quot;tooSmallPassword&quot;" class="App\Tests\Unit\Service\AuthorizationServiceTest" classname="App.Tests.Unit.Service.AuthorizationServiceTest" file="/app/tests/Unit/Service/AuthorizationServiceTest.php" line="166" assertions="2" time="0.004756"/>
          <testcase name="testValidatePassword with data set &quot;tooBigPassword&quot;" class="App\Tests\Unit\Service\AuthorizationServiceTest" classname="App.Tests.Unit.Service.AuthorizationServiceTest" file="/app/tests/Unit/Service/AuthorizationServiceTest.php" line="166" assertions="2" time="0.002564"/>
          <testcase name="testValidatePassword with data set &quot;passwordWithInvalidSymbols&quot;" class="App\Tests\Unit\Service\AuthorizationServiceTest" classname="App.Tests.Unit.Service.AuthorizationServiceTest" file="/app/tests/Unit/Service/AuthorizationServiceTest.php" line="166" assertions="2" time="0.004010"/>
          <testcase name="testValidatePassword with data set &quot;passwordWithoutDigits&quot;" class="App\Tests\Unit\Service\AuthorizationServiceTest" classname="App.Tests.Unit.Service.AuthorizationServiceTest" file="/app/tests/Unit/Service/AuthorizationServiceTest.php" line="166" assertions="2" time="0.002267"/>
          <testcase name="testValidatePassword with data set &quot;passwordWithoutSymbols&quot;" class="App\Tests\Unit\Service\AuthorizationServiceTest" classname="App.Tests.Unit.Service.AuthorizationServiceTest" file="/app/tests/Unit/Service/AuthorizationServiceTest.php" line="166" assertions="2" time="0.003731"/>
        </testsuite>
      </testsuite>
      <testsuite name="App\Tests\Unit\Service\GetEntitiesServiceTest" file="/app/tests/Unit/Service/GetEntitiesServiceTest.php" tests="6" assertions="23" errors="0" warnings="0" failures="0" skipped="0" time="0.045953">
        <testsuite name="App\Tests\Unit\Service\GetEntitiesServiceTest::testGetUserByLogin" tests="2" assertions="9" errors="0" warnings="0" failures="0" skipped="0" time="0.008894">
          <testcase name="testGetUserByLogin with data set &quot;success&quot;" class="App\Tests\Unit\Service\GetEntitiesServiceTest" classname="App.Tests.Unit.Service.GetEntitiesServiceTest" file="/app/tests/Unit/Service/GetEntitiesServiceTest.php" line="66" assertions="5" time="0.004594"/>
          <testcase name="testGetUserByLogin with data set &quot;user not found&quot;" class="App\Tests\Unit\Service\GetEntitiesServiceTest" classname="App.Tests.Unit.Service.GetEntitiesServiceTest" file="/app/tests/Unit/Service/GetEntitiesServiceTest.php" line="66" assertions="4" time="0.004301"/>
        </testsuite>
        <testsuite name="App\Tests\Unit\Service\GetEntitiesServiceTest::testGetGameById" tests="2" assertions="7" errors="0" warnings="0" failures="0" skipped="0" time="0.019819">
          <testcase name="testGetGameById with data set &quot;success&quot;" class="App\Tests\Unit\Service\GetEntitiesServiceTest" classname="App.Tests.Unit.Service.GetEntitiesServiceTest" file="/app/tests/Unit/Service/GetEntitiesServiceTest.php" line="95" assertions="3" time="0.013065"/>
          <testcase name="testGetGameById with data set &quot;game not found&quot;" class="App\Tests\Unit\Service\GetEntitiesServiceTest" classname="App.Tests.Unit.Service.GetEntitiesServiceTest" file="/app/tests/Unit/Service/GetEntitiesServiceTest.php" line="95" assertions="4" time="0.006754"/>
        </testsuite>
        <testsuite name="App\Tests\Unit\Service\GetEntitiesServiceTest::testGetPurchasedGameByGameAndUser" tests="2" assertions="7" errors="0" warnings="0" failures="0" skipped="0" time="0.017239">
          <testcase name="testGetPurchasedGameByGameAndUser with data set &quot;success&quot;" class="App\Tests\Unit\Service\GetEntitiesServiceTest" classname="App.Tests.Unit.Service.GetEntitiesServiceTest" file="/app/tests/Unit/Service/GetEntitiesServiceTest.php" line="122" assertions="3" time="0.011892"/>
          <testcase name="testGetPurchasedGameByGameAndUser with data set &quot;game not found&quot;" class="App\Tests\Unit\Service\GetEntitiesServiceTest" classname="App.Tests.Unit.Service.GetEntitiesServiceTest" file="/app/tests/Unit/Service/GetEntitiesServiceTest.php" line="122" assertions="4" time="0.005348"/>
        </testsuite>
      </testsuite>
      <testsuite name="App\Tests\Unit\Service\PlayingServiceTest" file="/app/tests/Unit/Service/PlayingServiceTest.php" tests="1" assertions="2" errors="0" warnings="0" failures="0" skipped="0" time="0.004851">
        <testcase name="testSavePlayingTime" class="App\Tests\Unit\Service\PlayingServiceTest" classname="App.Tests.Unit.Service.PlayingServiceTest" file="/app/tests/Unit/Service/PlayingServiceTest.php" line="28" assertions="2" time="0.004851"/>
      </testsuite>
      <testsuite name="App\Tests\Unit\Service\PurchaseServiceTest" file="/app/tests/Unit/Service/PurchaseServiceTest.php" tests="4" assertions="23" errors="0" warnings="0" failures="0" skipped="0" time="0.024849">
        <testsuite name="App\Tests\Unit\Service\PurchaseServiceTest::testPurchase" tests="3" assertions="12" errors="0" warnings="0" failures="0" skipped="0" time="0.021622">
          <testcase name="testPurchase with data set &quot;success&quot;" class="App\Tests\Unit\Service\PurchaseServiceTest" classname="App.Tests.Unit.Service.PurchaseServiceTest" file="/app/tests/Unit/Service/PurchaseServiceTest.php" line="61" assertions="4" time="0.008733"/>
          <testcase name="testPurchase with data set &quot;not enough money&quot;" class="App\Tests\Unit\Service\PurchaseServiceTest" classname="App.Tests.Unit.Service.PurchaseServiceTest" file="/app/tests/Unit/Service/PurchaseServiceTest.php" line="61" assertions="4" time="0.005902"/>
          <testcase name="testPurchase with data set &quot;game already purchased&quot;" class="App\Tests\Unit\Service\PurchaseServiceTest" classname="App.Tests.Unit.Service.PurchaseServiceTest" file="/app/tests/Unit/Service/PurchaseServiceTest.php" line="61" assertions="4" time="0.006987"/>
        </testsuite>
        <testcase name="testGetPurchasedGamesSuccess" class="App\Tests\Unit\Service\PurchaseServiceTest" classname="App.Tests.Unit.Service.PurchaseServiceTest" file="/app/tests/Unit/Service/PurchaseServiceTest.php" line="101" assertions="11" time="0.003227"/>
      </testsuite>
      <testsuite name="App\Tests\Unit\Service\UserInfoServiceTest" file="/app/tests/Unit/Service/UserInfoServiceTest.php" tests="1" assertions="17" errors="0" warnings="0" failures="0" skipped="0" time="0.006747">
        <testcase name="testGetUserInfo" class="App\Tests\Unit\Service\UserInfoServiceTest" classname="App.Tests.Unit.Service.UserInfoServiceTest" file="/app/tests/Unit/Service/UserInfoServiceTest.php" line="22" assertions="17" time="0.006747"/>
      </testsuite>
    </testsuite>
  </testsuite>
</testsuites>
